#
# There is insufficient memory for the Java Runtime Environment to continue.
# Native memory allocation (malloc) failed to allocate 1059536 bytes for Chunk::new
# Possible reasons:
#   The system is out of physical RAM or swap space
#   The process is running with CompressedOops enabled, and the Java Heap may be blocking the growth of the native heap
# Possible solutions:
#   Reduce memory load on the system
#   Increase physical memory or swap space
#   Check if swap backing store is full
#   Decrease Java heap size (-Xmx/-Xms)
#   Decrease number of Java threads
#   Decrease Java thread stack sizes (-Xss)
#   Set larger code cache with -XX:ReservedCodeCacheSize=
#   JVM is running with Unscaled Compressed Oops mode in which the Java heap is
#     placed in the first 4GB address space. The Java Heap base address is the
#     maximum limit for the native heap growth. Please use -XX:HeapBaseMinAddress
#     to set the Java Heap base and to place the Java Heap above 4GB virtual address.
# This output file may be truncated or incomplete.
#
#  Out of Memory Error (arena.cpp:189), pid=16984, tid=15836
#
# JRE version: Java(TM) SE Runtime Environment (17.0.12+8) (build 17.0.12+8-LTS-286)
# Java VM: Java HotSpot(TM) 64-Bit Server VM (17.0.12+8-LTS-286, mixed mode, sharing, tiered, compressed oops, compressed class ptrs, g1 gc, windows-amd64)
# No core dump will be written. Minidumps are not enabled by default on client versions of Windows
#

---------------  S U M M A R Y ------------

Command Line: org.jetbrains.kotlin.cli.jvm.K2JVMCompiler @C:\Users\Lenovo\Desktop\1\mobile boilerplate\node_modules\react-native-gesture-handler\android\build\20251202_12567771492760105655.compiler.options

Host: 11th Gen Intel(R) Core(TM) i5-1135G7 @ 2.40GHz, 8 cores, 7G,  Windows 10 , 64 bit Build 19041 (10.0.19041.5915)
Time: Tue Dec  2 17:46:00 2025 Morocco Daylight Time elapsed time: 17.306258 seconds (0d 0h 0m 17s)

---------------  T H R E A D  ---------------

Current thread (0x000002922056c1d0):  JavaThread "C2 CompilerThread0" daemon [_thread_in_native, id=15836, stack(0x000000f22de00000,0x000000f22df00000)]


Current CompileTask:
C2:  17306 9642       4       org.jetbrains.kotlin.storage.LockBasedLazyResolveStorageManager$LockProtectedTrace::record (31 bytes)

Stack: [0x000000f22de00000,0x000000f22df00000]
Native frames: (J=compiled Java code, j=interpreted, Vv=VM code, C=native code)
V  [jvm.dll+0x67a04a]
V  [jvm.dll+0x7da4ed]
V  [jvm.dll+0x7dbe33]
V  [jvm.dll+0x7dc4a3]
V  [jvm.dll+0x24508f]
V  [jvm.dll+0xab773]
V  [jvm.dll+0xabd3c]
V  [jvm.dll+0x361bee]
V  [jvm.dll+0x32c431]
V  [jvm.dll+0x32b8ca]
V  [jvm.dll+0x21683f]
V  [jvm.dll+0x215c6f]
V  [jvm.dll+0x1a2960]
V  [jvm.dll+0x22610b]
V  [jvm.dll+0x2242ab]
V  [jvm.dll+0x79075c]
V  [jvm.dll+0x78abea]
V  [jvm.dll+0x678f35]
C  [ucrtbase.dll+0x21bb2]
C  [KERNEL32.DLL+0x17374]
C  [ntdll.dll+0x4cc91]


---------------  P R O C E S S  ---------------

Threads class SMR info:
_java_thread_list=0x000002926841bb40, length=13, elements={
0x00000292024ab560, 0x000002922054f1e0, 0x000002922054fda0, 0x00000292205654d0,
0x0000029220566090, 0x000002922056aa70, 0x000002922056b430, 0x000002922056c1d0,
0x000002922056cc80, 0x0000029220575690, 0x00000292207b1150, 0x00000292207b6910,
0x00000292677f9cb0
}

Java Threads: ( => current thread )
  0x00000292024ab560 JavaThread "main" [_thread_in_Java, id=13632, stack(0x000000f22d100000,0x000000f22d200000)]
  0x000002922054f1e0 JavaThread "Reference Handler" daemon [_thread_blocked, id=2144, stack(0x000000f22d800000,0x000000f22d900000)]
  0x000002922054fda0 JavaThread "Finalizer" daemon [_thread_blocked, id=11604, stack(0x000000f22d900000,0x000000f22da00000)]
  0x00000292205654d0 JavaThread "Signal Dispatcher" daemon [_thread_blocked, id=6864, stack(0x000000f22da00000,0x000000f22db00000)]
  0x0000029220566090 JavaThread "Attach Listener" daemon [_thread_blocked, id=10528, stack(0x000000f22db00000,0x000000f22dc00000)]
  0x000002922056aa70 JavaThread "Service Thread" daemon [_thread_blocked, id=7016, stack(0x000000f22dc00000,0x000000f22dd00000)]
  0x000002922056b430 JavaThread "Monitor Deflation Thread" daemon [_thread_blocked, id=10492, stack(0x000000f22dd00000,0x000000f22de00000)]
=>0x000002922056c1d0 JavaThread "C2 CompilerThread0" daemon [_thread_in_native, id=15836, stack(0x000000f22de00000,0x000000f22df00000)]
  0x000002922056cc80 JavaThread "C1 CompilerThread0" daemon [_thread_in_native, id=4772, stack(0x000000f22df00000,0x000000f22e000000)]
  0x0000029220575690 JavaThread "Sweeper thread" daemon [_thread_blocked, id=948, stack(0x000000f22e000000,0x000000f22e100000)]
  0x00000292207b1150 JavaThread "Notification Thread" daemon [_thread_blocked, id=15152, stack(0x000000f22e100000,0x000000f22e200000)]
  0x00000292207b6910 JavaThread "Common-Cleaner" daemon [_thread_blocked, id=3324, stack(0x000000f22e300000,0x000000f22e400000)]
  0x00000292677f9cb0 JavaThread "C2 CompilerThread1" daemon [_thread_in_native, id=11648, stack(0x000000f22e900000,0x000000f22ea00000)]

Other Threads:
  0x000002922054a730 VMThread "VM Thread" [stack: 0x000000f22d700000,0x000000f22d800000] [id=13268]
  0x00000292207b5640 WatcherThread [stack: 0x000000f22e200000,0x000000f22e300000] [id=17916]
  0x0000029202504770 GCTaskThread "GC Thread#0" [stack: 0x000000f22d200000,0x000000f22d300000] [id=15436]
  0x00000292661cd480 GCTaskThread "GC Thread#1" [stack: 0x000000f22e400000,0x000000f22e500000] [id=16644]
  0x00000292661cd740 GCTaskThread "GC Thread#2" [stack: 0x000000f22e500000,0x000000f22e600000] [id=7564]
  0x000002926620cd60 GCTaskThread "GC Thread#3" [stack: 0x000000f22e600000,0x000000f22e700000] [id=9776]
  0x000002926620d020 GCTaskThread "GC Thread#4" [stack: 0x000000f22e700000,0x000000f22e800000] [id=6948]
  0x000002926620d2e0 GCTaskThread "GC Thread#5" [stack: 0x000000f22e800000,0x000000f22e900000] [id=9596]
  0x0000029266b1ecd0 GCTaskThread "GC Thread#6" [stack: 0x000000f22eb00000,0x000000f22ec00000] [id=12500]
  0x00000292667c3b50 GCTaskThread "GC Thread#7" [stack: 0x000000f22ec00000,0x000000f22ed00000] [id=10128]
  0x0000029202515000 ConcurrentGCThread "G1 Main Marker" [stack: 0x000000f22d300000,0x000000f22d400000] [id=16272]
  0x0000029202516a20 ConcurrentGCThread "G1 Conc#0" [stack: 0x000000f22d400000,0x000000f22d500000] [id=5320]
  0x000002926666d960 ConcurrentGCThread "G1 Conc#1" [stack: 0x000000f22ed00000,0x000000f22ee00000] [id=7544]
  0x000002920257d210 ConcurrentGCThread "G1 Refine#0" [stack: 0x000000f22d500000,0x000000f22d600000] [id=2656]
  0x0000029266ce4ab0 ConcurrentGCThread "G1 Refine#1" [stack: 0x000000f22ea00000,0x000000f22eb00000] [id=17316]
  0x0000029266ce2d50 ConcurrentGCThread "G1 Refine#2" [stack: 0x000000f22ee00000,0x000000f22ef00000] [id=7632]
  0x000002920257dc40 ConcurrentGCThread "G1 Service" [stack: 0x000000f22d600000,0x000000f22d700000] [id=14636]

Threads with active compile tasks:
C2 CompilerThread0    17334 9642       4       org.jetbrains.kotlin.storage.LockBasedLazyResolveStorageManager$LockProtectedTrace::record (31 bytes)
C1 CompilerThread0    17334 9721       3       org.jetbrains.kotlin.com.intellij.psi.impl.DebugUtil::beginPsiModification (78 bytes)
C2 CompilerThread1    17334 9695       4       org.jetbrains.kotlin.name.FqNameUnsafe$1::invoke (9 bytes)

VM state: not at safepoint (normal execution)

VM Mutex/Monitor currently owned by a thread: None

Heap address: 0x0000000083600000, size: 1994 MB, Compressed Oops mode: 32-bit

CDS archive(s) mapped at: [0x0000029221000000-0x0000029221bd0000-0x0000029221bd0000), size 12386304, SharedBaseAddress: 0x0000029221000000, ArchiveRelocationMode: 1.
Compressed class space mapped at: 0x0000029222000000-0x0000029262000000, reserved size: 1073741824
Narrow klass base: 0x0000029221000000, Narrow klass shift: 0, Narrow klass range: 0x100000000

GC Precious Log:
 CPUs: 8 total, 8 available
 Memory: 7975M
 Large Page Support: Disabled
 NUMA Support: Disabled
 Compressed Oops: Enabled (32-bit)
 Heap Region Size: 1M
 Heap Min Capacity: 8M
 Heap Initial Capacity: 126M
 Heap Max Capacity: 1994M
 Pre-touch: Disabled
 Parallel Workers: 8
 Concurrent Workers: 2
 Concurrent Refinement Workers: 8
 Periodic GC: Disabled

Heap:
 garbage-first heap   total 145408K, used 74240K [0x0000000083600000, 0x0000000100000000)
  region size 1024K, 25 young (25600K), 6 survivors (6144K)
 Metaspace       used 52903K, committed 53184K, reserved 1114112K
  class space    used 6130K, committed 6272K, reserved 1048576K

Heap Regions: E=young(eden), S=young(survivor), O=old, HS=humongous(starts), HC=humongous(continues), CS=collection set, F=free, OA=open archive, CA=closed archive, TAMS=top-at-mark-start (previous, next)
|   0|0x0000000083600000, 0x0000000083700000, 0x0000000083700000|100%|HS|  |TAMS 0x0000000083700000, 0x0000000083600000| Complete 
|   1|0x0000000083700000, 0x0000000083800000, 0x0000000083800000|100%|HC|  |TAMS 0x0000000083800000, 0x0000000083700000| Complete 
|   2|0x0000000083800000, 0x0000000083900000, 0x0000000083900000|100%|HC|  |TAMS 0x0000000083900000, 0x0000000083800000| Complete 
|   3|0x0000000083900000, 0x0000000083a00000, 0x0000000083a00000|100%|HC|  |TAMS 0x0000000083a00000, 0x0000000083900000| Complete 
|   4|0x0000000083a00000, 0x0000000083b00000, 0x0000000083b00000|100%| O|  |TAMS 0x0000000083b00000, 0x0000000083a00000| Untracked 
|   5|0x0000000083b00000, 0x0000000083c00000, 0x0000000083c00000|100%| O|  |TAMS 0x0000000083c00000, 0x0000000083b00000| Untracked 
|   6|0x0000000083c00000, 0x0000000083d00000, 0x0000000083d00000|100%| O|  |TAMS 0x0000000083d00000, 0x0000000083c00000| Untracked 
|   7|0x0000000083d00000, 0x0000000083e00000, 0x0000000083e00000|100%| O|  |TAMS 0x0000000083e00000, 0x0000000083d00000| Untracked 
|   8|0x0000000083e00000, 0x0000000083f00000, 0x0000000083f00000|100%| O|  |TAMS 0x0000000083e00000, 0x0000000083e00000| Untracked 
|   9|0x0000000083f00000, 0x0000000084000000, 0x0000000084000000|100%| O|  |TAMS 0x0000000084000000, 0x0000000083f00000| Untracked 
|  10|0x0000000084000000, 0x0000000084100000, 0x0000000084100000|100%| O|  |TAMS 0x0000000084100000, 0x0000000084000000| Untracked 
|  11|0x0000000084100000, 0x0000000084200000, 0x0000000084200000|100%| O|  |TAMS 0x0000000084200000, 0x0000000084100000| Untracked 
|  12|0x0000000084200000, 0x0000000084300000, 0x0000000084300000|100%| O|  |TAMS 0x0000000084300000, 0x0000000084200000| Untracked 
|  13|0x0000000084300000, 0x0000000084400000, 0x0000000084400000|100%| O|  |TAMS 0x0000000084400000, 0x0000000084300000| Untracked 
|  14|0x0000000084400000, 0x0000000084500000, 0x0000000084500000|100%| O|  |TAMS 0x0000000084500000, 0x0000000084400000| Untracked 
|  15|0x0000000084500000, 0x0000000084600000, 0x0000000084600000|100%| O|  |TAMS 0x0000000084600000, 0x0000000084500000| Untracked 
|  16|0x0000000084600000, 0x0000000084700000, 0x0000000084700000|100%| O|  |TAMS 0x0000000084700000, 0x0000000084600000| Untracked 
|  17|0x0000000084700000, 0x0000000084800000, 0x0000000084800000|100%| O|  |TAMS 0x0000000084700000, 0x0000000084700000| Untracked 
|  18|0x0000000084800000, 0x0000000084900000, 0x0000000084900000|100%| O|  |TAMS 0x0000000084880000, 0x0000000084800000| Untracked 
|  19|0x0000000084900000, 0x0000000084a00000, 0x0000000084a00000|100%|HS|  |TAMS 0x0000000084900000, 0x0000000084900000| Complete 
|  20|0x0000000084a00000, 0x0000000084b00000, 0x0000000084b00000|100%|HC|  |TAMS 0x0000000084a00000, 0x0000000084a00000| Complete 
|  21|0x0000000084b00000, 0x0000000084c00000, 0x0000000084c00000|100%| O|  |TAMS 0x0000000084b00000, 0x0000000084b00000| Untracked 
|  22|0x0000000084c00000, 0x0000000084d00000, 0x0000000084d00000|100%| O|  |TAMS 0x0000000084c00000, 0x0000000084c00000| Untracked 
|  23|0x0000000084d00000, 0x0000000084e00000, 0x0000000084e00000|100%| O|  |TAMS 0x0000000084d00000, 0x0000000084d00000| Untracked 
|  24|0x0000000084e00000, 0x0000000084f00000, 0x0000000084f00000|100%| O|  |TAMS 0x0000000084e00000, 0x0000000084e00000| Untracked 
|  25|0x0000000084f00000, 0x0000000085000000, 0x0000000085000000|100%| O|  |TAMS 0x0000000084f00000, 0x0000000084f00000| Untracked 
|  26|0x0000000085000000, 0x0000000085100000, 0x0000000085100000|100%| O|  |TAMS 0x0000000085000000, 0x0000000085000000| Untracked 
|  27|0x0000000085100000, 0x0000000085200000, 0x0000000085200000|100%| O|  |TAMS 0x0000000085100000, 0x0000000085100000| Untracked 
|  28|0x0000000085200000, 0x0000000085300000, 0x0000000085300000|100%| O|  |TAMS 0x0000000085200000, 0x0000000085200000| Untracked 
|  29|0x0000000085300000, 0x0000000085400000, 0x0000000085400000|100%| O|  |TAMS 0x0000000085300000, 0x0000000085300000| Untracked 
|  30|0x0000000085400000, 0x0000000085500000, 0x0000000085500000|100%| O|  |TAMS 0x0000000085400000, 0x0000000085400000| Untracked 
|  31|0x0000000085500000, 0x0000000085600000, 0x0000000085600000|100%| O|  |TAMS 0x0000000085500000, 0x0000000085500000| Untracked 
|  32|0x0000000085600000, 0x0000000085700000, 0x0000000085700000|100%| O|  |TAMS 0x0000000085600000, 0x0000000085600000| Untracked 
|  33|0x0000000085700000, 0x0000000085800000, 0x0000000085800000|100%| O|  |TAMS 0x0000000085700000, 0x0000000085700000| Untracked 
|  34|0x0000000085800000, 0x0000000085900000, 0x0000000085900000|100%| O|  |TAMS 0x0000000085800000, 0x0000000085800000| Untracked 
|  35|0x0000000085900000, 0x0000000085a00000, 0x0000000085a00000|100%| O|  |TAMS 0x0000000085900000, 0x0000000085900000| Untracked 
|  36|0x0000000085a00000, 0x0000000085b00000, 0x0000000085b00000|100%| O|  |TAMS 0x0000000085a00000, 0x0000000085a00000| Untracked 
|  37|0x0000000085b00000, 0x0000000085c00000, 0x0000000085c00000|100%| O|  |TAMS 0x0000000085b00000, 0x0000000085b00000| Untracked 
|  38|0x0000000085c00000, 0x0000000085d00000, 0x0000000085d00000|100%| O|  |TAMS 0x0000000085c00000, 0x0000000085c00000| Untracked 
|  39|0x0000000085d00000, 0x0000000085e00000, 0x0000000085e00000|100%| O|  |TAMS 0x0000000085d00000, 0x0000000085d00000| Untracked 
|  40|0x0000000085e00000, 0x0000000085f00000, 0x0000000085f00000|100%| O|  |TAMS 0x0000000085e00000, 0x0000000085e00000| Untracked 
|  41|0x0000000085f00000, 0x0000000086000000, 0x0000000086000000|100%| O|  |TAMS 0x0000000085f00000, 0x0000000085f00000| Untracked 
|  42|0x0000000086000000, 0x0000000086100000, 0x0000000086100000|100%| O|  |TAMS 0x0000000086000000, 0x0000000086000000| Untracked 
|  43|0x0000000086100000, 0x0000000086200000, 0x0000000086200000|100%| O|  |TAMS 0x0000000086100000, 0x0000000086100000| Untracked 
|  44|0x0000000086200000, 0x0000000086300000, 0x0000000086300000|100%| O|  |TAMS 0x0000000086200000, 0x0000000086200000| Untracked 
|  45|0x0000000086300000, 0x0000000086400000, 0x0000000086400000|100%| O|  |TAMS 0x0000000086300000, 0x0000000086300000| Untracked 
|  46|0x0000000086400000, 0x0000000086500000, 0x0000000086500000|100%| O|  |TAMS 0x0000000086400000, 0x0000000086400000| Untracked 
|  47|0x0000000086500000, 0x0000000086600000, 0x0000000086600000|100%| O|  |TAMS 0x0000000086500000, 0x0000000086500000| Untracked 
|  48|0x0000000086600000, 0x0000000086700000, 0x0000000086700000|100%| O|  |TAMS 0x0000000086600000, 0x0000000086600000| Untracked 
|  49|0x0000000086700000, 0x0000000086700000, 0x0000000086800000|  0%| F|  |TAMS 0x0000000086700000, 0x0000000086700000| Untracked 
|  50|0x0000000086800000, 0x0000000086800000, 0x0000000086900000|  0%| F|  |TAMS 0x0000000086800000, 0x0000000086800000| Untracked 
|  51|0x0000000086900000, 0x0000000086900000, 0x0000000086a00000|  0%| F|  |TAMS 0x0000000086900000, 0x0000000086900000| Untracked 
|  52|0x0000000086a00000, 0x0000000086a00000, 0x0000000086b00000|  0%| F|  |TAMS 0x0000000086a00000, 0x0000000086a00000| Untracked 
|  53|0x0000000086b00000, 0x0000000086b00000, 0x0000000086c00000|  0%| F|  |TAMS 0x0000000086b00000, 0x0000000086b00000| Untracked 
|  54|0x0000000086c00000, 0x0000000086c00000, 0x0000000086d00000|  0%| F|  |TAMS 0x0000000086c00000, 0x0000000086c00000| Untracked 
|  55|0x0000000086d00000, 0x0000000086d00000, 0x0000000086e00000|  0%| F|  |TAMS 0x0000000086d00000, 0x0000000086d00000| Untracked 
|  56|0x0000000086e00000, 0x0000000086e00000, 0x0000000086f00000|  0%| F|  |TAMS 0x0000000086e00000, 0x0000000086e00000| Untracked 
|  57|0x0000000086f00000, 0x0000000086f00000, 0x0000000087000000|  0%| F|  |TAMS 0x0000000086f00000, 0x0000000086f00000| Untracked 
|  58|0x0000000087000000, 0x0000000087000000, 0x0000000087100000|  0%| F|  |TAMS 0x0000000087000000, 0x0000000087000000| Untracked 
|  59|0x0000000087100000, 0x0000000087100000, 0x0000000087200000|  0%| F|  |TAMS 0x0000000087100000, 0x0000000087100000| Untracked 
|  60|0x0000000087200000, 0x0000000087200000, 0x0000000087300000|  0%| F|  |TAMS 0x0000000087200000, 0x0000000087200000| Untracked 
|  61|0x0000000087300000, 0x0000000087300000, 0x0000000087400000|  0%| F|  |TAMS 0x0000000087300000, 0x0000000087300000| Untracked 
|  62|0x0000000087400000, 0x0000000087400000, 0x0000000087500000|  0%| F|  |TAMS 0x0000000087400000, 0x0000000087400000| Untracked 
|  63|0x0000000087500000, 0x0000000087500000, 0x0000000087600000|  0%| F|  |TAMS 0x0000000087500000, 0x0000000087500000| Untracked 
|  64|0x0000000087600000, 0x0000000087600000, 0x0000000087700000|  0%| F|  |TAMS 0x0000000087600000, 0x0000000087600000| Untracked 
|  65|0x0000000087700000, 0x0000000087700000, 0x0000000087800000|  0%| F|  |TAMS 0x0000000087700000, 0x0000000087700000| Untracked 
|  66|0x0000000087800000, 0x0000000087800000, 0x0000000087900000|  0%| F|  |TAMS 0x0000000087800000, 0x0000000087800000| Untracked 
|  67|0x0000000087900000, 0x0000000087900000, 0x0000000087a00000|  0%| F|  |TAMS 0x0000000087900000, 0x0000000087900000| Untracked 
|  68|0x0000000087a00000, 0x0000000087a00000, 0x0000000087b00000|  0%| F|  |TAMS 0x0000000087a00000, 0x0000000087a00000| Untracked 
|  69|0x0000000087b00000, 0x0000000087b00000, 0x0000000087c00000|  0%| F|  |TAMS 0x0000000087b00000, 0x0000000087b00000| Untracked 
|  70|0x0000000087c00000, 0x0000000087c00000, 0x0000000087d00000|  0%| F|  |TAMS 0x0000000087c00000, 0x0000000087c00000| Untracked 
|  71|0x0000000087d00000, 0x0000000087d00000, 0x0000000087e00000|  0%| F|  |TAMS 0x0000000087d00000, 0x0000000087d00000| Untracked 
|  72|0x0000000087e00000, 0x0000000087e00000, 0x0000000087f00000|  0%| F|  |TAMS 0x0000000087e00000, 0x0000000087e00000| Untracked 
|  73|0x0000000087f00000, 0x0000000087f00000, 0x0000000088000000|  0%| F|  |TAMS 0x0000000087f00000, 0x0000000087f00000| Untracked 
|  74|0x0000000088000000, 0x0000000088000000, 0x0000000088100000|  0%| F|  |TAMS 0x0000000088000000, 0x0000000088000000| Untracked 
|  75|0x0000000088100000, 0x0000000088100000, 0x0000000088200000|  0%| F|  |TAMS 0x0000000088100000, 0x0000000088100000| Untracked 
|  76|0x0000000088200000, 0x0000000088200000, 0x0000000088300000|  0%| F|  |TAMS 0x0000000088200000, 0x0000000088200000| Untracked 
|  77|0x0000000088300000, 0x0000000088300000, 0x0000000088400000|  0%| F|  |TAMS 0x0000000088300000, 0x0000000088300000| Untracked 
|  78|0x0000000088400000, 0x0000000088400000, 0x0000000088500000|  0%| F|  |TAMS 0x0000000088400000, 0x0000000088400000| Untracked 
|  79|0x0000000088500000, 0x0000000088500000, 0x0000000088600000|  0%| F|  |TAMS 0x0000000088500000, 0x0000000088500000| Untracked 
|  80|0x0000000088600000, 0x0000000088600000, 0x0000000088700000|  0%| F|  |TAMS 0x0000000088600000, 0x0000000088600000| Untracked 
|  81|0x0000000088700000, 0x0000000088700000, 0x0000000088800000|  0%| F|  |TAMS 0x0000000088700000, 0x0000000088700000| Untracked 
|  82|0x0000000088800000, 0x0000000088800000, 0x0000000088900000|  0%| F|  |TAMS 0x0000000088800000, 0x0000000088800000| Untracked 
|  83|0x0000000088900000, 0x0000000088980000, 0x0000000088a00000| 50%| S|CS|TAMS 0x0000000088900000, 0x0000000088900000| Complete 
|  84|0x0000000088a00000, 0x0000000088b00000, 0x0000000088b00000|100%| S|CS|TAMS 0x0000000088a00000, 0x0000000088a00000| Complete 
|  85|0x0000000088b00000, 0x0000000088c00000, 0x0000000088c00000|100%| S|CS|TAMS 0x0000000088b00000, 0x0000000088b00000| Complete 
|  86|0x0000000088c00000, 0x0000000088d00000, 0x0000000088d00000|100%| S|CS|TAMS 0x0000000088c00000, 0x0000000088c00000| Complete 
|  87|0x0000000088d00000, 0x0000000088e00000, 0x0000000088e00000|100%| S|CS|TAMS 0x0000000088d00000, 0x0000000088d00000| Complete 
|  88|0x0000000088e00000, 0x0000000088f00000, 0x0000000088f00000|100%| S|CS|TAMS 0x0000000088e00000, 0x0000000088e00000| Complete 
|  89|0x0000000088f00000, 0x0000000088f00000, 0x0000000089000000|  0%| F|  |TAMS 0x0000000088f00000, 0x0000000088f00000| Untracked 
|  90|0x0000000089000000, 0x0000000089000000, 0x0000000089100000|  0%| F|  |TAMS 0x0000000089000000, 0x0000000089000000| Untracked 
|  91|0x0000000089100000, 0x0000000089100000, 0x0000000089200000|  0%| F|  |TAMS 0x0000000089100000, 0x0000000089100000| Untracked 
|  92|0x0000000089200000, 0x0000000089200000, 0x0000000089300000|  0%| F|  |TAMS 0x0000000089200000, 0x0000000089200000| Untracked 
|  93|0x0000000089300000, 0x0000000089300000, 0x0000000089400000|  0%| F|  |TAMS 0x0000000089300000, 0x0000000089300000| Untracked 
|  94|0x0000000089400000, 0x0000000089400000, 0x0000000089500000|  0%| F|  |TAMS 0x0000000089400000, 0x0000000089400000| Untracked 
|  95|0x0000000089500000, 0x0000000089500000, 0x0000000089600000|  0%| F|  |TAMS 0x0000000089500000, 0x0000000089500000| Untracked 
|  96|0x0000000089600000, 0x0000000089600000, 0x0000000089700000|  0%| F|  |TAMS 0x0000000089600000, 0x0000000089600000| Untracked 
|  97|0x0000000089700000, 0x0000000089700000, 0x0000000089800000|  0%| F|  |TAMS 0x0000000089700000, 0x0000000089700000| Untracked 
|  98|0x0000000089800000, 0x0000000089800000, 0x0000000089900000|  0%| F|  |TAMS 0x0000000089800000, 0x0000000089800000| Untracked 
|  99|0x0000000089900000, 0x0000000089900000, 0x0000000089a00000|  0%| F|  |TAMS 0x0000000089900000, 0x0000000089900000| Untracked 
| 100|0x0000000089a00000, 0x0000000089a00000, 0x0000000089b00000|  0%| F|  |TAMS 0x0000000089a00000, 0x0000000089a00000| Untracked 
| 101|0x0000000089b00000, 0x0000000089b00000, 0x0000000089c00000|  0%| F|  |TAMS 0x0000000089b00000, 0x0000000089b00000| Untracked 
| 102|0x0000000089c00000, 0x0000000089c00000, 0x0000000089d00000|  0%| F|  |TAMS 0x0000000089c00000, 0x0000000089c00000| Untracked 
| 103|0x0000000089d00000, 0x0000000089d00000, 0x0000000089e00000|  0%| F|  |TAMS 0x0000000089d00000, 0x0000000089d00000| Untracked 
| 104|0x0000000089e00000, 0x0000000089e00000, 0x0000000089f00000|  0%| F|  |TAMS 0x0000000089e00000, 0x0000000089e00000| Untracked 
| 105|0x0000000089f00000, 0x0000000089f00000, 0x000000008a000000|  0%| F|  |TAMS 0x0000000089f00000, 0x0000000089f00000| Untracked 
| 106|0x000000008a000000, 0x000000008a000000, 0x000000008a100000|  0%| F|  |TAMS 0x000000008a000000, 0x000000008a000000| Untracked 
| 107|0x000000008a100000, 0x000000008a100000, 0x000000008a200000|  0%| F|  |TAMS 0x000000008a100000, 0x000000008a100000| Untracked 
| 108|0x000000008a200000, 0x000000008a200000, 0x000000008a300000|  0%| F|  |TAMS 0x000000008a200000, 0x000000008a200000| Untracked 
| 109|0x000000008a300000, 0x000000008a300000, 0x000000008a400000|  0%| F|  |TAMS 0x000000008a300000, 0x000000008a300000| Untracked 
| 110|0x000000008a400000, 0x000000008a400000, 0x000000008a500000|  0%| F|  |TAMS 0x000000008a400000, 0x000000008a400000| Untracked 
| 111|0x000000008a500000, 0x000000008a500000, 0x000000008a600000|  0%| F|  |TAMS 0x000000008a500000, 0x000000008a500000| Untracked 
| 112|0x000000008a600000, 0x000000008a600000, 0x000000008a700000|  0%| F|  |TAMS 0x000000008a600000, 0x000000008a600000| Untracked 
| 113|0x000000008a700000, 0x000000008a700000, 0x000000008a800000|  0%| F|  |TAMS 0x000000008a700000, 0x000000008a700000| Untracked 
| 114|0x000000008a800000, 0x000000008a800000, 0x000000008a900000|  0%| F|  |TAMS 0x000000008a800000, 0x000000008a800000| Untracked 
| 115|0x000000008a900000, 0x000000008a900000, 0x000000008aa00000|  0%| F|  |TAMS 0x000000008a900000, 0x000000008a900000| Untracked 
| 116|0x000000008aa00000, 0x000000008aa00000, 0x000000008ab00000|  0%| F|  |TAMS 0x000000008aa00000, 0x000000008aa00000| Untracked 
| 117|0x000000008ab00000, 0x000000008ab00000, 0x000000008ac00000|  0%| F|  |TAMS 0x000000008ab00000, 0x000000008ab00000| Untracked 
| 118|0x000000008ac00000, 0x000000008ac00000, 0x000000008ad00000|  0%| F|  |TAMS 0x000000008ac00000, 0x000000008ac00000| Untracked 
| 119|0x000000008ad00000, 0x000000008ad00000, 0x000000008ae00000|  0%| F|  |TAMS 0x000000008ad00000, 0x000000008ad00000| Untracked 
| 120|0x000000008ae00000, 0x000000008ae00000, 0x000000008af00000|  0%| F|  |TAMS 0x000000008ae00000, 0x000000008ae00000| Untracked 
| 121|0x000000008af00000, 0x000000008af00000, 0x000000008b000000|  0%| F|  |TAMS 0x000000008af00000, 0x000000008af00000| Untracked 
| 122|0x000000008b000000, 0x000000008b000000, 0x000000008b100000|  0%| F|  |TAMS 0x000000008b000000, 0x000000008b000000| Untracked 
| 123|0x000000008b100000, 0x000000008b180800, 0x000000008b200000| 50%| E|  |TAMS 0x000000008b100000, 0x000000008b100000| Complete 
| 124|0x000000008b200000, 0x000000008b300000, 0x000000008b300000|100%| E|CS|TAMS 0x000000008b200000, 0x000000008b200000| Complete 
| 125|0x000000008b300000, 0x000000008b400000, 0x000000008b400000|100%| E|CS|TAMS 0x000000008b300000, 0x000000008b300000| Complete 
| 126|0x000000008b400000, 0x000000008b500000, 0x000000008b500000|100%| E|CS|TAMS 0x000000008b400000, 0x000000008b400000| Complete 
| 127|0x000000008b500000, 0x000000008b600000, 0x000000008b600000|100%| E|CS|TAMS 0x000000008b500000, 0x000000008b500000| Complete 
| 128|0x000000008b600000, 0x000000008b700000, 0x000000008b700000|100%| E|CS|TAMS 0x000000008b600000, 0x000000008b600000| Complete 
| 129|0x000000008b700000, 0x000000008b800000, 0x000000008b800000|100%| E|CS|TAMS 0x000000008b700000, 0x000000008b700000| Complete 
| 130|0x000000008b800000, 0x000000008b900000, 0x000000008b900000|100%| E|CS|TAMS 0x000000008b800000, 0x000000008b800000| Complete 
| 131|0x000000008b900000, 0x000000008ba00000, 0x000000008ba00000|100%| E|CS|TAMS 0x000000008b900000, 0x000000008b900000| Complete 
| 132|0x000000008ba00000, 0x000000008bb00000, 0x000000008bb00000|100%| E|CS|TAMS 0x000000008ba00000, 0x000000008ba00000| Complete 
| 133|0x000000008bb00000, 0x000000008bc00000, 0x000000008bc00000|100%| E|CS|TAMS 0x000000008bb00000, 0x000000008bb00000| Complete 
| 134|0x000000008bc00000, 0x000000008bd00000, 0x000000008bd00000|100%| E|CS|TAMS 0x000000008bc00000, 0x000000008bc00000| Complete 
| 135|0x000000008bd00000, 0x000000008be00000, 0x000000008be00000|100%| E|CS|TAMS 0x000000008bd00000, 0x000000008bd00000| Complete 
| 136|0x000000008be00000, 0x000000008bf00000, 0x000000008bf00000|100%| E|CS|TAMS 0x000000008be00000, 0x000000008be00000| Complete 
| 137|0x000000008bf00000, 0x000000008c000000, 0x000000008c000000|100%| E|CS|TAMS 0x000000008bf00000, 0x000000008bf00000| Complete 
| 138|0x000000008c000000, 0x000000008c100000, 0x000000008c100000|100%| E|CS|TAMS 0x000000008c000000, 0x000000008c000000| Complete 
| 139|0x000000008c100000, 0x000000008c200000, 0x000000008c200000|100%| E|CS|TAMS 0x000000008c100000, 0x000000008c100000| Complete 
| 140|0x000000008c200000, 0x000000008c300000, 0x000000008c300000|100%| E|CS|TAMS 0x000000008c200000, 0x000000008c200000| Complete 
| 141|0x000000008c300000, 0x000000008c400000, 0x000000008c400000|100%| E|CS|TAMS 0x000000008c300000, 0x000000008c300000| Complete 

Card table byte_map: [0x0000029219490000,0x0000029219880000] _byte_map_base: 0x0000029219075000

Marking Bits (Prev, Next): (CMBitMap*) 0x0000029202504d90, (CMBitMap*) 0x0000029202504dd0
 Prev Bits: [0x0000029219c70000, 0x000002921bb98000)
 Next Bits: [0x000002921bba0000, 0x000002921dac8000)

Polling page: 0x0000029201c80000

Metaspace:

Usage:
  Non-class:     45.68 MB used.
      Class:      5.99 MB used.
       Both:     51.67 MB used.

Virtual space:
  Non-class space:       64.00 MB reserved,      45.81 MB ( 72%) committed,  1 nodes.
      Class space:        1.00 GB reserved,       6.12 MB ( <1%) committed,  1 nodes.
             Both:        1.06 GB reserved,      51.94 MB (  5%) committed. 

Chunk freelists:
   Non-Class:  1.02 MB
       Class:  9.89 MB
        Both:  10.90 MB

MaxMetaspaceSize: unlimited
CompressedClassSpaceSize: 1.00 GB
Initial GC threshold: 21.00 MB
Current GC threshold: 52.31 MB
CDS: on
MetaspaceReclaimPolicy: balanced
 - commit_granule_bytes: 65536.
 - commit_granule_words: 8192.
 - virtual_space_node_default_size: 8388608.
 - enlarge_chunks_in_place: 1.
 - new_chunks_are_fully_committed: 0.
 - uncommit_free_chunks: 1.
 - use_allocation_guard: 0.
 - handle_deallocations: 1.


Internal statistics:

num_allocs_failed_limit: 6.
num_arena_births: 298.
num_arena_deaths: 0.
num_vsnodes_births: 2.
num_vsnodes_deaths: 0.
num_space_committed: 829.
num_space_uncommitted: 0.
num_chunks_returned_to_freelist: 6.
num_chunks_taken_from_freelist: 2272.
num_chunk_merges: 6.
num_chunk_splits: 1758.
num_chunks_enlarged: 1513.
num_inconsistent_stats: 0.

CodeHeap 'non-profiled nmethods': size=120000Kb used=3748Kb max_used=3748Kb free=116251Kb
 bounds [0x0000029211840000, 0x0000029211bf0000, 0x0000029218d70000]
CodeHeap 'profiled nmethods': size=120000Kb used=20922Kb max_used=20922Kb free=99078Kb
 bounds [0x0000029209d70000, 0x000002920b1f0000, 0x00000292112a0000]
CodeHeap 'non-nmethods': size=5760Kb used=1309Kb max_used=1375Kb free=4450Kb
 bounds [0x00000292112a0000, 0x0000029211510000, 0x0000029211840000]
 total_blobs=8640 nmethods=8036 adapters=514
 compilation: enabled
              stopped_count=0, restarted_count=0
 full_count=0

Compilation events (20 events):
Event: 17.285 Thread 0x000002922056cc80 9679       3       org.jetbrains.kotlin.resolve.calls.tower.PSICallResolver::access$createResolutionCallbacks (6 bytes)
Event: 17.285 Thread 0x000002922056cc80 nmethod 9679 0x000002920a8a3d10 code [0x000002920a8a3ea0, 0x000002920a8a3fc8]
Event: 17.285 Thread 0x000002922056cc80 9680       3       org.jetbrains.kotlin.resolve.calls.tower.PSIKotlinCallForVariable::getArgumentsInParenthesis (4 bytes)
Event: 17.285 Thread 0x000002922056cc80 nmethod 9680 0x000002920a783c10 code [0x000002920a783da0, 0x000002920a783f18]
Event: 17.287 Thread 0x000002922056cc80 9681       3       org.jetbrains.kotlin.com.intellij.util.containers.ConcurrentRefValueHashMap::<init> (27 bytes)
Event: 17.287 Thread 0x000002922056cc80 nmethod 9681 0x000002920b1b6f90 code [0x000002920b1b7180, 0x000002920b1b77b8]
Event: 17.289 Thread 0x000002922056cc80 9683       3       org.jetbrains.kotlin.com.intellij.util.keyFMap.PairElementsFMap::plus (300 bytes)
Event: 17.290 Thread 0x000002922056cc80 nmethod 9683 0x000002920b1b7990 code [0x000002920b1b7cc0, 0x000002920b1b9bf8]
Event: 17.291 Thread 0x000002922056cc80 9685       1       org.jetbrains.kotlin.contracts.model.MutableContextInfo::getEqualValues (5 bytes)
Event: 17.291 Thread 0x000002922056cc80 nmethod 9685 0x0000029211be3f10 code [0x0000029211be40a0, 0x0000029211be4178]
Event: 17.291 Thread 0x000002922056cc80 9686       1       org.jetbrains.kotlin.contracts.model.MutableContextInfo::getNotEqualValues (5 bytes)
Event: 17.291 Thread 0x000002922056cc80 nmethod 9686 0x0000029211be4210 code [0x0000029211be43a0, 0x0000029211be4478]
Event: 17.291 Thread 0x000002922056cc80 9687       1       org.jetbrains.kotlin.contracts.model.MutableContextInfo::getSubtypes (5 bytes)
Event: 17.291 Thread 0x000002922056cc80 nmethod 9687 0x0000029211be4510 code [0x0000029211be46a0, 0x0000029211be4778]
Event: 17.292 Thread 0x000002922056cc80 9688       3       org.jetbrains.kotlin.com.intellij.psi.impl.DebugUtil::endPsiModification (83 bytes)
Event: 17.293 Thread 0x000002922056cc80 nmethod 9688 0x000002920b1ba190 code [0x000002920b1ba400, 0x000002920b1bae18]
Event: 17.293 Thread 0x000002922056cc80 9689       3       org.jetbrains.kotlin.resolve.calls.inference.model.NewConstraintSystemImpl::parametersCount (18 bytes)
Event: 17.294 Thread 0x000002922056cc80 nmethod 9689 0x000002920b1bb110 code [0x000002920b1bb320, 0x000002920b1bb9a8]
Event: 17.294 Thread 0x000002922056cc80 9690       3       org.jetbrains.kotlin.resolve.DelegatingBindingTrace$MyBindingContext::getDiagnostics (25 bytes)
Event: 17.294 Thread 0x000002922056cc80 nmethod 9690 0x000002920a8d8290 code [0x000002920a8d8440, 0x000002920a8d8658]

GC Heap History (20 events):
Event: 3.032 GC heap before
{Heap before GC invocations=2 (full 0):
 garbage-first heap   total 129024K, used 40402K [0x0000000083600000, 0x0000000100000000)
  region size 1024K, 32 young (32768K), 4 survivors (4096K)
 Metaspace       used 21323K, committed 21504K, reserved 1114112K
  class space    used 2886K, committed 3008K, reserved 1048576K
}
Event: 3.039 GC heap after
{Heap after GC invocations=3 (full 0):
 garbage-first heap   total 129024K, used 14596K [0x0000000083600000, 0x0000000100000000)
  region size 1024K, 8 young (8192K), 8 survivors (8192K)
 Metaspace       used 21323K, committed 21504K, reserved 1114112K
  class space    used 2886K, committed 3008K, reserved 1048576K
}
Event: 4.209 GC heap before
{Heap before GC invocations=4 (full 0):
 garbage-first heap   total 61440K, used 43268K [0x0000000083600000, 0x0000000100000000)
  region size 1024K, 36 young (36864K), 8 survivors (8192K)
 Metaspace       used 26703K, committed 26880K, reserved 1114112K
  class space    used 3391K, committed 3456K, reserved 1048576K
}
Event: 4.228 GC heap after
{Heap after GC invocations=5 (full 0):
 garbage-first heap   total 61440K, used 18372K [0x0000000083600000, 0x0000000100000000)
  region size 1024K, 4 young (4096K), 4 survivors (4096K)
 Metaspace       used 26703K, committed 26880K, reserved 1114112K
  class space    used 3391K, committed 3456K, reserved 1048576K
}
Event: 4.298 GC heap before
{Heap before GC invocations=5 (full 0):
 garbage-first heap   total 61440K, used 19396K [0x0000000083600000, 0x0000000100000000)
  region size 1024K, 5 young (5120K), 4 survivors (4096K)
 Metaspace       used 26905K, committed 27136K, reserved 1114112K
  class space    used 3417K, committed 3520K, reserved 1048576K
}
Event: 4.307 GC heap after
{Heap after GC invocations=6 (full 0):
 garbage-first heap   total 61440K, used 18730K [0x0000000083600000, 0x0000000100000000)
  region size 1024K, 1 young (1024K), 1 survivors (1024K)
 Metaspace       used 26905K, committed 27136K, reserved 1114112K
  class space    used 3417K, committed 3520K, reserved 1048576K
}
Event: 5.886 GC heap before
{Heap before GC invocations=6 (full 0):
 garbage-first heap   total 61440K, used 43306K [0x0000000083600000, 0x0000000100000000)
  region size 1024K, 26 young (26624K), 1 survivors (1024K)
 Metaspace       used 31806K, committed 32000K, reserved 1114112K
  class space    used 3939K, committed 4032K, reserved 1048576K
}
Event: 5.899 GC heap after
{Heap after GC invocations=7 (full 0):
 garbage-first heap   total 61440K, used 22008K [0x0000000083600000, 0x0000000100000000)
  region size 1024K, 4 young (4096K), 4 survivors (4096K)
 Metaspace       used 31806K, committed 32000K, reserved 1114112K
  class space    used 3939K, committed 4032K, reserved 1048576K
}
Event: 7.137 GC heap before
{Heap before GC invocations=8 (full 0):
 garbage-first heap   total 61440K, used 46584K [0x0000000083600000, 0x0000000100000000)
  region size 1024K, 26 young (26624K), 4 survivors (4096K)
 Metaspace       used 35258K, committed 35520K, reserved 1114112K
  class space    used 4330K, committed 4480K, reserved 1048576K
}
Event: 7.151 GC heap after
{Heap after GC invocations=9 (full 0):
 garbage-first heap   total 61440K, used 28243K [0x0000000083600000, 0x0000000100000000)
  region size 1024K, 4 young (4096K), 4 survivors (4096K)
 Metaspace       used 35258K, committed 35520K, reserved 1114112K
  class space    used 4330K, committed 4480K, reserved 1048576K
}
Event: 7.157 GC heap before
{Heap before GC invocations=9 (full 0):
 garbage-first heap   total 61440K, used 29267K [0x0000000083600000, 0x0000000100000000)
  region size 1024K, 5 young (5120K), 4 survivors (4096K)
 Metaspace       used 35259K, committed 35520K, reserved 1114112K
  class space    used 4330K, committed 4480K, reserved 1048576K
}
Event: 7.165 GC heap after
{Heap after GC invocations=10 (full 0):
 garbage-first heap   total 61440K, used 28316K [0x0000000083600000, 0x0000000100000000)
  region size 1024K, 1 young (1024K), 1 survivors (1024K)
 Metaspace       used 35259K, committed 35520K, reserved 1114112K
  class space    used 4330K, committed 4480K, reserved 1048576K
}
Event: 7.224 GC heap before
{Heap before GC invocations=10 (full 0):
 garbage-first heap   total 61440K, used 45724K [0x0000000083600000, 0x0000000100000000)
  region size 1024K, 18 young (18432K), 1 survivors (1024K)
 Metaspace       used 35332K, committed 35584K, reserved 1114112K
  class space    used 4330K, committed 4480K, reserved 1048576K
}
Event: 7.227 GC heap after
{Heap after GC invocations=11 (full 0):
 garbage-first heap   total 145408K, used 29011K [0x0000000083600000, 0x0000000100000000)
  region size 1024K, 2 young (2048K), 2 survivors (2048K)
 Metaspace       used 35332K, committed 35584K, reserved 1114112K
  class space    used 4330K, committed 4480K, reserved 1048576K
}
Event: 12.071 GC heap before
{Heap before GC invocations=11 (full 0):
 garbage-first heap   total 145408K, used 106835K [0x0000000083600000, 0x0000000100000000)
  region size 1024K, 78 young (79872K), 2 survivors (2048K)
 Metaspace       used 46973K, committed 47296K, reserved 1114112K
  class space    used 5678K, committed 5824K, reserved 1048576K
}
Event: 12.092 GC heap after
{Heap after GC invocations=12 (full 0):
 garbage-first heap   total 145408K, used 39105K [0x0000000083600000, 0x0000000100000000)
  region size 1024K, 10 young (10240K), 10 survivors (10240K)
 Metaspace       used 46973K, committed 47296K, reserved 1114112K
  class space    used 5678K, committed 5824K, reserved 1048576K
}
Event: 14.219 GC heap before
{Heap before GC invocations=12 (full 0):
 garbage-first heap   total 145408K, used 99521K [0x0000000083600000, 0x0000000100000000)
  region size 1024K, 69 young (70656K), 10 survivors (10240K)
 Metaspace       used 48444K, committed 48768K, reserved 1114112K
  class space    used 5778K, committed 5952K, reserved 1048576K
}
Event: 14.247 GC heap after
{Heap after GC invocations=13 (full 0):
 garbage-first heap   total 145408K, used 49659K [0x0000000083600000, 0x0000000100000000)
  region size 1024K, 9 young (9216K), 9 survivors (9216K)
 Metaspace       used 48444K, committed 48768K, reserved 1114112K
  class space    used 5778K, committed 5952K, reserved 1048576K
}
Event: 16.385 GC heap before
{Heap before GC invocations=13 (full 0):
 garbage-first heap   total 145408K, used 103931K [0x0000000083600000, 0x0000000100000000)
  region size 1024K, 62 young (63488K), 9 survivors (9216K)
 Metaspace       used 51024K, committed 51328K, reserved 1114112K
  class space    used 6001K, committed 6144K, reserved 1048576K
}
Event: 16.406 GC heap after
{Heap after GC invocations=14 (full 0):
 garbage-first heap   total 145408K, used 55808K [0x0000000083600000, 0x0000000100000000)
  region size 1024K, 6 young (6144K), 6 survivors (6144K)
 Metaspace       used 51024K, committed 51328K, reserved 1114112K
  class space    used 6001K, committed 6144K, reserved 1048576K
}

Deoptimization events (20 events):
Event: 17.120 Thread 0x00000292024ab560 Uncommon trap: trap_request=0xffffffc6 fr.pc=0x0000029211a86a40 relative=0x0000000000000a80
Event: 17.120 Thread 0x00000292024ab560 Uncommon trap: reason=bimorphic_or_optimized_type_check action=maybe_recompile pc=0x0000029211a86a40 method=gnu.trove.TObjectHash.insertionIndex(Ljava/lang/Object;)I @ 75 c2
Event: 17.120 Thread 0x00000292024ab560 DEOPT PACKING pc=0x0000029211a86a40 sp=0x000000f22d1fbb00
Event: 17.120 Thread 0x00000292024ab560 DEOPT UNPACKING pc=0x00000292112f5ba3 sp=0x000000f22d1fba88 mode 2
Event: 17.211 Thread 0x00000292024ab560 Uncommon trap: trap_request=0xffffffc6 fr.pc=0x0000029211bd78b0 relative=0x0000000000000110
Event: 17.211 Thread 0x00000292024ab560 Uncommon trap: reason=bimorphic_or_optimized_type_check action=maybe_recompile pc=0x0000029211bd78b0 method=kotlin.collections.CollectionsKt___CollectionsKt.lastOrNull(Ljava/util/List;)Ljava/lang/Object; @ 21 c2
Event: 17.211 Thread 0x00000292024ab560 DEOPT PACKING pc=0x0000029211bd78b0 sp=0x000000f22d1fc880
Event: 17.211 Thread 0x00000292024ab560 DEOPT UNPACKING pc=0x00000292112f5ba3 sp=0x000000f22d1fc818 mode 2
Event: 17.212 Thread 0x00000292024ab560 Uncommon trap: trap_request=0xffffffc6 fr.pc=0x0000029211bd78b0 relative=0x0000000000000110
Event: 17.212 Thread 0x00000292024ab560 Uncommon trap: reason=bimorphic_or_optimized_type_check action=maybe_recompile pc=0x0000029211bd78b0 method=kotlin.collections.CollectionsKt___CollectionsKt.lastOrNull(Ljava/util/List;)Ljava/lang/Object; @ 21 c2
Event: 17.213 Thread 0x00000292024ab560 DEOPT PACKING pc=0x0000029211bd78b0 sp=0x000000f22d1fc880
Event: 17.213 Thread 0x00000292024ab560 DEOPT UNPACKING pc=0x00000292112f5ba3 sp=0x000000f22d1fc818 mode 2
Event: 17.213 Thread 0x00000292024ab560 Uncommon trap: trap_request=0xffffffc6 fr.pc=0x0000029211bd78b0 relative=0x0000000000000110
Event: 17.213 Thread 0x00000292024ab560 Uncommon trap: reason=bimorphic_or_optimized_type_check action=maybe_recompile pc=0x0000029211bd78b0 method=kotlin.collections.CollectionsKt___CollectionsKt.lastOrNull(Ljava/util/List;)Ljava/lang/Object; @ 21 c2
Event: 17.213 Thread 0x00000292024ab560 DEOPT PACKING pc=0x0000029211bd78b0 sp=0x000000f22d1fcdf0
Event: 17.213 Thread 0x00000292024ab560 DEOPT UNPACKING pc=0x00000292112f5ba3 sp=0x000000f22d1fcd88 mode 2
Event: 17.213 Thread 0x00000292024ab560 Uncommon trap: trap_request=0xffffffc6 fr.pc=0x0000029211bd78b0 relative=0x0000000000000110
Event: 17.213 Thread 0x00000292024ab560 Uncommon trap: reason=bimorphic_or_optimized_type_check action=maybe_recompile pc=0x0000029211bd78b0 method=kotlin.collections.CollectionsKt___CollectionsKt.lastOrNull(Ljava/util/List;)Ljava/lang/Object; @ 21 c2
Event: 17.213 Thread 0x00000292024ab560 DEOPT PACKING pc=0x0000029211bd78b0 sp=0x000000f22d1fcdf0
Event: 17.213 Thread 0x00000292024ab560 DEOPT UNPACKING pc=0x00000292112f5ba3 sp=0x000000f22d1fcd88 mode 2

Classes unloaded (0 events):
No events

Classes redefined (0 events):
No events

Internal exceptions (20 events):
Event: 9.986 Thread 0x00000292024ab560 Exception <a 'java/lang/NoSuchMethodError'{0x00000000895146e8}: 'java.lang.Object java.lang.invoke.DirectMethodHandle$Holder.invokeStatic(java.lang.Object, java.lang.Object, java.lang.Object, java.lang.Object, int)'> (0x00000000895146e8) 
thrown [s\open\src\hotspot\share\interpreter\linkResolver.cpp, line 759]
Event: 9.987 Thread 0x00000292024ab560 Exception <a 'java/lang/NoSuchMethodError'{0x000000008951de80}: 'java.lang.Object java.lang.invoke.DirectMethodHandle$Holder.newInvokeSpecial(java.lang.Object, java.lang.Object, java.lang.Object, java.lang.Object, int)'> (0x000000008951de80) 
thrown [s\open\src\hotspot\share\interpreter\linkResolver.cpp, line 759]
Event: 10.060 Thread 0x00000292024ab560 Exception <a 'java/lang/NoSuchMethodError'{0x0000000089522460}: 'java.lang.Object java.lang.invoke.DirectMethodHandle$Holder.invokeSpecial(java.lang.Object, java.lang.Object, java.lang.Object, java.lang.Object, java.lang.Object, int)'> (0x0000000089522460) 
thrown [s\open\src\hotspot\share\interpreter\linkResolver.cpp, line 759]
Event: 10.061 Thread 0x00000292024ab560 Exception <a 'java/lang/NoSuchMethodError'{0x00000000895263f0}: 'java.lang.Object java.lang.invoke.Invokers$Holder.linkToTargetMethod(java.lang.Object, java.lang.Object, java.lang.Object, int, java.lang.Object)'> (0x00000000895263f0) 
thrown [s\open\src\hotspot\share\interpreter\linkResolver.cpp, line 759]
Event: 10.107 Thread 0x00000292024ab560 Exception <a 'java/lang/NoSuchMethodError'{0x0000000089466378}: 'void java.lang.invoke.DirectMethodHandle$Holder.invokeInterface(java.lang.Object, java.lang.Object)'> (0x0000000089466378) 
thrown [s\open\src\hotspot\share\interpreter\linkResolver.cpp, line 759]
Event: 10.567 Thread 0x00000292024ab560 Exception <a 'java/lang/NoSuchMethodError'{0x0000000088e1f0a0}: 'java.lang.Object java.lang.invoke.DirectMethodHandle$Holder.newInvokeSpecial(java.lang.Object, int, java.lang.Object)'> (0x0000000088e1f0a0) 
thrown [s\open\src\hotspot\share\interpreter\linkResolver.cpp, line 759]
Event: 10.568 Thread 0x00000292024ab560 Exception <a 'java/lang/NoSuchMethodError'{0x0000000088e252b8}: 'int java.lang.invoke.DirectMethodHandle$Holder.invokeInterface(java.lang.Object, java.lang.Object)'> (0x0000000088e252b8) 
thrown [s\open\src\hotspot\share\interpreter\linkResolver.cpp, line 759]
Event: 10.991 Thread 0x00000292024ab560 Exception <a 'java/lang/IncompatibleClassChangeError'{0x0000000088505310}: Found class java.lang.Object, but interface was expected> (0x0000000088505310) 
thrown [s\open\src\hotspot\share\interpreter\linkResolver.cpp, line 826]
Event: 11.429 Thread 0x00000292024ab560 Exception <a 'java/lang/NoSuchMethodError'{0x000000008802ac30}: 'java.lang.Object java.lang.invoke.DirectMethodHandle$Holder.invokeSpecial(java.lang.Object, java.lang.Object, java.lang.Object, java.lang.Object, java.lang.Object, java.lang.Object, int)'> (0x000000008802ac30) 
thrown [s\open\src\hotspot\share\interpreter\linkResolver.cpp, line 759]
Event: 11.775 Thread 0x00000292024ab560 Exception <a 'java/lang/NoSuchMethodError'{0x0000000087be55a8}: 'java.lang.Object java.lang.invoke.DirectMethodHandle$Holder.newInvokeSpecial(java.lang.Object, int, java.lang.Object, java.lang.Object)'> (0x0000000087be55a8) 
thrown [s\open\src\hotspot\share\interpreter\linkResolver.cpp, line 759]
Event: 11.776 Thread 0x00000292024ab560 Exception <a 'java/lang/NoSuchMethodError'{0x0000000087be9cf8}: 'java.lang.Object java.lang.invoke.DirectMethodHandle$Holder.invokeSpecial(java.lang.Object, java.lang.Object, int, java.lang.Object, java.lang.Object)'> (0x0000000087be9cf8) 
thrown [s\open\src\hotspot\share\interpreter\linkResolver.cpp, line 759]
Event: 11.854 Thread 0x00000292024ab560 Exception <a 'java/lang/NoSuchMethodError'{0x000000008790bf78}: 'int java.lang.invoke.DirectMethodHandle$Holder.invokeStaticInit(java.lang.Object, int)'> (0x000000008790bf78) 
thrown [s\open\src\hotspot\share\interpreter\linkResolver.cpp, line 759]
Event: 12.406 Thread 0x00000292024ab560 Exception <a 'java/lang/NoSuchMethodError'{0x000000008bfda700}: 'java.lang.Object java.lang.invoke.DirectMethodHandle$Holder.invokeStatic(java.lang.Object, int, java.lang.Object)'> (0x000000008bfda700) 
thrown [s\open\src\hotspot\share\interpreter\linkResolver.cpp, line 759]
Event: 14.664 Thread 0x00000292024ab560 Exception <a 'java/lang/NoSuchMethodError'{0x000000008b9b83f8}: 'java.lang.Object java.lang.invoke.DirectMethodHandle$Holder.invokeInterface(java.lang.Object, java.lang.Object, java.lang.Object)'> (0x000000008b9b83f8) 
thrown [s\open\src\hotspot\share\interpreter\linkResolver.cpp, line 759]
Event: 14.665 Thread 0x00000292024ab560 Exception <a 'java/lang/IncompatibleClassChangeError'{0x000000008b9bbd68}: Found class java.lang.Object, but interface was expected> (0x000000008b9bbd68) 
thrown [s\open\src\hotspot\share\interpreter\linkResolver.cpp, line 826]
Event: 14.886 Thread 0x00000292024ab560 Exception <a 'java/lang/NoSuchMethodError'{0x000000008aed53c8}: 'java.lang.Object java.lang.invoke.DirectMethodHandle$Holder.newInvokeSpecial(java.lang.Object, java.lang.Object, java.lang.Object, java.lang.Object, java.lang.Object, java.lang.Object, java.lang.Object)'> (0x000000008aed53c8) 
thrown [s\open\src\hotspot\share\interpreter\linkResolver.cpp, line 759]
Event: 14.886 Thread 0x00000292024ab560 Exception <a 'java/lang/NoSuchMethodError'{0x000000008aed9f80}: 'java.lang.Object java.lang.invoke.Invokers$Holder.linkToTargetMethod(java.lang.Object, java.lang.Object, java.lang.Object, java.lang.Object, java.lang.Object, java.lang.Object, java.lang.Object)'> (0x000000008aed9f80) 
thrown [s\open\src\hotspot\share\interpreter\linkResolver.cpp, line 759]
Event: 15.700 Thread 0x00000292024ab560 Implicit null exception at 0x0000029211b98943 to 0x0000029211b98be9
Event: 16.457 Thread 0x00000292024ab560 Implicit null exception at 0x0000029211b893d2 to 0x0000029211b8da80
Event: 16.523 Thread 0x00000292024ab560 Implicit null exception at 0x00000292119b29dd to 0x00000292119b5378

VM Operations (20 events):
Event: 16.514 Executing VM operation: HandshakeAllThreads
Event: 16.514 Executing VM operation: HandshakeAllThreads done
Event: 16.520 Executing VM operation: HandshakeAllThreads
Event: 16.520 Executing VM operation: HandshakeAllThreads done
Event: 16.522 Executing VM operation: HandshakeAllThreads
Event: 16.522 Executing VM operation: HandshakeAllThreads done
Event: 16.596 Executing VM operation: HandshakeAllThreads
Event: 16.596 Executing VM operation: HandshakeAllThreads done
Event: 16.603 Executing VM operation: ICBufferFull
Event: 16.603 Executing VM operation: ICBufferFull done
Event: 16.858 Executing VM operation: ICBufferFull
Event: 16.858 Executing VM operation: ICBufferFull done
Event: 17.038 Executing VM operation: HandshakeAllThreads
Event: 17.038 Executing VM operation: HandshakeAllThreads done
Event: 17.078 Executing VM operation: ICBufferFull
Event: 17.079 Executing VM operation: ICBufferFull done
Event: 17.136 Executing VM operation: HandshakeAllThreads
Event: 17.136 Executing VM operation: HandshakeAllThreads done
Event: 17.244 Executing VM operation: ICBufferFull
Event: 17.244 Executing VM operation: ICBufferFull done

Events (20 events):
Event: 16.215 Thread 0x0000029220575690 flushing nmethod 0x000002920ace0590
Event: 16.215 Thread 0x0000029220575690 flushing nmethod 0x000002920acf1d10
Event: 16.215 Thread 0x0000029220575690 flushing nmethod 0x000002920ad71e10
Event: 16.215 Thread 0x0000029220575690 flushing nmethod 0x000002920ad76290
Event: 16.215 Thread 0x0000029220575690 flushing nmethod 0x000002920ad77490
Event: 16.215 Thread 0x0000029220575690 flushing nmethod 0x000002920ad86590
Event: 16.215 Thread 0x0000029220575690 flushing nmethod 0x000002920ad91490
Event: 16.216 Thread 0x0000029220575690 flushing nmethod 0x000002920adcb490
Event: 16.216 Thread 0x0000029220575690 flushing nmethod 0x000002920adcbb90
Event: 16.216 Thread 0x0000029220575690 flushing nmethod 0x000002920adcc510
Event: 16.216 Thread 0x0000029220575690 flushing nmethod 0x000002920adcc890
Event: 16.216 Thread 0x0000029220575690 flushing nmethod 0x000002920adcee10
Event: 16.216 Thread 0x0000029220575690 flushing nmethod 0x000002920add6490
Event: 16.216 Thread 0x0000029220575690 flushing nmethod 0x000002920adeae90
Event: 16.216 Thread 0x0000029220575690 flushing nmethod 0x000002920adebb10
Event: 16.216 Thread 0x0000029220575690 flushing nmethod 0x000002920ae65310
Event: 16.365 loading class java/lang/Short$ShortCache
Event: 16.366 loading class java/lang/Short$ShortCache done
Event: 17.179 loading class jdk/internal/math/FloatingDecimal$ASCIIToBinaryBuffer
Event: 17.179 loading class jdk/internal/math/FloatingDecimal$ASCIIToBinaryBuffer done


Dynamic libraries:
0x00007ff7b7dc0000 - 0x00007ff7b7dd0000 	C:\Program Files\Java\jdk-17\bin\java.exe
0x00007ffdf7e70000 - 0x00007ffdf8068000 	C:\Windows\SYSTEM32\ntdll.dll
0x00007ffdf6c10000 - 0x00007ffdf6cd2000 	C:\Windows\System32\KERNEL32.DLL
0x00007ffdf5620000 - 0x00007ffdf5916000 	C:\Windows\System32\KERNELBASE.dll
0x00007ffdf5c40000 - 0x00007ffdf5d40000 	C:\Windows\System32\ucrtbase.dll
0x00007ffddb360000 - 0x00007ffddb379000 	C:\Program Files\Java\jdk-17\bin\jli.dll
0x00007ffdd4730000 - 0x00007ffdd474b000 	C:\Program Files\Java\jdk-17\bin\VCRUNTIME140.dll
0x00007ffdf7ae0000 - 0x00007ffdf7b91000 	C:\Windows\System32\ADVAPI32.dll
0x00007ffdf7c00000 - 0x00007ffdf7c9e000 	C:\Windows\System32\msvcrt.dll
0x00007ffdf7850000 - 0x00007ffdf78ef000 	C:\Windows\System32\sechost.dll
0x00007ffdf78f0000 - 0x00007ffdf7a10000 	C:\Windows\System32\RPCRT4.dll
0x00007ffdf5af0000 - 0x00007ffdf5b17000 	C:\Windows\System32\bcrypt.dll
0x00007ffdf6de0000 - 0x00007ffdf6f7d000 	C:\Windows\System32\USER32.dll
0x00007ffdf5560000 - 0x00007ffdf5582000 	C:\Windows\System32\win32u.dll
0x00007ffdf6820000 - 0x00007ffdf684b000 	C:\Windows\System32\GDI32.dll
0x00007ffdf5b20000 - 0x00007ffdf5c39000 	C:\Windows\System32\gdi32full.dll
0x00007ffdf59d0000 - 0x00007ffdf5a6d000 	C:\Windows\System32\msvcp_win.dll
0x00007ffdf2f70000 - 0x00007ffdf2f7a000 	C:\Windows\SYSTEM32\VERSION.dll
0x00007ffdd9e80000 - 0x00007ffdda11b000 	C:\Windows\WinSxS\amd64_microsoft.windows.common-controls_6595b64144ccf1df_6.0.19041.6280_none_60bc30a171f2f3f3\COMCTL32.dll
0x00007ffdf7130000 - 0x00007ffdf715f000 	C:\Windows\System32\IMM32.DLL
0x00007ffdece80000 - 0x00007ffdece8c000 	C:\Program Files\Java\jdk-17\bin\vcruntime140_1.dll
0x00007ffdc1560000 - 0x00007ffdc15ee000 	C:\Program Files\Java\jdk-17\bin\msvcp140.dll
0x00007ffd7e2b0000 - 0x00007ffd7ee90000 	C:\Program Files\Java\jdk-17\bin\server\jvm.dll
0x00007ffdf7840000 - 0x00007ffdf7848000 	C:\Windows\System32\PSAPI.DLL
0x00007ffdd4250000 - 0x00007ffdd4259000 	C:\Windows\SYSTEM32\WSOCK32.dll
0x00007ffde90e0000 - 0x00007ffde9107000 	C:\Windows\SYSTEM32\WINMM.dll
0x00007ffdf72b0000 - 0x00007ffdf731b000 	C:\Windows\System32\WS2_32.dll
0x00007ffdf3cf0000 - 0x00007ffdf3d02000 	C:\Windows\SYSTEM32\kernel.appcore.dll
0x00007ffde30f0000 - 0x00007ffde30fa000 	C:\Program Files\Java\jdk-17\bin\jimage.dll
0x00007ffdf3aa0000 - 0x00007ffdf3ca1000 	C:\Windows\SYSTEM32\DBGHELP.DLL
0x00007ffdc1430000 - 0x00007ffdc1464000 	C:\Windows\SYSTEM32\dbgcore.DLL
0x00007ffdf5590000 - 0x00007ffdf5612000 	C:\Windows\System32\bcryptPrimitives.dll
0x00007ffdc5e60000 - 0x00007ffdc5e85000 	C:\Program Files\Java\jdk-17\bin\java.dll
0x00007ffdb4260000 - 0x00007ffdb4337000 	C:\Program Files\Java\jdk-17\bin\jsvml.dll
0x00007ffdf5ea0000 - 0x00007ffdf6610000 	C:\Windows\System32\SHELL32.dll
0x00007ffdf3220000 - 0x00007ffdf39c5000 	C:\Windows\SYSTEM32\windows.storage.dll
0x00007ffdf6850000 - 0x00007ffdf6ba3000 	C:\Windows\System32\combase.dll
0x00007ffdf4d90000 - 0x00007ffdf4dbb000 	C:\Windows\SYSTEM32\Wldp.dll
0x00007ffdf7a10000 - 0x00007ffdf7add000 	C:\Windows\System32\OLEAUT32.dll
0x00007ffdf7d80000 - 0x00007ffdf7e2d000 	C:\Windows\System32\SHCORE.dll
0x00007ffdf6610000 - 0x00007ffdf666b000 	C:\Windows\System32\shlwapi.dll
0x00007ffdf5440000 - 0x00007ffdf5464000 	C:\Windows\SYSTEM32\profapi.dll
0x00007ffdde540000 - 0x00007ffdde559000 	C:\Program Files\Java\jdk-17\bin\net.dll
0x00007ffdf14e0000 - 0x00007ffdf15ea000 	C:\Windows\SYSTEM32\WINHTTP.dll
0x00007ffdf4b70000 - 0x00007ffdf4bda000 	C:\Windows\system32\mswsock.dll
0x00007ffdcca00000 - 0x00007ffdcca16000 	C:\Program Files\Java\jdk-17\bin\nio.dll
0x00007ffdc2580000 - 0x00007ffdc2598000 	C:\Program Files\Java\jdk-17\bin\zip.dll
0x00007ffdee6b0000 - 0x00007ffdee6c0000 	C:\Program Files\Java\jdk-17\bin\verify.dll

dbghelp: loaded successfully - version: 4.0.5 - missing functions: none
symbol engine: initialized successfully - sym options: 0x614 - pdb path: .;C:\Program Files\Java\jdk-17\bin;C:\Windows\SYSTEM32;C:\Windows\WinSxS\amd64_microsoft.windows.common-controls_6595b64144ccf1df_6.0.19041.6280_none_60bc30a171f2f3f3;C:\Program Files\Java\jdk-17\bin\server

VM Arguments:
java_command: org.jetbrains.kotlin.cli.jvm.K2JVMCompiler @C:\Users\Lenovo\Desktop\1\mobile boilerplate\node_modules\react-native-gesture-handler\android\build\20251202_12567771492760105655.compiler.options
java_class_path (initial): C:\Users\Lenovo\.gradle\caches\modules-2\files-2.1\org.jetbrains.kotlin\kotlin-compiler-embeddable\1.9.25\6e698f23ca1f74d6672827f61e92c2fe015d1b88\kotlin-compiler-embeddable-1.9.25.jar;C:\Users\Lenovo\.gradle\caches\modules-2\files-2.1\org.jetbrains.kotlin\kotlin-stdlib\1.9.25\f700a2f2b8f0d6d0fde48f56d894dc722fb029d7\kotlin-stdlib-1.9.25.jar;C:\Users\Lenovo\.gradle\caches\modules-2\files-2.1\org.jetbrains.kotlin\kotlin-script-runtime\1.9.25\43cdc99e4582c67c2b60f609d0e4c015d33a8e89\kotlin-script-runtime-1.9.25.jar;C:\Users\Lenovo\.gradle\caches\modules-2\files-2.1\org.jetbrains.kotlin\kotlin-reflect\1.9.25\73023c38b7b20430232893cf9b556dc8486e07a4\kotlin-reflect-1.9.25.jar;C:\Users\Lenovo\.gradle\caches\modules-2\files-2.1\org.jetbrains.kotlin\kotlin-daemon-embeddable\1.9.25\3a1ebb4f98ed480e4774f45e3be215626eb3ae02\kotlin-daemon-embeddable-1.9.25.jar;C:\Users\Lenovo\.gradle\caches\modules-2\files-2.1\org.jetbrains.intellij.deps\trove4j\1.0.20200330\3afb14d5f9ceb459d724e907a21145e8ff394f02\trove4j-1.0.20200330.jar;C:\Users\Lenovo\.gradle\caches\modules-2\files-2.1\org.jetbrains\annotations\13.0\919f0dfe192fb4e063e7dacadee7f8bb9a2672a9\annotations-13.0.jar
Launcher Type: SUN_STANDARD

[Global flags]
     intx CICompilerCount                          = 4                                         {product} {ergonomic}
     uint ConcGCThreads                            = 2                                         {product} {ergonomic}
     uint G1ConcRefinementThreads                  = 8                                         {product} {ergonomic}
   size_t G1HeapRegionSize                         = 1048576                                   {product} {ergonomic}
    uintx GCDrainStackTargetSize                   = 64                                        {product} {ergonomic}
   size_t InitialHeapSize                          = 132120576                                 {product} {ergonomic}
   size_t MarkStackSize                            = 4194304                                   {product} {ergonomic}
   size_t MaxHeapSize                              = 2090860544                                {product} {ergonomic}
   size_t MaxNewSize                               = 1254096896                                {product} {ergonomic}
   size_t MinHeapDeltaBytes                        = 1048576                                   {product} {ergonomic}
   size_t MinHeapSize                              = 8388608                                   {product} {ergonomic}
    uintx NonNMethodCodeHeapSize                   = 5839372                                {pd product} {ergonomic}
    uintx NonProfiledCodeHeapSize                  = 122909434                              {pd product} {ergonomic}
    uintx ProfiledCodeHeapSize                     = 122909434                              {pd product} {ergonomic}
    uintx ReservedCodeCacheSize                    = 251658240                              {pd product} {ergonomic}
     bool SegmentedCodeCache                       = true                                      {product} {ergonomic}
   size_t SoftMaxHeapSize                          = 2090860544                             {manageable} {ergonomic}
     bool UseCompressedClassPointers               = true                           {product lp64_product} {ergonomic}
     bool UseCompressedOops                        = true                           {product lp64_product} {ergonomic}
     bool UseG1GC                                  = true                                      {product} {ergonomic}
     bool UseLargePagesIndividualAllocation        = false                                  {pd product} {ergonomic}

Logging:
Log output configuration:
 #0: stdout all=warning uptime,level,tags
 #1: stderr all=off uptime,level,tags

Environment Variables:
JAVA_HOME=C:\Program Files\Java\jdk-17
CLASSPATH=C:\Users\Lenovo\Desktop\1\mobile boilerplate\android\\gradle\wrapper\gradle-wrapper.jar
PATH=C:\Program Files\Microsoft MPI\Bin\;C:\Program Files\Common Files\Oracle\Java\javapath;C:\Python37\Scripts\;C:\Python37\;C:\Program Files\Python37\Scripts\;C:\Program Files\Python37\;C:\Python312\Scripts\;C:\Python312\;C:\Python311\Scripts\;C:\Python311\;C:\Program Files (x86)\Common Files\Oracle\Java\javapath;C:\Program Files (x86)\VMware\VMware Workstation\bin\;C:\ProgramData\Oracle\Java\javapath;C:\Windows\system32;C:\Windows;C:\Windows\System32\Wbem;C:\Windows\System32\WindowsPowerShell\v1.0\;C:\Windows\System32\OpenSSH\;C:\Program Files\dotnet\;C:\Program Files\Java\jre1.8.0_333\bin;C:\Program Files\Git\cmd;C:\ProgramData\chocolatey\bin;C:\composer;C:\Program Files\Docker\Docker\resources\bin;C:\Program Files\Microsoft SQL Server\150\Tools\Binn\;C:\Program Files\Microsoft SQL Server\Client SDK\ODBC\170\Tools\Binn\;C:\Program Files\p\nodejs\;C:\Program Files\Microsoft MPI\Bin\;C:\Program Files\Common Files\Oracle\Java\javapath;C:\Python37\Scripts\;C:\Python37\;C:\Program Files\Python37\Scripts\;C:\Program Files\Python37\;C:\Python312\Scripts\;C:\Python312\;C:\Python311\Scripts\;C:\Python311\;C:\Program Files (x86)\Common Files\Oracle\Java\javapath;C:\Program Files (x86)\VMware\VMware Workstation\bin\;C:\ProgramData\Oracle\Java\javapath;C:\Windows\system32;C:\Windows;C:\Windows\System32\Wbem;C:\Windows\System32\WindowsPowerShell\v1.0\;C:\Windows\System32\OpenSSH\;C:\Program Files\dotnet\;C:\Program Files\Java\jre1.8.0_333\bin;C:\Program Files\Git\cmd;C:\ProgramData\chocolatey\bin;C:\composer;C:\Program Files\Docker\Docker\resources\bin;C:\Program Files\Microsoft SQL Server\150\Tools\Binn\;C:\Program Files\Microsoft SQL Server\Client SDK\ODBC\170\Tools\Binn\;C:\Program Files\p\nodejs\;C:\Program Files\Microsoft MPI\Bin\;C:\Program Files\Common Files\Oracle\Java\javapath;C:\Python37\Scripts\;C:\Python37\;C:\Program Files\Python37\Scripts\;C:\Program;C:\Users\Lenovo\AppData\Local\Android\Sdk\platform-tools;C:\Users\Lenovo\AppData\Local\Android\Sdk\emulator;
USERNAME=Lenovo
LANG=en_US.UTF-8
OS=Windows_NT
PROCESSOR_IDENTIFIER=Intel64 Family 6 Model 140 Stepping 1, GenuineIntel



---------------  S Y S T E M  ---------------

OS:
 Windows 10 , 64 bit Build 19041 (10.0.19041.5915)
OS uptime: 0 days 23:57 hours
Hyper-V role detected

CPU: total 8 (initial active 8) (4 cores per cpu, 2 threads per core) family 6 model 140 stepping 1 microcode 0x8a, cx8, cmov, fxsr, ht, mmx, 3dnowpref, sse, sse2, sse3, ssse3, sse4.1, sse4.2, popcnt, lzcnt, tsc, tscinvbit, avx, avx2, aes, erms, clmul, bmi1, bmi2, adx, avx512f, avx512dq, avx512cd, avx512bw, avx512vl, sha, fma, vzeroupper, avx512_vpopcntdq, avx512_vpclmulqdq, avx512_vaes, avx512_vnni, clflush, clflushopt, clwb, avx512_vbmi2, avx512_vbmi, hv

Memory: 4k page, system-wide physical 7975M (460M free)
TotalPageFile size 16167M (AvailPageFile size 2M)
current process WorkingSet (physical memory assigned to process): 302M, peak: 305M
current process commit charge ("private bytes"): 353M, peak: 355M

vm_info: Java HotSpot(TM) 64-Bit Server VM (17.0.12+8-LTS-286) for windows-amd64 JRE (17.0.12+8-LTS-286), built on Jun  5 2024 06:46:59 by "mach5one" with MS VC++ 17.6 (VS2022)

END.
