#
# There is insufficient memory for the Java Runtime Environment to continue.
# Native memory allocation (mmap) failed to map 121634816 bytes for G1 virtual space
# Possible reasons:
#   The system is out of physical RAM or swap space
#   The process is running with CompressedOops enabled, and the Java Heap may be blocking the growth of the native heap
# Possible solutions:
#   Reduce memory load on the system
#   Increase physical memory or swap space
#   Check if swap backing store is full
#   Decrease Java heap size (-Xmx/-Xms)
#   Decrease number of Java threads
#   Decrease Java thread stack sizes (-Xss)
#   Set larger code cache with -XX:ReservedCodeCacheSize=
#   JVM is running with Unscaled Compressed Oops mode in which the Java heap is
#     placed in the first 4GB address space. The Java Heap base address is the
#     maximum limit for the native heap growth. Please use -XX:HeapBaseMinAddress
#     to set the Java Heap base and to place the Java Heap above 4GB virtual address.
# This output file may be truncated or incomplete.
#
#  Out of Memory Error (os_windows.cpp:3548), pid=7184, tid=14252
#
# JRE version: Java(TM) SE Runtime Environment (17.0.12+8) (build 17.0.12+8-LTS-286)
# Java VM: Java HotSpot(TM) 64-Bit Server VM (17.0.12+8-LTS-286, mixed mode, sharing, tiered, compressed oops, compressed class ptrs, g1 gc, windows-amd64)
# No core dump will be written. Minidumps are not enabled by default on client versions of Windows
#

---------------  S U M M A R Y ------------

Command Line: org.jetbrains.kotlin.cli.jvm.K2JVMCompiler @C:\Users\Lenovo\Desktop\1\mobile boilerplate\node_modules\react-native-safe-area-context\android\build\20251202_9941657948195908309.compiler.options

Host: 11th Gen Intel(R) Core(TM) i5-1135G7 @ 2.40GHz, 8 cores, 7G,  Windows 10 , 64 bit Build 19041 (10.0.19041.5915)
Time: Tue Dec  2 17:45:58 2025 Morocco Daylight Time elapsed time: 15.970059 seconds (0d 0h 0m 15s)

---------------  T H R E A D  ---------------

Current thread (0x0000016c221cb460):  VMThread "VM Thread" [stack: 0x00000050c3c00000,0x00000050c3d00000] [id=14252]

Stack: [0x00000050c3c00000,0x00000050c3d00000]
Native frames: (J=compiled Java code, j=interpreted, Vv=VM code, C=native code)
V  [jvm.dll+0x67a04a]
V  [jvm.dll+0x7da4ed]
V  [jvm.dll+0x7dbe33]
V  [jvm.dll+0x7dc4a3]
V  [jvm.dll+0x24508f]
V  [jvm.dll+0x677089]
V  [jvm.dll+0x66bd32]
V  [jvm.dll+0x301fa6]
V  [jvm.dll+0x309546]
V  [jvm.dll+0x359d2e]
V  [jvm.dll+0x359f5f]
V  [jvm.dll+0x2d9078]
V  [jvm.dll+0x2d74ad]
V  [jvm.dll+0x2d6afc]
V  [jvm.dll+0x31a65b]
V  [jvm.dll+0x7e0d9b]
V  [jvm.dll+0x7e1ad4]
V  [jvm.dll+0x7e1fed]
V  [jvm.dll+0x7e23c4]
V  [jvm.dll+0x7e2490]
V  [jvm.dll+0x78abea]
V  [jvm.dll+0x678f35]
C  [ucrtbase.dll+0x21bb2]
C  [KERNEL32.DLL+0x17374]
C  [ntdll.dll+0x4cc91]

VM_Operation (0x00000050c36f7440): G1CollectForAllocation, mode: safepoint, requested by thread 0x0000016c021ee1c0


---------------  P R O C E S S  ---------------

Threads class SMR info:
_java_thread_list=0x0000016c22748ee0, length=13, elements={
0x0000016c021ee1c0, 0x0000016c221cfd70, 0x0000016c221d0f20, 0x0000016c221e4740,
0x0000016c221e5010, 0x0000016c221e78f0, 0x0000016c221e81c0, 0x0000016c221e9280,
0x0000016c22253350, 0x0000016c22256020, 0x0000016c22425810, 0x0000016c22428350,
0x0000016c68392e50
}

Java Threads: ( => current thread )
  0x0000016c021ee1c0 JavaThread "main" [_thread_blocked, id=10388, stack(0x00000050c3600000,0x00000050c3700000)]
  0x0000016c221cfd70 JavaThread "Reference Handler" daemon [_thread_blocked, id=1548, stack(0x00000050c3d00000,0x00000050c3e00000)]
  0x0000016c221d0f20 JavaThread "Finalizer" daemon [_thread_blocked, id=12260, stack(0x00000050c3e00000,0x00000050c3f00000)]
  0x0000016c221e4740 JavaThread "Signal Dispatcher" daemon [_thread_blocked, id=11548, stack(0x00000050c3f00000,0x00000050c4000000)]
  0x0000016c221e5010 JavaThread "Attach Listener" daemon [_thread_blocked, id=9152, stack(0x00000050c4000000,0x00000050c4100000)]
  0x0000016c221e78f0 JavaThread "Service Thread" daemon [_thread_blocked, id=10576, stack(0x00000050c4100000,0x00000050c4200000)]
  0x0000016c221e81c0 JavaThread "Monitor Deflation Thread" daemon [_thread_blocked, id=13424, stack(0x00000050c4200000,0x00000050c4300000)]
  0x0000016c221e9280 JavaThread "C2 CompilerThread0" daemon [_thread_blocked, id=16808, stack(0x00000050c4300000,0x00000050c4400000)]
  0x0000016c22253350 JavaThread "C1 CompilerThread0" daemon [_thread_blocked, id=12392, stack(0x00000050c4400000,0x00000050c4500000)]
  0x0000016c22256020 JavaThread "Sweeper thread" daemon [_thread_blocked, id=7304, stack(0x00000050c4500000,0x00000050c4600000)]
  0x0000016c22425810 JavaThread "Notification Thread" daemon [_thread_blocked, id=9784, stack(0x00000050c4600000,0x00000050c4700000)]
  0x0000016c22428350 JavaThread "Common-Cleaner" daemon [_thread_blocked, id=13392, stack(0x00000050c4800000,0x00000050c4900000)]
  0x0000016c68392e50 JavaThread "C2 CompilerThread1" daemon [_thread_blocked, id=15256, stack(0x00000050c4e00000,0x00000050c4f00000)]

Other Threads:
=>0x0000016c221cb460 VMThread "VM Thread" [stack: 0x00000050c3c00000,0x00000050c3d00000] [id=14252]
  0x0000016c22425cf0 WatcherThread [stack: 0x00000050c4700000,0x00000050c4800000] [id=13936]
  0x0000016c02247ad0 GCTaskThread "GC Thread#0" [stack: 0x00000050c3700000,0x00000050c3800000] [id=17388]
  0x0000016c228fc340 GCTaskThread "GC Thread#1" [stack: 0x00000050c4900000,0x00000050c4a00000] [id=8052]
  0x0000016c228fc600 GCTaskThread "GC Thread#2" [stack: 0x00000050c4a00000,0x00000050c4b00000] [id=6480]
  0x0000016c228caa50 GCTaskThread "GC Thread#3" [stack: 0x00000050c4b00000,0x00000050c4c00000] [id=14916]
  0x0000016c228cad10 GCTaskThread "GC Thread#4" [stack: 0x00000050c4c00000,0x00000050c4d00000] [id=13712]
  0x0000016c228cafd0 GCTaskThread "GC Thread#5" [stack: 0x00000050c4d00000,0x00000050c4e00000] [id=17368]
  0x0000016c68418d10 GCTaskThread "GC Thread#6" [stack: 0x00000050c5000000,0x00000050c5100000] [id=2808]
  0x0000016c68398ca0 GCTaskThread "GC Thread#7" [stack: 0x00000050c5100000,0x00000050c5200000] [id=7080]
  0x0000016c02258170 ConcurrentGCThread "G1 Main Marker" [stack: 0x00000050c3800000,0x00000050c3900000] [id=6524]
  0x0000016c022599a0 ConcurrentGCThread "G1 Conc#0" [stack: 0x00000050c3900000,0x00000050c3a00000] [id=15696]
  0x0000016c680ee990 ConcurrentGCThread "G1 Conc#1" [stack: 0x00000050c4f00000,0x00000050c5000000] [id=5756]
  0x0000016c022be110 ConcurrentGCThread "G1 Refine#0" [stack: 0x00000050c3a00000,0x00000050c3b00000] [id=2424]
  0x0000016c022be950 ConcurrentGCThread "G1 Service" [stack: 0x00000050c3b00000,0x00000050c3c00000] [id=16280]

Threads with active compile tasks:
C2 CompilerThread0    16002 7926       4       org.jetbrains.org.objectweb.asm.ClassReader::readElementValue (1237 bytes)
C1 CompilerThread0    16002 8171       3       org.jetbrains.kotlin.resolve.calls.smartcasts.DataFlowValueKindUtilsKt::variableKind (259 bytes)
C2 CompilerThread1    16002 8166       4       org.jetbrains.kotlin.types.KotlinType::equals (56 bytes)

VM state: at safepoint (normal execution)

VM Mutex/Monitor currently owned by a thread:  ([mutex/lock_event])
[0x0000016c021ea9a0] Threads_lock - owner thread: 0x0000016c221cb460
[0x0000016c021eb0f0] Heap_lock - owner thread: 0x0000016c021ee1c0

Heap address: 0x0000000083600000, size: 1994 MB, Compressed Oops mode: 32-bit

CDS archive(s) mapped at: [0x0000016c23000000-0x0000016c23bd0000-0x0000016c23bd0000), size 12386304, SharedBaseAddress: 0x0000016c23000000, ArchiveRelocationMode: 1.
Compressed class space mapped at: 0x0000016c24000000-0x0000016c64000000, reserved size: 1073741824
Narrow klass base: 0x0000016c23000000, Narrow klass shift: 0, Narrow klass range: 0x100000000

GC Precious Log:
 CPUs: 8 total, 8 available
 Memory: 7975M
 Large Page Support: Disabled
 NUMA Support: Disabled
 Compressed Oops: Enabled (32-bit)
 Heap Region Size: 1M
 Heap Min Capacity: 8M
 Heap Initial Capacity: 126M
 Heap Max Capacity: 1994M
 Pre-touch: Disabled
 Parallel Workers: 8
 Concurrent Workers: 2
 Concurrent Refinement Workers: 8
 Periodic GC: Disabled

Heap:
 garbage-first heap   total 129024K, used 46638K [0x0000000083600000, 0x0000000100000000)
  region size 1024K, 5 young (5120K), 5 survivors (5120K)
 Metaspace       used 51454K, committed 51776K, reserved 1114112K
  class space    used 6117K, committed 6272K, reserved 1048576K

Heap Regions: E=young(eden), S=young(survivor), O=old, HS=humongous(starts), HC=humongous(continues), CS=collection set, F=free, OA=open archive, CA=closed archive, TAMS=top-at-mark-start (previous, next)
|   0|0x0000000083600000, 0x0000000083700000, 0x0000000083700000|100%|HS|  |TAMS 0x0000000083700000, 0x0000000083600000| Complete 
|   1|0x0000000083700000, 0x0000000083800000, 0x0000000083800000|100%|HC|  |TAMS 0x0000000083800000, 0x0000000083700000| Complete 
|   2|0x0000000083800000, 0x0000000083900000, 0x0000000083900000|100%|HC|  |TAMS 0x0000000083900000, 0x0000000083800000| Complete 
|   3|0x0000000083900000, 0x0000000083a00000, 0x0000000083a00000|100%|HC|  |TAMS 0x0000000083a00000, 0x0000000083900000| Complete 
|   4|0x0000000083a00000, 0x0000000083b00000, 0x0000000083b00000|100%|HS|  |TAMS 0x0000000083b00000, 0x0000000083a00000| Complete 
|   5|0x0000000083b00000, 0x0000000083c00000, 0x0000000083c00000|100%|HC|  |TAMS 0x0000000083c00000, 0x0000000083b00000| Complete 
|   6|0x0000000083c00000, 0x0000000083d00000, 0x0000000083d00000|100%| O|  |TAMS 0x0000000083d00000, 0x0000000083c00000| Untracked 
|   7|0x0000000083d00000, 0x0000000083e00000, 0x0000000083e00000|100%| O|  |TAMS 0x0000000083e00000, 0x0000000083d00000| Untracked 
|   8|0x0000000083e00000, 0x0000000083f00000, 0x0000000083f00000|100%| O|  |TAMS 0x0000000083e00000, 0x0000000083e00000| Untracked 
|   9|0x0000000083f00000, 0x0000000084000000, 0x0000000084000000|100%| O|  |TAMS 0x0000000084000000, 0x0000000083f00000| Untracked 
|  10|0x0000000084000000, 0x0000000084100000, 0x0000000084100000|100%| O|  |TAMS 0x0000000084100000, 0x0000000084000000| Untracked 
|  11|0x0000000084100000, 0x0000000084200000, 0x0000000084200000|100%| O|  |TAMS 0x0000000084200000, 0x0000000084100000| Untracked 
|  12|0x0000000084200000, 0x0000000084300000, 0x0000000084300000|100%| O|  |TAMS 0x0000000084300000, 0x0000000084200000| Untracked 
|  13|0x0000000084300000, 0x0000000084400000, 0x0000000084400000|100%| O|  |TAMS 0x0000000084400000, 0x0000000084300000| Untracked 
|  14|0x0000000084400000, 0x0000000084500000, 0x0000000084500000|100%| O|  |TAMS 0x0000000084500000, 0x0000000084400000| Untracked 
|  15|0x0000000084500000, 0x0000000084600000, 0x0000000084600000|100%| O|  |TAMS 0x0000000084600000, 0x0000000084500000| Untracked 
|  16|0x0000000084600000, 0x0000000084700000, 0x0000000084700000|100%| O|  |TAMS 0x0000000084700000, 0x0000000084600000| Untracked 
|  17|0x0000000084700000, 0x0000000084800000, 0x0000000084800000|100%| O|  |TAMS 0x0000000084800000, 0x0000000084700000| Untracked 
|  18|0x0000000084800000, 0x0000000084900000, 0x0000000084900000|100%| O|  |TAMS 0x0000000084900000, 0x0000000084800000| Untracked 
|  19|0x0000000084900000, 0x0000000084a00000, 0x0000000084a00000|100%| O|  |TAMS 0x0000000084a00000, 0x0000000084900000| Untracked 
|  20|0x0000000084a00000, 0x0000000084b00000, 0x0000000084b00000|100%| O|  |TAMS 0x0000000084b00000, 0x0000000084a00000| Untracked 
|  21|0x0000000084b00000, 0x0000000084c00000, 0x0000000084c00000|100%| O|  |TAMS 0x0000000084c00000, 0x0000000084b00000| Untracked 
|  22|0x0000000084c00000, 0x0000000084d00000, 0x0000000084d00000|100%| O|  |TAMS 0x0000000084c00000, 0x0000000084c00000| Untracked 
|  23|0x0000000084d00000, 0x0000000084e00000, 0x0000000084e00000|100%| O|  |TAMS 0x0000000084d00000, 0x0000000084d00000| Untracked 
|  24|0x0000000084e00000, 0x0000000084f00000, 0x0000000084f00000|100%| O|  |TAMS 0x0000000084e00000, 0x0000000084e00000| Untracked 
|  25|0x0000000084f00000, 0x0000000085000000, 0x0000000085000000|100%| O|  |TAMS 0x0000000084f00000, 0x0000000084f00000| Untracked 
|  26|0x0000000085000000, 0x0000000085100000, 0x0000000085100000|100%| O|  |TAMS 0x0000000085000000, 0x0000000085000000| Untracked 
|  27|0x0000000085100000, 0x0000000085200000, 0x0000000085200000|100%| O|  |TAMS 0x0000000085100000, 0x0000000085100000| Untracked 
|  28|0x0000000085200000, 0x0000000085300000, 0x0000000085300000|100%| O|  |TAMS 0x0000000085200000, 0x0000000085200000| Untracked 
|  29|0x0000000085300000, 0x0000000085400000, 0x0000000085400000|100%| O|  |TAMS 0x0000000085300000, 0x0000000085300000| Untracked 
|  30|0x0000000085400000, 0x0000000085500000, 0x0000000085500000|100%| O|  |TAMS 0x0000000085400000, 0x0000000085400000| Untracked 
|  31|0x0000000085500000, 0x0000000085600000, 0x0000000085600000|100%| O|  |TAMS 0x0000000085500000, 0x0000000085500000| Untracked 
|  32|0x0000000085600000, 0x0000000085700000, 0x0000000085700000|100%| O|  |TAMS 0x0000000085600000, 0x0000000085600000| Untracked 
|  33|0x0000000085700000, 0x0000000085800000, 0x0000000085800000|100%| O|  |TAMS 0x0000000085700000, 0x0000000085700000| Untracked 
|  34|0x0000000085800000, 0x0000000085900000, 0x0000000085900000|100%| O|  |TAMS 0x0000000085800000, 0x0000000085800000| Untracked 
|  35|0x0000000085900000, 0x0000000085a00000, 0x0000000085a00000|100%| O|  |TAMS 0x0000000085900000, 0x0000000085900000| Untracked 
|  36|0x0000000085a00000, 0x0000000085b00000, 0x0000000085b00000|100%| O|  |TAMS 0x0000000085a00000, 0x0000000085a00000| Untracked 
|  37|0x0000000085b00000, 0x0000000085c00000, 0x0000000085c00000|100%| O|  |TAMS 0x0000000085b00000, 0x0000000085b00000| Untracked 
|  38|0x0000000085c00000, 0x0000000085d00000, 0x0000000085d00000|100%| O|  |TAMS 0x0000000085c00000, 0x0000000085c00000| Untracked 
|  39|0x0000000085d00000, 0x0000000085e00000, 0x0000000085e00000|100%| O|  |TAMS 0x0000000085d00000, 0x0000000085d00000| Untracked 
|  40|0x0000000085e00000, 0x0000000085e8b800, 0x0000000085f00000| 54%| O|  |TAMS 0x0000000085e00000, 0x0000000085e00000| Untracked 
|  41|0x0000000085f00000, 0x0000000085f00000, 0x0000000086000000|  0%| F|  |TAMS 0x0000000085f00000, 0x0000000085f00000| Untracked 
|  42|0x0000000086000000, 0x0000000086000000, 0x0000000086100000|  0%| F|  |TAMS 0x0000000086000000, 0x0000000086000000| Untracked 
|  43|0x0000000086100000, 0x0000000086100000, 0x0000000086200000|  0%| F|  |TAMS 0x0000000086100000, 0x0000000086100000| Untracked 
|  44|0x0000000086200000, 0x0000000086200000, 0x0000000086300000|  0%| F|  |TAMS 0x0000000086200000, 0x0000000086200000| Untracked 
|  45|0x0000000086300000, 0x0000000086300000, 0x0000000086400000|  0%| F|  |TAMS 0x0000000086300000, 0x0000000086300000| Untracked 
|  46|0x0000000086400000, 0x0000000086400000, 0x0000000086500000|  0%| F|  |TAMS 0x0000000086400000, 0x0000000086400000| Untracked 
|  47|0x0000000086500000, 0x0000000086500000, 0x0000000086600000|  0%| F|  |TAMS 0x0000000086500000, 0x0000000086500000| Untracked 
|  48|0x0000000086600000, 0x0000000086600000, 0x0000000086700000|  0%| F|  |TAMS 0x0000000086600000, 0x0000000086600000| Untracked 
|  49|0x0000000086700000, 0x0000000086700000, 0x0000000086800000|  0%| F|  |TAMS 0x0000000086700000, 0x0000000086700000| Untracked 
|  50|0x0000000086800000, 0x0000000086800000, 0x0000000086900000|  0%| F|  |TAMS 0x0000000086800000, 0x0000000086800000| Untracked 
|  51|0x0000000086900000, 0x0000000086900000, 0x0000000086a00000|  0%| F|  |TAMS 0x0000000086900000, 0x0000000086900000| Untracked 
|  52|0x0000000086a00000, 0x0000000086a00000, 0x0000000086b00000|  0%| F|  |TAMS 0x0000000086a00000, 0x0000000086a00000| Untracked 
|  53|0x0000000086b00000, 0x0000000086b00000, 0x0000000086c00000|  0%| F|  |TAMS 0x0000000086b00000, 0x0000000086b00000| Untracked 
|  54|0x0000000086c00000, 0x0000000086c00000, 0x0000000086d00000|  0%| F|  |TAMS 0x0000000086c00000, 0x0000000086c00000| Untracked 
|  55|0x0000000086d00000, 0x0000000086d00000, 0x0000000086e00000|  0%| F|  |TAMS 0x0000000086d00000, 0x0000000086d00000| Untracked 
|  56|0x0000000086e00000, 0x0000000086e00000, 0x0000000086f00000|  0%| F|  |TAMS 0x0000000086e00000, 0x0000000086e00000| Untracked 
|  57|0x0000000086f00000, 0x0000000086f00000, 0x0000000087000000|  0%| F|  |TAMS 0x0000000086f00000, 0x0000000086f00000| Untracked 
|  58|0x0000000087000000, 0x0000000087000000, 0x0000000087100000|  0%| F|  |TAMS 0x0000000087000000, 0x0000000087000000| Untracked 
|  59|0x0000000087100000, 0x0000000087100000, 0x0000000087200000|  0%| F|  |TAMS 0x0000000087100000, 0x0000000087100000| Untracked 
|  60|0x0000000087200000, 0x0000000087200000, 0x0000000087300000|  0%| F|  |TAMS 0x0000000087200000, 0x0000000087200000| Untracked 
|  61|0x0000000087300000, 0x0000000087300000, 0x0000000087400000|  0%| F|  |TAMS 0x0000000087300000, 0x0000000087300000| Untracked 
|  62|0x0000000087400000, 0x0000000087400000, 0x0000000087500000|  0%| F|  |TAMS 0x0000000087400000, 0x0000000087400000| Untracked 
|  63|0x0000000087500000, 0x0000000087600000, 0x0000000087600000|100%| S|CS|TAMS 0x0000000087500000, 0x0000000087500000| Complete 
|  64|0x0000000087600000, 0x0000000087700000, 0x0000000087700000|100%| S|CS|TAMS 0x0000000087600000, 0x0000000087600000| Complete 
|  65|0x0000000087700000, 0x0000000087800000, 0x0000000087800000|100%| S|CS|TAMS 0x0000000087700000, 0x0000000087700000| Complete 
|  66|0x0000000087800000, 0x0000000087900000, 0x0000000087900000|100%| S|CS|TAMS 0x0000000087800000, 0x0000000087800000| Complete 
|  67|0x0000000087900000, 0x0000000087a00000, 0x0000000087a00000|100%| S|CS|TAMS 0x0000000087900000, 0x0000000087900000| Complete 
|  68|0x0000000087a00000, 0x0000000087a00000, 0x0000000087b00000|  0%| F|  |TAMS 0x0000000087a00000, 0x0000000087a00000| Untracked 
|  69|0x0000000087b00000, 0x0000000087b00000, 0x0000000087c00000|  0%| F|  |TAMS 0x0000000087b00000, 0x0000000087b00000| Untracked 
|  70|0x0000000087c00000, 0x0000000087c00000, 0x0000000087d00000|  0%| F|  |TAMS 0x0000000087c00000, 0x0000000087c00000| Untracked 
|  71|0x0000000087d00000, 0x0000000087d00000, 0x0000000087e00000|  0%| F|  |TAMS 0x0000000087d00000, 0x0000000087d00000| Untracked 
|  72|0x0000000087e00000, 0x0000000087e00000, 0x0000000087f00000|  0%| F|  |TAMS 0x0000000087e00000, 0x0000000087e00000| Untracked 
|  73|0x0000000087f00000, 0x0000000087f00000, 0x0000000088000000|  0%| F|  |TAMS 0x0000000087f00000, 0x0000000087f00000| Untracked 
|  74|0x0000000088000000, 0x0000000088000000, 0x0000000088100000|  0%| F|  |TAMS 0x0000000088000000, 0x0000000088000000| Untracked 
|  75|0x0000000088100000, 0x0000000088100000, 0x0000000088200000|  0%| F|  |TAMS 0x0000000088100000, 0x0000000088100000| Untracked 
|  76|0x0000000088200000, 0x0000000088200000, 0x0000000088300000|  0%| F|  |TAMS 0x0000000088200000, 0x0000000088200000| Untracked 
|  77|0x0000000088300000, 0x0000000088300000, 0x0000000088400000|  0%| F|  |TAMS 0x0000000088300000, 0x0000000088300000| Untracked 
|  78|0x0000000088400000, 0x0000000088400000, 0x0000000088500000|  0%| F|  |TAMS 0x0000000088400000, 0x0000000088400000| Untracked 
|  79|0x0000000088500000, 0x0000000088500000, 0x0000000088600000|  0%| F|  |TAMS 0x0000000088500000, 0x0000000088500000| Untracked 
|  80|0x0000000088600000, 0x0000000088600000, 0x0000000088700000|  0%| F|  |TAMS 0x0000000088600000, 0x0000000088600000| Untracked 
|  81|0x0000000088700000, 0x0000000088700000, 0x0000000088800000|  0%| F|  |TAMS 0x0000000088700000, 0x0000000088700000| Untracked 
|  82|0x0000000088800000, 0x0000000088800000, 0x0000000088900000|  0%| F|  |TAMS 0x0000000088800000, 0x0000000088800000| Untracked 
|  83|0x0000000088900000, 0x0000000088900000, 0x0000000088a00000|  0%| F|  |TAMS 0x0000000088900000, 0x0000000088900000| Untracked 
|  84|0x0000000088a00000, 0x0000000088a00000, 0x0000000088b00000|  0%| F|  |TAMS 0x0000000088a00000, 0x0000000088a00000| Untracked 
|  85|0x0000000088b00000, 0x0000000088b00000, 0x0000000088c00000|  0%| F|  |TAMS 0x0000000088b00000, 0x0000000088b00000| Untracked 
|  86|0x0000000088c00000, 0x0000000088c00000, 0x0000000088d00000|  0%| F|  |TAMS 0x0000000088c00000, 0x0000000088c00000| Untracked 
|  87|0x0000000088d00000, 0x0000000088d00000, 0x0000000088e00000|  0%| F|  |TAMS 0x0000000088d00000, 0x0000000088d00000| Untracked 
|  88|0x0000000088e00000, 0x0000000088e00000, 0x0000000088f00000|  0%| F|  |TAMS 0x0000000088e00000, 0x0000000088e00000| Untracked 
|  89|0x0000000088f00000, 0x0000000088f00000, 0x0000000089000000|  0%| F|  |TAMS 0x0000000088f00000, 0x0000000088f00000| Untracked 
|  90|0x0000000089000000, 0x0000000089000000, 0x0000000089100000|  0%| F|  |TAMS 0x0000000089000000, 0x0000000089000000| Untracked 
|  91|0x0000000089100000, 0x0000000089100000, 0x0000000089200000|  0%| F|  |TAMS 0x0000000089100000, 0x0000000089100000| Untracked 
|  92|0x0000000089200000, 0x0000000089200000, 0x0000000089300000|  0%| F|  |TAMS 0x0000000089200000, 0x0000000089200000| Untracked 
|  93|0x0000000089300000, 0x0000000089300000, 0x0000000089400000|  0%| F|  |TAMS 0x0000000089300000, 0x0000000089300000| Untracked 
|  94|0x0000000089400000, 0x0000000089400000, 0x0000000089500000|  0%| F|  |TAMS 0x0000000089400000, 0x0000000089400000| Untracked 
|  95|0x0000000089500000, 0x0000000089500000, 0x0000000089600000|  0%| F|  |TAMS 0x0000000089500000, 0x0000000089500000| Untracked 
|  96|0x0000000089600000, 0x0000000089600000, 0x0000000089700000|  0%| F|  |TAMS 0x0000000089600000, 0x0000000089600000| Untracked 
|  97|0x0000000089700000, 0x0000000089700000, 0x0000000089800000|  0%| F|  |TAMS 0x0000000089700000, 0x0000000089700000| Untracked 
|  98|0x0000000089800000, 0x0000000089800000, 0x0000000089900000|  0%| F|  |TAMS 0x0000000089800000, 0x0000000089800000| Untracked 
|  99|0x0000000089900000, 0x0000000089900000, 0x0000000089a00000|  0%| F|  |TAMS 0x0000000089900000, 0x0000000089900000| Untracked 
| 100|0x0000000089a00000, 0x0000000089a00000, 0x0000000089b00000|  0%| F|  |TAMS 0x0000000089a00000, 0x0000000089a00000| Untracked 
| 101|0x0000000089b00000, 0x0000000089b00000, 0x0000000089c00000|  0%| F|  |TAMS 0x0000000089b00000, 0x0000000089b00000| Untracked 
| 102|0x0000000089c00000, 0x0000000089c00000, 0x0000000089d00000|  0%| F|  |TAMS 0x0000000089c00000, 0x0000000089c00000| Untracked 
| 103|0x0000000089d00000, 0x0000000089d00000, 0x0000000089e00000|  0%| F|  |TAMS 0x0000000089d00000, 0x0000000089d00000| Untracked 
| 104|0x0000000089e00000, 0x0000000089e00000, 0x0000000089f00000|  0%| F|  |TAMS 0x0000000089e00000, 0x0000000089e00000| Untracked 
| 105|0x0000000089f00000, 0x0000000089f00000, 0x000000008a000000|  0%| F|  |TAMS 0x0000000089f00000, 0x0000000089f00000| Untracked 
| 106|0x000000008a000000, 0x000000008a000000, 0x000000008a100000|  0%| F|  |TAMS 0x000000008a000000, 0x000000008a000000| Untracked 
| 107|0x000000008a100000, 0x000000008a100000, 0x000000008a200000|  0%| F|  |TAMS 0x000000008a100000, 0x000000008a100000| Untracked 
| 108|0x000000008a200000, 0x000000008a200000, 0x000000008a300000|  0%| F|  |TAMS 0x000000008a200000, 0x000000008a200000| Untracked 
| 109|0x000000008a300000, 0x000000008a300000, 0x000000008a400000|  0%| F|  |TAMS 0x000000008a300000, 0x000000008a300000| Untracked 
| 110|0x000000008a400000, 0x000000008a400000, 0x000000008a500000|  0%| F|  |TAMS 0x000000008a400000, 0x000000008a400000| Untracked 
| 111|0x000000008a500000, 0x000000008a500000, 0x000000008a600000|  0%| F|  |TAMS 0x000000008a500000, 0x000000008a500000| Untracked 
| 112|0x000000008a600000, 0x000000008a600000, 0x000000008a700000|  0%| F|  |TAMS 0x000000008a600000, 0x000000008a600000| Untracked 
| 113|0x000000008a700000, 0x000000008a700000, 0x000000008a800000|  0%| F|  |TAMS 0x000000008a700000, 0x000000008a700000| Untracked 
| 114|0x000000008a800000, 0x000000008a800000, 0x000000008a900000|  0%| F|  |TAMS 0x000000008a800000, 0x000000008a800000| Untracked 
| 115|0x000000008a900000, 0x000000008a900000, 0x000000008aa00000|  0%| F|  |TAMS 0x000000008a900000, 0x000000008a900000| Untracked 
| 116|0x000000008aa00000, 0x000000008aa00000, 0x000000008ab00000|  0%| F|  |TAMS 0x000000008aa00000, 0x000000008aa00000| Untracked 
| 117|0x000000008ab00000, 0x000000008ab00000, 0x000000008ac00000|  0%| F|  |TAMS 0x000000008ab00000, 0x000000008ab00000| Untracked 
| 118|0x000000008ac00000, 0x000000008ac00000, 0x000000008ad00000|  0%| F|  |TAMS 0x000000008ac00000, 0x000000008ac00000| Untracked 
| 119|0x000000008ad00000, 0x000000008ad00000, 0x000000008ae00000|  0%| F|  |TAMS 0x000000008ad00000, 0x000000008ad00000| Untracked 
| 120|0x000000008ae00000, 0x000000008ae00000, 0x000000008af00000|  0%| F|  |TAMS 0x000000008ae00000, 0x000000008ae00000| Untracked 
| 121|0x000000008af00000, 0x000000008af00000, 0x000000008b000000|  0%| F|  |TAMS 0x000000008af00000, 0x000000008af00000| Untracked 
| 122|0x000000008b000000, 0x000000008b000000, 0x000000008b100000|  0%| F|  |TAMS 0x000000008b000000, 0x000000008b000000| Untracked 
| 123|0x000000008b100000, 0x000000008b100000, 0x000000008b200000|  0%| F|  |TAMS 0x000000008b100000, 0x000000008b100000| Untracked 
| 124|0x000000008b200000, 0x000000008b200000, 0x000000008b300000|  0%| F|  |TAMS 0x000000008b200000, 0x000000008b200000| Untracked 
| 125|0x000000008b300000, 0x000000008b300000, 0x000000008b400000|  0%| F|  |TAMS 0x000000008b300000, 0x000000008b300000| Untracked 

Card table byte_map: [0x0000016c1b100000,0x0000016c1b4f0000] _byte_map_base: 0x0000016c1ace5000

Marking Bits (Prev, Next): (CMBitMap*) 0x0000016c02247f00, (CMBitMap*) 0x0000016c02247f40
 Prev Bits: [0x0000016c1b8e0000, 0x0000016c1d808000)
 Next Bits: [0x0000016c1d810000, 0x0000016c1f738000)

Polling page: 0x0000016c022c0000

Metaspace:

Usage:
  Non-class:     44.27 MB used.
      Class:      5.97 MB used.
       Both:     50.25 MB used.

Virtual space:
  Non-class space:       64.00 MB reserved,      44.44 MB ( 69%) committed,  1 nodes.
      Class space:        1.00 GB reserved,       6.12 MB ( <1%) committed,  1 nodes.
             Both:        1.06 GB reserved,      50.56 MB (  5%) committed. 

Chunk freelists:
   Non-Class:  2.34 MB
       Class:  9.91 MB
        Both:  12.25 MB

MaxMetaspaceSize: unlimited
CompressedClassSpaceSize: 1.00 GB
Initial GC threshold: 21.00 MB
Current GC threshold: 68.06 MB
CDS: on
MetaspaceReclaimPolicy: balanced
 - commit_granule_bytes: 65536.
 - commit_granule_words: 8192.
 - virtual_space_node_default_size: 8388608.
 - enlarge_chunks_in_place: 1.
 - new_chunks_are_fully_committed: 0.
 - uncommit_free_chunks: 1.
 - use_allocation_guard: 0.
 - handle_deallocations: 1.


Internal statistics:

num_allocs_failed_limit: 36.
num_arena_births: 268.
num_arena_deaths: 0.
num_vsnodes_births: 2.
num_vsnodes_deaths: 0.
num_space_committed: 807.
num_space_uncommitted: 0.
num_chunks_returned_to_freelist: 36.
num_chunks_taken_from_freelist: 2123.
num_chunk_merges: 36.
num_chunk_splits: 1715.
num_chunks_enlarged: 1496.
num_inconsistent_stats: 0.

CodeHeap 'non-profiled nmethods': size=120000Kb used=3989Kb max_used=3989Kb free=116010Kb
 bounds [0x0000016c12d70000, 0x0000016c13160000, 0x0000016c1a2a0000]
CodeHeap 'profiled nmethods': size=120000Kb used=20546Kb max_used=20546Kb free=99453Kb
 bounds [0x0000016c0b2a0000, 0x0000016c0c6c0000, 0x0000016c127d0000]
CodeHeap 'non-nmethods': size=5760Kb used=1307Kb max_used=1425Kb free=4452Kb
 bounds [0x0000016c127d0000, 0x0000016c12a40000, 0x0000016c12d70000]
 total_blobs=7902 nmethods=7297 adapters=514
 compilation: enabled
              stopped_count=0, restarted_count=0
 full_count=0

Compilation events (20 events):
Event: 15.906 Thread 0x0000016c22253350 8157       3       org.jetbrains.kotlin.types.TypeConstructorSubstitution$Companion::create (19 bytes)
Event: 15.906 Thread 0x0000016c22253350 nmethod 8157 0x0000016c0c6a7290 code [0x0000016c0c6a74c0, 0x0000016c0c6a7c48]
Event: 15.906 Thread 0x0000016c22253350 8161       3       org.jetbrains.kotlin.resolve.calls.inference.model.NewConstraintError::<init> (58 bytes)
Event: 15.907 Thread 0x0000016c68392e50 8165       4       org.jetbrains.kotlin.utils.SmartList::add (149 bytes)
Event: 15.922 Thread 0x0000016c22253350 nmethod 8161 0x0000016c0c6a7f10 code [0x0000016c0c6a8260, 0x0000016c0c6a95f8]
Event: 15.922 Thread 0x0000016c22253350 8164       3       org.jetbrains.kotlin.types.checker.NewCapturedTypeKt::captureFromExpression (139 bytes)
Event: 15.924 Thread 0x0000016c22253350 nmethod 8164 0x0000016c0c6a9c90 code [0x0000016c0c6aa2e0, 0x0000016c0c6ad708]
Event: 15.924 Thread 0x0000016c22253350 8163       3       org.jetbrains.kotlin.types.AbstractTypeChecker::effectiveVariance (41 bytes)
Event: 15.925 Thread 0x0000016c22253350 nmethod 8163 0x0000016c0c6ae610 code [0x0000016c0c6ae8c0, 0x0000016c0c6af458]
Event: 15.925 Thread 0x0000016c22253350 8168       1       org.jetbrains.kotlin.resolve.calls.results.FlatSignature::getOrigin (5 bytes)
Event: 15.925 Thread 0x0000016c22253350 nmethod 8168 0x0000016c13154590 code [0x0000016c13154720, 0x0000016c131547f8]
Event: 15.925 Thread 0x0000016c22253350 8162       1       org.jetbrains.kotlin.resolve.calls.results.FlatSignature::getValueParameterTypes (5 bytes)
Event: 15.925 Thread 0x0000016c22253350 nmethod 8162 0x0000016c13154890 code [0x0000016c13154a20, 0x0000016c13154af8]
Event: 15.925 Thread 0x0000016c22253350 8159       3       java.lang.Integer::compareTo (9 bytes)
Event: 15.925 Thread 0x0000016c22253350 nmethod 8159 0x0000016c0c6af810 code [0x0000016c0c6af9e0, 0x0000016c0c6afd98]
Event: 15.925 Thread 0x0000016c22253350 8160       3       org.jetbrains.kotlin.builtins.KotlinBuiltIns::getAny (8 bytes)
Event: 15.925 Thread 0x0000016c22253350 nmethod 8160 0x0000016c0c6afe90 code [0x0000016c0c6b0080, 0x0000016c0c6b0698]
Event: 15.928 Thread 0x0000016c22253350 8171       3       org.jetbrains.kotlin.resolve.calls.smartcasts.DataFlowValueKindUtilsKt::variableKind (259 bytes)
Event: 15.928 Thread 0x0000016c68392e50 nmethod 8165 0x0000016c13154b90 code [0x0000016c13154d20, 0x0000016c13155438]
Event: 15.928 Thread 0x0000016c68392e50 8166       4       org.jetbrains.kotlin.types.KotlinType::equals (56 bytes)

GC Heap History (19 events):
Event: 0.995 GC heap before
{Heap before GC invocations=0 (full 0):
 garbage-first heap   total 129024K, used 27648K [0x0000000083600000, 0x0000000100000000)
  region size 1024K, 23 young (23552K), 0 survivors (0K)
 Metaspace       used 7188K, committed 7360K, reserved 1114112K
  class space    used 758K, committed 832K, reserved 1048576K
}
Event: 1.005 GC heap after
{Heap after GC invocations=1 (full 0):
 garbage-first heap   total 129024K, used 7135K [0x0000000083600000, 0x0000000100000000)
  region size 1024K, 3 young (3072K), 3 survivors (3072K)
 Metaspace       used 7188K, committed 7360K, reserved 1114112K
  class space    used 758K, committed 832K, reserved 1048576K
}
Event: 2.189 GC heap before
{Heap before GC invocations=1 (full 0):
 garbage-first heap   total 129024K, used 42975K [0x0000000083600000, 0x0000000100000000)
  region size 1024K, 36 young (36864K), 3 survivors (3072K)
 Metaspace       used 15275K, committed 15488K, reserved 1114112K
  class space    used 2021K, committed 2112K, reserved 1048576K
}
Event: 2.197 GC heap after
{Heap after GC invocations=2 (full 0):
 garbage-first heap   total 129024K, used 12839K [0x0000000083600000, 0x0000000100000000)
  region size 1024K, 4 young (4096K), 4 survivors (4096K)
 Metaspace       used 15275K, committed 15488K, reserved 1114112K
  class space    used 2021K, committed 2112K, reserved 1048576K
}
Event: 3.129 GC heap before
{Heap before GC invocations=2 (full 0):
 garbage-first heap   total 129024K, used 39463K [0x0000000083600000, 0x0000000100000000)
  region size 1024K, 32 young (32768K), 4 survivors (4096K)
 Metaspace       used 21329K, committed 21504K, reserved 1114112K
  class space    used 2898K, committed 3008K, reserved 1048576K
}
Event: 3.138 GC heap after
{Heap after GC invocations=3 (full 0):
 garbage-first heap   total 129024K, used 14176K [0x0000000083600000, 0x0000000100000000)
  region size 1024K, 8 young (8192K), 8 survivors (8192K)
 Metaspace       used 21329K, committed 21504K, reserved 1114112K
  class space    used 2898K, committed 3008K, reserved 1048576K
}
Event: 5.608 GC heap before
{Heap before GC invocations=4 (full 0):
 garbage-first heap   total 116736K, used 77664K [0x0000000083600000, 0x0000000100000000)
  region size 1024K, 68 young (69632K), 8 survivors (8192K)
 Metaspace       used 34544K, committed 34752K, reserved 1114112K
  class space    used 4308K, committed 4416K, reserved 1048576K
}
Event: 5.632 GC heap after
{Heap after GC invocations=5 (full 0):
 garbage-first heap   total 116736K, used 21758K [0x0000000083600000, 0x0000000100000000)
  region size 1024K, 9 young (9216K), 9 survivors (9216K)
 Metaspace       used 34544K, committed 34752K, reserved 1114112K
  class space    used 4308K, committed 4416K, reserved 1048576K
}
Event: 5.668 GC heap before
{Heap before GC invocations=5 (full 0):
 garbage-first heap   total 116736K, used 22782K [0x0000000083600000, 0x0000000100000000)
  region size 1024K, 10 young (10240K), 9 survivors (9216K)
 Metaspace       used 35110K, committed 35328K, reserved 1114112K
  class space    used 4365K, committed 4480K, reserved 1048576K
}
Event: 5.683 GC heap after
{Heap after GC invocations=6 (full 0):
 garbage-first heap   total 116736K, used 22799K [0x0000000083600000, 0x0000000100000000)
  region size 1024K, 1 young (1024K), 1 survivors (1024K)
 Metaspace       used 35110K, committed 35328K, reserved 1114112K
  class space    used 4365K, committed 4480K, reserved 1048576K
}
Event: 7.564 GC heap before
{Heap before GC invocations=6 (full 0):
 garbage-first heap   total 116736K, used 81167K [0x0000000083600000, 0x0000000100000000)
  region size 1024K, 57 young (58368K), 1 survivors (1024K)
 Metaspace       used 41591K, committed 41792K, reserved 1114112K
  class space    used 5212K, committed 5312K, reserved 1048576K
}
Event: 7.583 GC heap after
{Heap after GC invocations=7 (full 0):
 garbage-first heap   total 116736K, used 27536K [0x0000000083600000, 0x0000000100000000)
  region size 1024K, 6 young (6144K), 6 survivors (6144K)
 Metaspace       used 41591K, committed 41792K, reserved 1114112K
  class space    used 5212K, committed 5312K, reserved 1048576K
}
Event: 11.253 GC heap before
{Heap before GC invocations=8 (full 0):
 garbage-first heap   total 109568K, used 83856K [0x0000000083600000, 0x0000000100000000)
  region size 1024K, 61 young (62464K), 6 survivors (6144K)
 Metaspace       used 45664K, committed 45952K, reserved 1114112K
  class space    used 5603K, committed 5760K, reserved 1048576K
}
Event: 11.282 GC heap after
{Heap after GC invocations=9 (full 0):
 garbage-first heap   total 109568K, used 35816K [0x0000000083600000, 0x0000000100000000)
  region size 1024K, 8 young (8192K), 8 survivors (8192K)
 Metaspace       used 45664K, committed 45952K, reserved 1114112K
  class space    used 5603K, committed 5760K, reserved 1048576K
}
Event: 11.319 GC heap before
{Heap before GC invocations=9 (full 0):
 garbage-first heap   total 109568K, used 36840K [0x0000000083600000, 0x0000000100000000)
  region size 1024K, 9 young (9216K), 8 survivors (8192K)
 Metaspace       used 45710K, committed 46016K, reserved 1114112K
  class space    used 5606K, committed 5760K, reserved 1048576K
}
Event: 11.338 GC heap after
{Heap after GC invocations=10 (full 0):
 garbage-first heap   total 109568K, used 36864K [0x0000000083600000, 0x0000000100000000)
  region size 1024K, 1 young (1024K), 1 survivors (1024K)
 Metaspace       used 45710K, committed 46016K, reserved 1114112K
  class space    used 5606K, committed 5760K, reserved 1048576K
}
Event: 13.000 GC heap before
{Heap before GC invocations=10 (full 0):
 garbage-first heap   total 109568K, used 80896K [0x0000000083600000, 0x0000000100000000)
  region size 1024K, 44 young (45056K), 1 survivors (1024K)
 Metaspace       used 47526K, committed 47808K, reserved 1114112K
  class space    used 5786K, committed 5952K, reserved 1048576K
}
Event: 13.017 GC heap after
{Heap after GC invocations=11 (full 0):
 garbage-first heap   total 109568K, used 41747K [0x0000000083600000, 0x0000000100000000)
  region size 1024K, 6 young (6144K), 6 survivors (6144K)
 Metaspace       used 47526K, committed 47808K, reserved 1114112K
  class space    used 5786K, committed 5952K, reserved 1048576K
}
Event: 15.931 GC heap before
{Heap before GC invocations=11 (full 0):
 garbage-first heap   total 109568K, used 81683K [0x0000000083600000, 0x0000000100000000)
  region size 1024K, 45 young (46080K), 6 survivors (6144K)
 Metaspace       used 51454K, committed 51776K, reserved 1114112K
  class space    used 6117K, committed 6272K, reserved 1048576K
}

Deoptimization events (20 events):
Event: 15.292 Thread 0x0000016c021ee1c0 Uncommon trap: trap_request=0xffffffde fr.pc=0x0000016c12ff12a8 relative=0x0000000000000868
Event: 15.292 Thread 0x0000016c021ee1c0 Uncommon trap: reason=class_check action=maybe_recompile pc=0x0000016c12ff12a8 method=kotlin.collections.CollectionsKt__MutableCollectionsKt.addAll(Ljava/util/Collection;Ljava/lang/Iterable;)Z @ 49 c2
Event: 15.292 Thread 0x0000016c021ee1c0 DEOPT PACKING pc=0x0000016c12ff12a8 sp=0x00000050c36fcaa0
Event: 15.292 Thread 0x0000016c021ee1c0 DEOPT UNPACKING pc=0x0000016c12825ba3 sp=0x00000050c36fcaa8 mode 2
Event: 15.437 Thread 0x0000016c021ee1c0 DEOPT PACKING pc=0x0000016c0b43aa82 sp=0x00000050c36fa490
Event: 15.437 Thread 0x0000016c021ee1c0 DEOPT UNPACKING pc=0x0000016c128266e3 sp=0x00000050c36f99c0 mode 0
Event: 15.496 Thread 0x0000016c021ee1c0 Uncommon trap: trap_request=0xffffffc6 fr.pc=0x0000016c13013e2c relative=0x000000000000158c
Event: 15.496 Thread 0x0000016c021ee1c0 Uncommon trap: reason=bimorphic_or_optimized_type_check action=maybe_recompile pc=0x0000016c13013e2c method=gnu.trove.TObjectHash.insertionIndex(Ljava/lang/Object;)I @ 30 c2
Event: 15.496 Thread 0x0000016c021ee1c0 DEOPT PACKING pc=0x0000016c13013e2c sp=0x00000050c36f6450
Event: 15.496 Thread 0x0000016c021ee1c0 DEOPT UNPACKING pc=0x0000016c12825ba3 sp=0x00000050c36f63f0 mode 2
Event: 15.496 Thread 0x0000016c021ee1c0 Uncommon trap: trap_request=0xffffffc6 fr.pc=0x0000016c13013e2c relative=0x000000000000158c
Event: 15.496 Thread 0x0000016c021ee1c0 Uncommon trap: reason=bimorphic_or_optimized_type_check action=maybe_recompile pc=0x0000016c13013e2c method=gnu.trove.TObjectHash.insertionIndex(Ljava/lang/Object;)I @ 30 c2
Event: 15.496 Thread 0x0000016c021ee1c0 DEOPT PACKING pc=0x0000016c13013e2c sp=0x00000050c36f6450
Event: 15.496 Thread 0x0000016c021ee1c0 DEOPT UNPACKING pc=0x0000016c12825ba3 sp=0x00000050c36f63f0 mode 2
Event: 15.621 Thread 0x0000016c021ee1c0 Uncommon trap: trap_request=0xffffff45 fr.pc=0x0000016c130db66c relative=0x000000000000006c
Event: 15.622 Thread 0x0000016c021ee1c0 Uncommon trap: reason=unstable_if action=reinterpret pc=0x0000016c130db66c method=org.jetbrains.kotlin.types.TypeUtils.noExpectedType(Lorg/jetbrains/kotlin/types/KotlinType;)Z @ 19 c2
Event: 15.622 Thread 0x0000016c021ee1c0 DEOPT PACKING pc=0x0000016c130db66c sp=0x00000050c36f5850
Event: 15.622 Thread 0x0000016c021ee1c0 DEOPT UNPACKING pc=0x0000016c12825ba3 sp=0x00000050c36f57e8 mode 2
Event: 15.634 Thread 0x0000016c021ee1c0 DEOPT PACKING pc=0x0000016c0c3273e8 sp=0x00000050c36fd110
Event: 15.634 Thread 0x0000016c021ee1c0 DEOPT UNPACKING pc=0x0000016c128266e3 sp=0x00000050c36fc6a8 mode 3

Classes unloaded (0 events):
No events

Classes redefined (0 events):
No events

Internal exceptions (20 events):
Event: 7.240 Thread 0x0000016c021ee1c0 Exception <a 'java/lang/NoSuchMethodError'{0x00000000876afcf8}: 'java.lang.Object java.lang.invoke.DirectMethodHandle$Holder.invokeSpecial(java.lang.Object, java.lang.Object, java.lang.Object, java.lang.Object, java.lang.Object, java.lang.Object, java.lang.Object, java.lang.Object, java.lang.Object)'> (0x00000000876afcf8) 
thrown [s\open\src\hotspot\share\interpreter\linkResolver.cpp, line 759]
Event: 7.241 Thread 0x0000016c021ee1c0 Exception <a 'java/lang/NoSuchMethodError'{0x00000000876b4c28}: 'java.lang.Object java.lang.invoke.Invokers$Holder.linkToTargetMethod(java.lang.Object, java.lang.Object, java.lang.Object, java.lang.Object, java.lang.Object, java.lang.Object, java.lang.Object, java.lang.Object)'> (0x00000000876b4c28) 
thrown [s\open\src\hotspot\share\interpreter\linkResolver.cpp, line 759]
Event: 7.402 Thread 0x0000016c021ee1c0 Exception <a 'java/lang/NoSuchMethodError'{0x000000008733a728}: 'java.lang.Object java.lang.invoke.DirectMethodHandle$Holder.newInvokeSpecial(java.lang.Object, java.lang.Object, java.lang.Object, java.lang.Object, java.lang.Object, java.lang.Object)'> (0x000000008733a728) 
thrown [s\open\src\hotspot\share\interpreter\linkResolver.cpp, line 759]
Event: 7.760 Thread 0x0000016c021ee1c0 Implicit null exception at 0x0000016c12f253ea to 0x0000016c12f255a8
Event: 7.784 Thread 0x0000016c021ee1c0 Implicit null exception at 0x0000016c12e5e7cc to 0x0000016c12e5e8a8
Event: 7.909 Thread 0x0000016c021ee1c0 Implicit null exception at 0x0000016c12f16ebd to 0x0000016c12f17984
Event: 7.909 Thread 0x0000016c021ee1c0 Implicit null exception at 0x0000016c12f0e50f to 0x0000016c12f0e540
Event: 9.601 Thread 0x0000016c021ee1c0 Exception <a 'java/lang/NoSuchMethodError'{0x0000000088c6fc20}: 'java.lang.Object java.lang.invoke.DirectMethodHandle$Holder.invokeSpecial(java.lang.Object, java.lang.Object, int, java.lang.Object, java.lang.Object)'> (0x0000000088c6fc20) 
thrown [s\open\src\hotspot\share\interpreter\linkResolver.cpp, line 759]
Event: 10.020 Thread 0x0000016c021ee1c0 Exception <a 'java/lang/NoSuchMethodError'{0x00000000889a27e0}: 'java.lang.Object java.lang.invoke.DirectMethodHandle$Holder.invokeSpecial(java.lang.Object, java.lang.Object, java.lang.Object, java.lang.Object, java.lang.Object, java.lang.Object, int)'> (0x00000000889a27e0) 
thrown [s\open\src\hotspot\share\interpreter\linkResolver.cpp, line 759]
Event: 10.383 Thread 0x0000016c021ee1c0 Exception <a 'java/lang/IncompatibleClassChangeError'{0x00000000887112b8}: Found class java.lang.Object, but interface was expected> (0x00000000887112b8) 
thrown [s\open\src\hotspot\share\interpreter\linkResolver.cpp, line 826]
Event: 10.464 Thread 0x0000016c021ee1c0 Exception <a 'java/lang/NoSuchMethodError'{0x0000000088574e18}: 'int java.lang.invoke.DirectMethodHandle$Holder.invokeInterface(java.lang.Object, java.lang.Object)'> (0x0000000088574e18) 
thrown [s\open\src\hotspot\share\interpreter\linkResolver.cpp, line 759]
Event: 11.169 Thread 0x0000016c021ee1c0 Exception <a 'java/lang/NoSuchMethodError'{0x000000008664ff50}: 'java.lang.Object java.lang.invoke.DirectMethodHandle$Holder.invokeStatic(java.lang.Object, int, java.lang.Object, java.lang.Object)'> (0x000000008664ff50) 
thrown [s\open\src\hotspot\share\interpreter\linkResolver.cpp, line 759]
Event: 11.170 Thread 0x0000016c021ee1c0 Exception <a 'java/lang/NoSuchMethodError'{0x0000000086657f18}: 'java.lang.Object java.lang.invoke.DirectMethodHandle$Holder.newInvokeSpecial(java.lang.Object, int, java.lang.Object)'> (0x0000000086657f18) 
thrown [s\open\src\hotspot\share\interpreter\linkResolver.cpp, line 759]
Event: 11.849 Thread 0x0000016c021ee1c0 Exception <a 'java/lang/NoSuchMethodError'{0x00000000897eeda0}: 'java.lang.Object java.lang.invoke.DirectMethodHandle$Holder.invokeStatic(java.lang.Object, int, java.lang.Object)'> (0x00000000897eeda0) 
thrown [s\open\src\hotspot\share\interpreter\linkResolver.cpp, line 759]
Event: 12.819 Thread 0x0000016c021ee1c0 Implicit null exception at 0x0000016c13028ebc to 0x0000016c13029e74
Event: 13.232 Thread 0x0000016c021ee1c0 Exception <a 'java/lang/NoSuchMethodError'{0x000000008b2a4f28}: 'int java.lang.invoke.DirectMethodHandle$Holder.invokeStaticInit(java.lang.Object, int)'> (0x000000008b2a4f28) 
thrown [s\open\src\hotspot\share\interpreter\linkResolver.cpp, line 759]
Event: 13.542 Thread 0x0000016c021ee1c0 Exception <a 'java/lang/NoSuchMethodError'{0x000000008a3f4fe8}: 'java.lang.Object java.lang.invoke.DirectMethodHandle$Holder.invokeInterface(java.lang.Object, java.lang.Object, java.lang.Object)'> (0x000000008a3f4fe8) 
thrown [s\open\src\hotspot\share\interpreter\linkResolver.cpp, line 759]
Event: 13.543 Thread 0x0000016c021ee1c0 Exception <a 'java/lang/IncompatibleClassChangeError'{0x000000008a3f8958}: Found class java.lang.Object, but interface was expected> (0x000000008a3f8958) 
thrown [s\open\src\hotspot\share\interpreter\linkResolver.cpp, line 826]
Event: 13.551 Thread 0x0000016c021ee1c0 Exception <a 'java/lang/NoSuchMethodError'{0x000000008a235160}: 'java.lang.Object java.lang.invoke.DirectMethodHandle$Holder.newInvokeSpecial(java.lang.Object, java.lang.Object, java.lang.Object, java.lang.Object, java.lang.Object, java.lang.Object, java.lang.Object)'> (0x000000008a235160) 
thrown [s\open\src\hotspot\share\interpreter\linkResolver.cpp, line 759]
Event: 13.552 Thread 0x0000016c021ee1c0 Exception <a 'java/lang/NoSuchMethodError'{0x000000008a239d18}: 'java.lang.Object java.lang.invoke.Invokers$Holder.linkToTargetMethod(java.lang.Object, java.lang.Object, java.lang.Object, java.lang.Object, java.lang.Object, java.lang.Object, java.lang.Object)'> (0x000000008a239d18) 
thrown [s\open\src\hotspot\share\interpreter\linkResolver.cpp, line 759]

VM Operations (20 events):
Event: 14.444 Executing VM operation: HandshakeAllThreads done
Event: 14.445 Executing VM operation: HandshakeAllThreads
Event: 14.445 Executing VM operation: HandshakeAllThreads done
Event: 14.577 Executing VM operation: ICBufferFull
Event: 14.577 Executing VM operation: ICBufferFull done
Event: 15.017 Executing VM operation: ICBufferFull
Event: 15.020 Executing VM operation: ICBufferFull done
Event: 15.324 Executing VM operation: ICBufferFull
Event: 15.332 Executing VM operation: ICBufferFull done
Event: 15.502 Executing VM operation: HandshakeAllThreads
Event: 15.502 Executing VM operation: HandshakeAllThreads done
Event: 15.516 Executing VM operation: HandshakeAllThreads
Event: 15.543 Executing VM operation: HandshakeAllThreads done
Event: 15.557 Executing VM operation: ICBufferFull
Event: 15.559 Executing VM operation: ICBufferFull done
Event: 15.634 Executing VM operation: HandshakeAllThreads
Event: 15.634 Executing VM operation: HandshakeAllThreads done
Event: 15.737 Executing VM operation: ICBufferFull
Event: 15.754 Executing VM operation: ICBufferFull done
Event: 15.930 Executing VM operation: G1CollectForAllocation

Events (20 events):
Event: 12.311 Thread 0x0000016c22256020 flushing nmethod 0x0000016c0bdd3e90
Event: 12.311 Thread 0x0000016c22256020 flushing nmethod 0x0000016c0bddbb10
Event: 12.311 Thread 0x0000016c22256020 flushing nmethod 0x0000016c0bdf0010
Event: 12.311 Thread 0x0000016c22256020 flushing nmethod 0x0000016c0be4ea90
Event: 12.311 Thread 0x0000016c22256020 flushing nmethod 0x0000016c0be90090
Event: 12.311 Thread 0x0000016c22256020 flushing nmethod 0x0000016c0befbb10
Event: 12.311 Thread 0x0000016c22256020 flushing nmethod 0x0000016c0bf0b890
Event: 12.311 Thread 0x0000016c22256020 flushing nmethod 0x0000016c0bf1d210
Event: 12.311 Thread 0x0000016c22256020 flushing nmethod 0x0000016c0bf25710
Event: 12.312 Thread 0x0000016c22256020 flushing nmethod 0x0000016c0bfa3e90
Event: 12.312 Thread 0x0000016c22256020 flushing nmethod 0x0000016c0c01d190
Event: 12.312 Thread 0x0000016c22256020 flushing nmethod 0x0000016c0c020410
Event: 12.312 Thread 0x0000016c22256020 flushing nmethod 0x0000016c0c020d10
Event: 12.312 Thread 0x0000016c22256020 flushing nmethod 0x0000016c0c085e10
Event: 12.312 Thread 0x0000016c22256020 flushing nmethod 0x0000016c0c092890
Event: 12.312 Thread 0x0000016c22256020 flushing nmethod 0x0000016c0c0bbc90
Event: 12.312 Thread 0x0000016c22256020 flushing nmethod 0x0000016c0c0bca10
Event: 14.326 Thread 0x0000016c22256020 flushing nmethod 0x0000016c1305ce10
Event: 14.332 Thread 0x0000016c22256020 flushing nmethod 0x0000016c0b9a6e10
Event: 14.337 Thread 0x0000016c22256020 flushing nmethod 0x0000016c0c09fb90


Dynamic libraries:
0x00007ff7b7dc0000 - 0x00007ff7b7dd0000 	C:\Program Files\Java\jdk-17\bin\java.exe
0x00007ffdf7e70000 - 0x00007ffdf8068000 	C:\Windows\SYSTEM32\ntdll.dll
0x00007ffdf6c10000 - 0x00007ffdf6cd2000 	C:\Windows\System32\KERNEL32.DLL
0x00007ffdf5620000 - 0x00007ffdf5916000 	C:\Windows\System32\KERNELBASE.dll
0x00007ffddb360000 - 0x00007ffddb379000 	C:\Program Files\Java\jdk-17\bin\jli.dll
0x00007ffdf5c40000 - 0x00007ffdf5d40000 	C:\Windows\System32\ucrtbase.dll
0x00007ffdd4730000 - 0x00007ffdd474b000 	C:\Program Files\Java\jdk-17\bin\VCRUNTIME140.dll
0x00007ffdf7ae0000 - 0x00007ffdf7b91000 	C:\Windows\System32\ADVAPI32.dll
0x00007ffdf7c00000 - 0x00007ffdf7c9e000 	C:\Windows\System32\msvcrt.dll
0x00007ffdf7850000 - 0x00007ffdf78ef000 	C:\Windows\System32\sechost.dll
0x00007ffdf78f0000 - 0x00007ffdf7a10000 	C:\Windows\System32\RPCRT4.dll
0x00007ffdf5af0000 - 0x00007ffdf5b17000 	C:\Windows\System32\bcrypt.dll
0x00007ffdf6de0000 - 0x00007ffdf6f7d000 	C:\Windows\System32\USER32.dll
0x00007ffdd9e80000 - 0x00007ffdda11b000 	C:\Windows\WinSxS\amd64_microsoft.windows.common-controls_6595b64144ccf1df_6.0.19041.6280_none_60bc30a171f2f3f3\COMCTL32.dll
0x00007ffdf5560000 - 0x00007ffdf5582000 	C:\Windows\System32\win32u.dll
0x00007ffdf6820000 - 0x00007ffdf684b000 	C:\Windows\System32\GDI32.dll
0x00007ffdf5b20000 - 0x00007ffdf5c39000 	C:\Windows\System32\gdi32full.dll
0x00007ffdf59d0000 - 0x00007ffdf5a6d000 	C:\Windows\System32\msvcp_win.dll
0x00007ffdf2f70000 - 0x00007ffdf2f7a000 	C:\Windows\SYSTEM32\VERSION.dll
0x00007ffdf7130000 - 0x00007ffdf715f000 	C:\Windows\System32\IMM32.DLL
0x00007ffdece80000 - 0x00007ffdece8c000 	C:\Program Files\Java\jdk-17\bin\vcruntime140_1.dll
0x00007ffdc1560000 - 0x00007ffdc15ee000 	C:\Program Files\Java\jdk-17\bin\msvcp140.dll
0x00007ffd7e2b0000 - 0x00007ffd7ee90000 	C:\Program Files\Java\jdk-17\bin\server\jvm.dll
0x00007ffdf7840000 - 0x00007ffdf7848000 	C:\Windows\System32\PSAPI.DLL
0x00007ffdd4250000 - 0x00007ffdd4259000 	C:\Windows\SYSTEM32\WSOCK32.dll
0x00007ffdf72b0000 - 0x00007ffdf731b000 	C:\Windows\System32\WS2_32.dll
0x00007ffde90e0000 - 0x00007ffde9107000 	C:\Windows\SYSTEM32\WINMM.dll
0x00007ffdf3cf0000 - 0x00007ffdf3d02000 	C:\Windows\SYSTEM32\kernel.appcore.dll
0x00007ffde30f0000 - 0x00007ffde30fa000 	C:\Program Files\Java\jdk-17\bin\jimage.dll
0x00007ffdf3aa0000 - 0x00007ffdf3ca1000 	C:\Windows\SYSTEM32\DBGHELP.DLL
0x00007ffdc1430000 - 0x00007ffdc1464000 	C:\Windows\SYSTEM32\dbgcore.DLL
0x00007ffdf5590000 - 0x00007ffdf5612000 	C:\Windows\System32\bcryptPrimitives.dll
0x00007ffdc5e60000 - 0x00007ffdc5e85000 	C:\Program Files\Java\jdk-17\bin\java.dll
0x00007ffdb4260000 - 0x00007ffdb4337000 	C:\Program Files\Java\jdk-17\bin\jsvml.dll
0x00007ffdf5ea0000 - 0x00007ffdf6610000 	C:\Windows\System32\SHELL32.dll
0x00007ffdf3220000 - 0x00007ffdf39c5000 	C:\Windows\SYSTEM32\windows.storage.dll
0x00007ffdf6850000 - 0x00007ffdf6ba3000 	C:\Windows\System32\combase.dll
0x00007ffdf4d90000 - 0x00007ffdf4dbb000 	C:\Windows\SYSTEM32\Wldp.dll
0x00007ffdf7a10000 - 0x00007ffdf7add000 	C:\Windows\System32\OLEAUT32.dll
0x00007ffdf7d80000 - 0x00007ffdf7e2d000 	C:\Windows\System32\SHCORE.dll
0x00007ffdf6610000 - 0x00007ffdf666b000 	C:\Windows\System32\shlwapi.dll
0x00007ffdf5440000 - 0x00007ffdf5464000 	C:\Windows\SYSTEM32\profapi.dll
0x00007ffdde540000 - 0x00007ffdde559000 	C:\Program Files\Java\jdk-17\bin\net.dll
0x00007ffdf14e0000 - 0x00007ffdf15ea000 	C:\Windows\SYSTEM32\WINHTTP.dll
0x00007ffdf4b70000 - 0x00007ffdf4bda000 	C:\Windows\system32\mswsock.dll
0x00007ffdcca00000 - 0x00007ffdcca16000 	C:\Program Files\Java\jdk-17\bin\nio.dll
0x00007ffdc2580000 - 0x00007ffdc2598000 	C:\Program Files\Java\jdk-17\bin\zip.dll
0x00007ffdee6b0000 - 0x00007ffdee6c0000 	C:\Program Files\Java\jdk-17\bin\verify.dll

dbghelp: loaded successfully - version: 4.0.5 - missing functions: none
symbol engine: initialized successfully - sym options: 0x614 - pdb path: .;C:\Program Files\Java\jdk-17\bin;C:\Windows\SYSTEM32;C:\Windows\WinSxS\amd64_microsoft.windows.common-controls_6595b64144ccf1df_6.0.19041.6280_none_60bc30a171f2f3f3;C:\Program Files\Java\jdk-17\bin\server

VM Arguments:
java_command: org.jetbrains.kotlin.cli.jvm.K2JVMCompiler @C:\Users\Lenovo\Desktop\1\mobile boilerplate\node_modules\react-native-safe-area-context\android\build\20251202_9941657948195908309.compiler.options
java_class_path (initial): C:\Users\Lenovo\.gradle\caches\modules-2\files-2.1\org.jetbrains.kotlin\kotlin-compiler-embeddable\1.9.25\6e698f23ca1f74d6672827f61e92c2fe015d1b88\kotlin-compiler-embeddable-1.9.25.jar;C:\Users\Lenovo\.gradle\caches\modules-2\files-2.1\org.jetbrains.kotlin\kotlin-stdlib\1.9.25\f700a2f2b8f0d6d0fde48f56d894dc722fb029d7\kotlin-stdlib-1.9.25.jar;C:\Users\Lenovo\.gradle\caches\modules-2\files-2.1\org.jetbrains.kotlin\kotlin-script-runtime\1.9.25\43cdc99e4582c67c2b60f609d0e4c015d33a8e89\kotlin-script-runtime-1.9.25.jar;C:\Users\Lenovo\.gradle\caches\modules-2\files-2.1\org.jetbrains.kotlin\kotlin-reflect\1.9.25\73023c38b7b20430232893cf9b556dc8486e07a4\kotlin-reflect-1.9.25.jar;C:\Users\Lenovo\.gradle\caches\modules-2\files-2.1\org.jetbrains.kotlin\kotlin-daemon-embeddable\1.9.25\3a1ebb4f98ed480e4774f45e3be215626eb3ae02\kotlin-daemon-embeddable-1.9.25.jar;C:\Users\Lenovo\.gradle\caches\modules-2\files-2.1\org.jetbrains.intellij.deps\trove4j\1.0.20200330\3afb14d5f9ceb459d724e907a21145e8ff394f02\trove4j-1.0.20200330.jar;C:\Users\Lenovo\.gradle\caches\modules-2\files-2.1\org.jetbrains\annotations\13.0\919f0dfe192fb4e063e7dacadee7f8bb9a2672a9\annotations-13.0.jar
Launcher Type: SUN_STANDARD

[Global flags]
     intx CICompilerCount                          = 4                                         {product} {ergonomic}
     uint ConcGCThreads                            = 2                                         {product} {ergonomic}
     uint G1ConcRefinementThreads                  = 8                                         {product} {ergonomic}
   size_t G1HeapRegionSize                         = 1048576                                   {product} {ergonomic}
    uintx GCDrainStackTargetSize                   = 64                                        {product} {ergonomic}
   size_t InitialHeapSize                          = 132120576                                 {product} {ergonomic}
   size_t MarkStackSize                            = 4194304                                   {product} {ergonomic}
   size_t MaxHeapSize                              = 2090860544                                {product} {ergonomic}
   size_t MaxNewSize                               = 1254096896                                {product} {ergonomic}
   size_t MinHeapDeltaBytes                        = 1048576                                   {product} {ergonomic}
   size_t MinHeapSize                              = 8388608                                   {product} {ergonomic}
    uintx NonNMethodCodeHeapSize                   = 5839372                                {pd product} {ergonomic}
    uintx NonProfiledCodeHeapSize                  = 122909434                              {pd product} {ergonomic}
    uintx ProfiledCodeHeapSize                     = 122909434                              {pd product} {ergonomic}
    uintx ReservedCodeCacheSize                    = 251658240                              {pd product} {ergonomic}
     bool SegmentedCodeCache                       = true                                      {product} {ergonomic}
   size_t SoftMaxHeapSize                          = 2090860544                             {manageable} {ergonomic}
     bool UseCompressedClassPointers               = true                           {product lp64_product} {ergonomic}
     bool UseCompressedOops                        = true                           {product lp64_product} {ergonomic}
     bool UseG1GC                                  = true                                      {product} {ergonomic}
     bool UseLargePagesIndividualAllocation        = false                                  {pd product} {ergonomic}

Logging:
Log output configuration:
 #0: stdout all=warning uptime,level,tags
 #1: stderr all=off uptime,level,tags

Environment Variables:
JAVA_HOME=C:\Program Files\Java\jdk-17
CLASSPATH=C:\Users\Lenovo\Desktop\1\mobile boilerplate\android\\gradle\wrapper\gradle-wrapper.jar
PATH=C:\Program Files\Microsoft MPI\Bin\;C:\Program Files\Common Files\Oracle\Java\javapath;C:\Python37\Scripts\;C:\Python37\;C:\Program Files\Python37\Scripts\;C:\Program Files\Python37\;C:\Python312\Scripts\;C:\Python312\;C:\Python311\Scripts\;C:\Python311\;C:\Program Files (x86)\Common Files\Oracle\Java\javapath;C:\Program Files (x86)\VMware\VMware Workstation\bin\;C:\ProgramData\Oracle\Java\javapath;C:\Windows\system32;C:\Windows;C:\Windows\System32\Wbem;C:\Windows\System32\WindowsPowerShell\v1.0\;C:\Windows\System32\OpenSSH\;C:\Program Files\dotnet\;C:\Program Files\Java\jre1.8.0_333\bin;C:\Program Files\Git\cmd;C:\ProgramData\chocolatey\bin;C:\composer;C:\Program Files\Docker\Docker\resources\bin;C:\Program Files\Microsoft SQL Server\150\Tools\Binn\;C:\Program Files\Microsoft SQL Server\Client SDK\ODBC\170\Tools\Binn\;C:\Program Files\p\nodejs\;C:\Program Files\Microsoft MPI\Bin\;C:\Program Files\Common Files\Oracle\Java\javapath;C:\Python37\Scripts\;C:\Python37\;C:\Program Files\Python37\Scripts\;C:\Program Files\Python37\;C:\Python312\Scripts\;C:\Python312\;C:\Python311\Scripts\;C:\Python311\;C:\Program Files (x86)\Common Files\Oracle\Java\javapath;C:\Program Files (x86)\VMware\VMware Workstation\bin\;C:\ProgramData\Oracle\Java\javapath;C:\Windows\system32;C:\Windows;C:\Windows\System32\Wbem;C:\Windows\System32\WindowsPowerShell\v1.0\;C:\Windows\System32\OpenSSH\;C:\Program Files\dotnet\;C:\Program Files\Java\jre1.8.0_333\bin;C:\Program Files\Git\cmd;C:\ProgramData\chocolatey\bin;C:\composer;C:\Program Files\Docker\Docker\resources\bin;C:\Program Files\Microsoft SQL Server\150\Tools\Binn\;C:\Program Files\Microsoft SQL Server\Client SDK\ODBC\170\Tools\Binn\;C:\Program Files\p\nodejs\;C:\Program Files\Microsoft MPI\Bin\;C:\Program Files\Common Files\Oracle\Java\javapath;C:\Python37\Scripts\;C:\Python37\;C:\Program Files\Python37\Scripts\;C:\Program;C:\Users\Lenovo\AppData\Local\Android\Sdk\platform-tools;C:\Users\Lenovo\AppData\Local\Android\Sdk\emulator;
USERNAME=Lenovo
LANG=en_US.UTF-8
OS=Windows_NT
PROCESSOR_IDENTIFIER=Intel64 Family 6 Model 140 Stepping 1, GenuineIntel



---------------  S Y S T E M  ---------------

OS:
 Windows 10 , 64 bit Build 19041 (10.0.19041.5915)
OS uptime: 0 days 23:57 hours
Hyper-V role detected

CPU: total 8 (initial active 8) (4 cores per cpu, 2 threads per core) family 6 model 140 stepping 1 microcode 0x8a, cx8, cmov, fxsr, ht, mmx, 3dnowpref, sse, sse2, sse3, ssse3, sse4.1, sse4.2, popcnt, lzcnt, tsc, tscinvbit, avx, avx2, aes, erms, clmul, bmi1, bmi2, adx, avx512f, avx512dq, avx512cd, avx512bw, avx512vl, sha, fma, vzeroupper, avx512_vpopcntdq, avx512_vpclmulqdq, avx512_vaes, avx512_vnni, clflush, clflushopt, clwb, avx512_vbmi2, avx512_vbmi, hv

Memory: 4k page, system-wide physical 7975M (374M free)
TotalPageFile size 16167M (AvailPageFile size 85M)
current process WorkingSet (physical memory assigned to process): 284M, peak: 295M
current process commit charge ("private bytes"): 344M, peak: 460M

vm_info: Java HotSpot(TM) 64-Bit Server VM (17.0.12+8-LTS-286) for windows-amd64 JRE (17.0.12+8-LTS-286), built on Jun  5 2024 06:46:59 by "mach5one" with MS VC++ 17.6 (VS2022)

END.
