#
# There is insufficient memory for the Java Runtime Environment to continue.
# Native memory allocation (malloc) failed to allocate 271696 bytes for Chunk::new
# Possible reasons:
#   The system is out of physical RAM or swap space
#   The process is running with CompressedOops enabled, and the Java Heap may be blocking the growth of the native heap
# Possible solutions:
#   Reduce memory load on the system
#   Increase physical memory or swap space
#   Check if swap backing store is full
#   Decrease Java heap size (-Xmx/-Xms)
#   Decrease number of Java threads
#   Decrease Java thread stack sizes (-Xss)
#   Set larger code cache with -XX:ReservedCodeCacheSize=
#   JVM is running with Unscaled Compressed Oops mode in which the Java heap is
#     placed in the first 4GB address space. The Java Heap base address is the
#     maximum limit for the native heap growth. Please use -XX:HeapBaseMinAddress
#     to set the Java Heap base and to place the Java Heap above 4GB virtual address.
# This output file may be truncated or incomplete.
#
#  Out of Memory Error (arena.cpp:189), pid=14348, tid=9348
#
# JRE version: Java(TM) SE Runtime Environment (17.0.12+8) (build 17.0.12+8-LTS-286)
# Java VM: Java HotSpot(TM) 64-Bit Server VM (17.0.12+8-LTS-286, mixed mode, sharing, tiered, compressed oops, compressed class ptrs, g1 gc, windows-amd64)
# No core dump will be written. Minidumps are not enabled by default on client versions of Windows
#

---------------  S U M M A R Y ------------

Command Line: -Xmx64m -Xms64m -Dorg.gradle.appname=gradlew org.gradle.wrapper.GradleWrapperMain assembleDebug

Host: 11th Gen Intel(R) Core(TM) i5-1135G7 @ 2.40GHz, 8 cores, 7G,  Windows 10 , 64 bit Build 19041 (10.0.19041.5915)
Time: Tue Dec  2 19:12:03 2025 Morocco Daylight Time elapsed time: 85.246590 seconds (0d 0h 1m 25s)

---------------  T H R E A D  ---------------

Current thread (0x0000026cd58b21f0):  JavaThread "C2 CompilerThread0" daemon [_thread_in_native, id=9348, stack(0x000000af40300000,0x000000af40400000)]


Current CompileTask:
C2:  85246 2288 % !   4       java.io.BufferedReader::readLine @ 139 (327 bytes)

Stack: [0x000000af40300000,0x000000af40400000]
Native frames: (J=compiled Java code, j=interpreted, Vv=VM code, C=native code)
V  [jvm.dll+0x67a04a]
V  [jvm.dll+0x7da4ed]
V  [jvm.dll+0x7dbe33]
V  [jvm.dll+0x7dc4a3]
V  [jvm.dll+0x24508f]
V  [jvm.dll+0xab773]
V  [jvm.dll+0xabd3c]
V  [jvm.dll+0x2aa52f]
V  [jvm.dll+0x581eb9]
V  [jvm.dll+0x21f422]
V  [jvm.dll+0x21f81f]
V  [jvm.dll+0x218aa0]
V  [jvm.dll+0x215b65]
V  [jvm.dll+0x1a2960]
V  [jvm.dll+0x22610b]
V  [jvm.dll+0x2242ab]
V  [jvm.dll+0x79075c]
V  [jvm.dll+0x78abea]
V  [jvm.dll+0x678f35]
C  [ucrtbase.dll+0x21bb2]
C  [KERNEL32.DLL+0x17374]
C  [ntdll.dll+0x4cc91]


---------------  P R O C E S S  ---------------

Threads class SMR info:
_java_thread_list=0x0000026cef48ad00, length=13, elements={
0x0000026cd57eaf80, 0x0000026cd5896e30, 0x0000026cd58977f0, 0x0000026cd58aab30,
0x0000026cd58ab900, 0x0000026cd58aeaf0, 0x0000026cd58afcd0, 0x0000026cd58b21f0,
0x0000026cd58b61a0, 0x0000026ceef85fe0, 0x0000026cef1b62a0, 0x0000026cef1b7fe0,
0x0000026cf4165d50
}

Java Threads: ( => current thread )
  0x0000026cd57eaf80 JavaThread "main" [_thread_in_vm, id=14608, stack(0x000000af3f600000,0x000000af3f700000)]
  0x0000026cd5896e30 JavaThread "Reference Handler" daemon [_thread_blocked, id=15556, stack(0x000000af3fd00000,0x000000af3fe00000)]
  0x0000026cd58977f0 JavaThread "Finalizer" daemon [_thread_blocked, id=14472, stack(0x000000af3fe00000,0x000000af3ff00000)]
  0x0000026cd58aab30 JavaThread "Signal Dispatcher" daemon [_thread_blocked, id=17212, stack(0x000000af3ff00000,0x000000af40000000)]
  0x0000026cd58ab900 JavaThread "Attach Listener" daemon [_thread_blocked, id=13372, stack(0x000000af40000000,0x000000af40100000)]
  0x0000026cd58aeaf0 JavaThread "Service Thread" daemon [_thread_blocked, id=15244, stack(0x000000af40100000,0x000000af40200000)]
  0x0000026cd58afcd0 JavaThread "Monitor Deflation Thread" daemon [_thread_blocked, id=2064, stack(0x000000af40200000,0x000000af40300000)]
=>0x0000026cd58b21f0 JavaThread "C2 CompilerThread0" daemon [_thread_in_native, id=9348, stack(0x000000af40300000,0x000000af40400000)]
  0x0000026cd58b61a0 JavaThread "C1 CompilerThread0" daemon [_thread_blocked, id=7068, stack(0x000000af40400000,0x000000af40500000)]
  0x0000026ceef85fe0 JavaThread "Sweeper thread" daemon [_thread_blocked, id=2888, stack(0x000000af40500000,0x000000af40600000)]
  0x0000026cef1b62a0 JavaThread "Notification Thread" daemon [_thread_blocked, id=3356, stack(0x000000af40600000,0x000000af40700000)]
  0x0000026cef1b7fe0 JavaThread "Common-Cleaner" daemon [_thread_blocked, id=16912, stack(0x000000af40800000,0x000000af40900000)]
  0x0000026cf4165d50 JavaThread "pool-1-thread-1" [_thread_blocked, id=7804, stack(0x000000af40900000,0x000000af40a00000)]

Other Threads:
  0x0000026cd5891040 VMThread "VM Thread" [stack: 0x000000af3fc00000,0x000000af3fd00000] [id=11916]
  0x0000026cef1b6780 WatcherThread [stack: 0x000000af40700000,0x000000af40800000] [id=7376]
  0x0000026cd580c8a0 GCTaskThread "GC Thread#0" [stack: 0x000000af3f700000,0x000000af3f800000] [id=7960]
  0x0000026cef594d50 GCTaskThread "GC Thread#1" [stack: 0x000000af40a00000,0x000000af40b00000] [id=9436]
  0x0000026cef552b10 GCTaskThread "GC Thread#2" [stack: 0x000000af40b00000,0x000000af40c00000] [id=14848]
  0x0000026cef55e850 GCTaskThread "GC Thread#3" [stack: 0x000000af40c00000,0x000000af40d00000] [id=1660]
  0x0000026cf4141250 GCTaskThread "GC Thread#4" [stack: 0x000000af40d00000,0x000000af40e00000] [id=12432]
  0x0000026cf4430460 GCTaskThread "GC Thread#5" [stack: 0x000000af40e00000,0x000000af40f00000] [id=15256]
  0x0000026cf4430720 GCTaskThread "GC Thread#6" [stack: 0x000000af40f00000,0x000000af41000000] [id=18008]
  0x0000026cd580def0 ConcurrentGCThread "G1 Main Marker" [stack: 0x000000af3f800000,0x000000af3f900000] [id=16548]
  0x0000026cd580e800 ConcurrentGCThread "G1 Conc#0" [stack: 0x000000af3f900000,0x000000af3fa00000] [id=5052]
  0x0000026cd586e290 ConcurrentGCThread "G1 Refine#0" [stack: 0x000000af3fa00000,0x000000af3fb00000] [id=8552]
  0x0000026cd586ebc0 ConcurrentGCThread "G1 Service" [stack: 0x000000af3fb00000,0x000000af3fc00000] [id=8404]

Threads with active compile tasks:
C2 CompilerThread0    85262 2288 % !   4       java.io.BufferedReader::readLine @ 139 (327 bytes)

VM state: not at safepoint (normal execution)

VM Mutex/Monitor currently owned by a thread: None

Heap address: 0x00000000fc000000, size: 64 MB, Compressed Oops mode: 32-bit

CDS archive(s) mapped at: [0x0000026c80000000-0x0000026c80bd0000-0x0000026c80bd0000), size 12386304, SharedBaseAddress: 0x0000026c80000000, ArchiveRelocationMode: 1.
Compressed class space mapped at: 0x0000026c81000000-0x0000026cc1000000, reserved size: 1073741824
Narrow klass base: 0x0000026c80000000, Narrow klass shift: 0, Narrow klass range: 0x100000000

GC Precious Log:
 CPUs: 8 total, 8 available
 Memory: 7975M
 Large Page Support: Disabled
 NUMA Support: Disabled
 Compressed Oops: Enabled (32-bit)
 Heap Region Size: 1M
 Heap Min Capacity: 64M
 Heap Initial Capacity: 64M
 Heap Max Capacity: 64M
 Pre-touch: Disabled
 Parallel Workers: 8
 Concurrent Workers: 2
 Concurrent Refinement Workers: 8
 Periodic GC: Disabled

Heap:
 garbage-first heap   total 65536K, used 31101K [0x00000000fc000000, 0x0000000100000000)
  region size 1024K, 23 young (23552K), 4 survivors (4096K)
 Metaspace       used 11035K, committed 11200K, reserved 1114112K
  class space    used 1417K, committed 1472K, reserved 1048576K

Heap Regions: E=young(eden), S=young(survivor), O=old, HS=humongous(starts), HC=humongous(continues), CS=collection set, F=free, OA=open archive, CA=closed archive, TAMS=top-at-mark-start (previous, next)
|   0|0x00000000fc000000, 0x00000000fc100000, 0x00000000fc100000|100%| O|  |TAMS 0x00000000fc000000, 0x00000000fc000000| Untracked 
|   1|0x00000000fc100000, 0x00000000fc200000, 0x00000000fc200000|100%| O|  |TAMS 0x00000000fc100000, 0x00000000fc100000| Untracked 
|   2|0x00000000fc200000, 0x00000000fc300000, 0x00000000fc300000|100%|HS|  |TAMS 0x00000000fc200000, 0x00000000fc200000| Complete 
|   3|0x00000000fc300000, 0x00000000fc400000, 0x00000000fc400000|100%|HC|  |TAMS 0x00000000fc300000, 0x00000000fc300000| Complete 
|   4|0x00000000fc400000, 0x00000000fc500000, 0x00000000fc500000|100%|HC|  |TAMS 0x00000000fc400000, 0x00000000fc400000| Complete 
|   5|0x00000000fc500000, 0x00000000fc600000, 0x00000000fc600000|100%|HC|  |TAMS 0x00000000fc500000, 0x00000000fc500000| Complete 
|   6|0x00000000fc600000, 0x00000000fc700000, 0x00000000fc700000|100%| O|  |TAMS 0x00000000fc600000, 0x00000000fc600000| Untracked 
|   7|0x00000000fc700000, 0x00000000fc800000, 0x00000000fc800000|100%| O|  |TAMS 0x00000000fc700000, 0x00000000fc700000| Untracked 
|   8|0x00000000fc800000, 0x00000000fc894400, 0x00000000fc900000| 57%| O|  |TAMS 0x00000000fc800000, 0x00000000fc800000| Untracked 
|   9|0x00000000fc900000, 0x00000000fc900000, 0x00000000fca00000|  0%| F|  |TAMS 0x00000000fc900000, 0x00000000fc900000| Untracked 
|  10|0x00000000fca00000, 0x00000000fca00000, 0x00000000fcb00000|  0%| F|  |TAMS 0x00000000fca00000, 0x00000000fca00000| Untracked 
|  11|0x00000000fcb00000, 0x00000000fcb00000, 0x00000000fcc00000|  0%| F|  |TAMS 0x00000000fcb00000, 0x00000000fcb00000| Untracked 
|  12|0x00000000fcc00000, 0x00000000fcc00000, 0x00000000fcd00000|  0%| F|  |TAMS 0x00000000fcc00000, 0x00000000fcc00000| Untracked 
|  13|0x00000000fcd00000, 0x00000000fcd00000, 0x00000000fce00000|  0%| F|  |TAMS 0x00000000fcd00000, 0x00000000fcd00000| Untracked 
|  14|0x00000000fce00000, 0x00000000fce00000, 0x00000000fcf00000|  0%| F|  |TAMS 0x00000000fce00000, 0x00000000fce00000| Untracked 
|  15|0x00000000fcf00000, 0x00000000fcf00000, 0x00000000fd000000|  0%| F|  |TAMS 0x00000000fcf00000, 0x00000000fcf00000| Untracked 
|  16|0x00000000fd000000, 0x00000000fd000000, 0x00000000fd100000|  0%| F|  |TAMS 0x00000000fd000000, 0x00000000fd000000| Untracked 
|  17|0x00000000fd100000, 0x00000000fd100000, 0x00000000fd200000|  0%| F|  |TAMS 0x00000000fd100000, 0x00000000fd100000| Untracked 
|  18|0x00000000fd200000, 0x00000000fd200000, 0x00000000fd300000|  0%| F|  |TAMS 0x00000000fd200000, 0x00000000fd200000| Untracked 
|  19|0x00000000fd300000, 0x00000000fd300000, 0x00000000fd400000|  0%| F|  |TAMS 0x00000000fd300000, 0x00000000fd300000| Untracked 
|  20|0x00000000fd400000, 0x00000000fd400000, 0x00000000fd500000|  0%| F|  |TAMS 0x00000000fd400000, 0x00000000fd400000| Untracked 
|  21|0x00000000fd500000, 0x00000000fd500000, 0x00000000fd600000|  0%| F|  |TAMS 0x00000000fd500000, 0x00000000fd500000| Untracked 
|  22|0x00000000fd600000, 0x00000000fd600000, 0x00000000fd700000|  0%| F|  |TAMS 0x00000000fd600000, 0x00000000fd600000| Untracked 
|  23|0x00000000fd700000, 0x00000000fd700000, 0x00000000fd800000|  0%| F|  |TAMS 0x00000000fd700000, 0x00000000fd700000| Untracked 
|  24|0x00000000fd800000, 0x00000000fd800000, 0x00000000fd900000|  0%| F|  |TAMS 0x00000000fd800000, 0x00000000fd800000| Untracked 
|  25|0x00000000fd900000, 0x00000000fd900000, 0x00000000fda00000|  0%| F|  |TAMS 0x00000000fd900000, 0x00000000fd900000| Untracked 
|  26|0x00000000fda00000, 0x00000000fda00000, 0x00000000fdb00000|  0%| F|  |TAMS 0x00000000fda00000, 0x00000000fda00000| Untracked 
|  27|0x00000000fdb00000, 0x00000000fdb00000, 0x00000000fdc00000|  0%| F|  |TAMS 0x00000000fdb00000, 0x00000000fdb00000| Untracked 
|  28|0x00000000fdc00000, 0x00000000fdc00000, 0x00000000fdd00000|  0%| F|  |TAMS 0x00000000fdc00000, 0x00000000fdc00000| Untracked 
|  29|0x00000000fdd00000, 0x00000000fdd00000, 0x00000000fde00000|  0%| F|  |TAMS 0x00000000fdd00000, 0x00000000fdd00000| Untracked 
|  30|0x00000000fde00000, 0x00000000fdecb290, 0x00000000fdf00000| 79%| S|CS|TAMS 0x00000000fde00000, 0x00000000fde00000| Complete 
|  31|0x00000000fdf00000, 0x00000000fe000000, 0x00000000fe000000|100%| S|CS|TAMS 0x00000000fdf00000, 0x00000000fdf00000| Complete 
|  32|0x00000000fe000000, 0x00000000fe100000, 0x00000000fe100000|100%| S|CS|TAMS 0x00000000fe000000, 0x00000000fe000000| Complete 
|  33|0x00000000fe100000, 0x00000000fe200000, 0x00000000fe200000|100%| S|CS|TAMS 0x00000000fe100000, 0x00000000fe100000| Complete 
|  34|0x00000000fe200000, 0x00000000fe200000, 0x00000000fe300000|  0%| F|  |TAMS 0x00000000fe200000, 0x00000000fe200000| Untracked 
|  35|0x00000000fe300000, 0x00000000fe300000, 0x00000000fe400000|  0%| F|  |TAMS 0x00000000fe300000, 0x00000000fe300000| Untracked 
|  36|0x00000000fe400000, 0x00000000fe400000, 0x00000000fe500000|  0%| F|  |TAMS 0x00000000fe400000, 0x00000000fe400000| Untracked 
|  37|0x00000000fe500000, 0x00000000fe500000, 0x00000000fe600000|  0%| F|  |TAMS 0x00000000fe500000, 0x00000000fe500000| Untracked 
|  38|0x00000000fe600000, 0x00000000fe600000, 0x00000000fe700000|  0%| F|  |TAMS 0x00000000fe600000, 0x00000000fe600000| Untracked 
|  39|0x00000000fe700000, 0x00000000fe700000, 0x00000000fe800000|  0%| F|  |TAMS 0x00000000fe700000, 0x00000000fe700000| Untracked 
|  40|0x00000000fe800000, 0x00000000fe800000, 0x00000000fe900000|  0%| F|  |TAMS 0x00000000fe800000, 0x00000000fe800000| Untracked 
|  41|0x00000000fe900000, 0x00000000fe900000, 0x00000000fea00000|  0%| F|  |TAMS 0x00000000fe900000, 0x00000000fe900000| Untracked 
|  42|0x00000000fea00000, 0x00000000fea00000, 0x00000000feb00000|  0%| F|  |TAMS 0x00000000fea00000, 0x00000000fea00000| Untracked 
|  43|0x00000000feb00000, 0x00000000feb00000, 0x00000000fec00000|  0%| F|  |TAMS 0x00000000feb00000, 0x00000000feb00000| Untracked 
|  44|0x00000000fec00000, 0x00000000fec00000, 0x00000000fed00000|  0%| F|  |TAMS 0x00000000fec00000, 0x00000000fec00000| Untracked 
|  45|0x00000000fed00000, 0x00000000fed7ee98, 0x00000000fee00000| 49%| E|  |TAMS 0x00000000fed00000, 0x00000000fed00000| Complete 
|  46|0x00000000fee00000, 0x00000000fef00000, 0x00000000fef00000|100%| E|CS|TAMS 0x00000000fee00000, 0x00000000fee00000| Complete 
|  47|0x00000000fef00000, 0x00000000ff000000, 0x00000000ff000000|100%| E|CS|TAMS 0x00000000fef00000, 0x00000000fef00000| Complete 
|  48|0x00000000ff000000, 0x00000000ff100000, 0x00000000ff100000|100%| E|CS|TAMS 0x00000000ff000000, 0x00000000ff000000| Complete 
|  49|0x00000000ff100000, 0x00000000ff200000, 0x00000000ff200000|100%| E|CS|TAMS 0x00000000ff100000, 0x00000000ff100000| Complete 
|  50|0x00000000ff200000, 0x00000000ff300000, 0x00000000ff300000|100%| E|CS|TAMS 0x00000000ff200000, 0x00000000ff200000| Complete 
|  51|0x00000000ff300000, 0x00000000ff400000, 0x00000000ff400000|100%| E|CS|TAMS 0x00000000ff300000, 0x00000000ff300000| Complete 
|  52|0x00000000ff400000, 0x00000000ff500000, 0x00000000ff500000|100%| E|CS|TAMS 0x00000000ff400000, 0x00000000ff400000| Complete 
|  53|0x00000000ff500000, 0x00000000ff600000, 0x00000000ff600000|100%| E|CS|TAMS 0x00000000ff500000, 0x00000000ff500000| Complete 
|  54|0x00000000ff600000, 0x00000000ff700000, 0x00000000ff700000|100%| E|CS|TAMS 0x00000000ff600000, 0x00000000ff600000| Complete 
|  55|0x00000000ff700000, 0x00000000ff800000, 0x00000000ff800000|100%| E|CS|TAMS 0x00000000ff700000, 0x00000000ff700000| Complete 
|  56|0x00000000ff800000, 0x00000000ff900000, 0x00000000ff900000|100%| E|CS|TAMS 0x00000000ff800000, 0x00000000ff800000| Complete 
|  57|0x00000000ff900000, 0x00000000ffa00000, 0x00000000ffa00000|100%| E|CS|TAMS 0x00000000ff900000, 0x00000000ff900000| Complete 
|  58|0x00000000ffa00000, 0x00000000ffb00000, 0x00000000ffb00000|100%| E|CS|TAMS 0x00000000ffa00000, 0x00000000ffa00000| Complete 
|  59|0x00000000ffb00000, 0x00000000ffc00000, 0x00000000ffc00000|100%| E|CS|TAMS 0x00000000ffb00000, 0x00000000ffb00000| Complete 
|  60|0x00000000ffc00000, 0x00000000ffd00000, 0x00000000ffd00000|100%| E|CS|TAMS 0x00000000ffc00000, 0x00000000ffc00000| Complete 
|  61|0x00000000ffd00000, 0x00000000ffe00000, 0x00000000ffe00000|100%| E|CS|TAMS 0x00000000ffd00000, 0x00000000ffd00000| Complete 
|  62|0x00000000ffe00000, 0x00000000fff00000, 0x00000000fff00000|100%| E|CS|TAMS 0x00000000ffe00000, 0x00000000ffe00000| Complete 
|  63|0x00000000fff00000, 0x0000000100000000, 0x0000000100000000|100%| E|CS|TAMS 0x00000000fff00000, 0x00000000fff00000| Complete 

Card table byte_map: [0x0000026cd37a0000,0x0000026cd37c0000] _byte_map_base: 0x0000026cd2fc0000

Marking Bits (Prev, Next): (CMBitMap*) 0x0000026cd580cdc0, (CMBitMap*) 0x0000026cd580ce00
 Prev Bits: [0x0000026cec3e0000, 0x0000026cec4e0000)
 Next Bits: [0x0000026cec4e0000, 0x0000026cec5e0000)

Polling page: 0x0000026cd3750000

Metaspace:

Usage:
  Non-class:      9.40 MB used.
      Class:      1.38 MB used.
       Both:     10.78 MB used.

Virtual space:
  Non-class space:       64.00 MB reserved,       9.50 MB ( 15%) committed,  1 nodes.
      Class space:        1.00 GB reserved,       1.44 MB ( <1%) committed,  1 nodes.
             Both:        1.06 GB reserved,      10.94 MB (  1%) committed. 

Chunk freelists:
   Non-Class:  5.86 MB
       Class:  14.51 MB
        Both:  20.37 MB

MaxMetaspaceSize: unlimited
CompressedClassSpaceSize: 1.00 GB
Initial GC threshold: 21.00 MB
Current GC threshold: 21.00 MB
CDS: on
MetaspaceReclaimPolicy: balanced
 - commit_granule_bytes: 65536.
 - commit_granule_words: 8192.
 - virtual_space_node_default_size: 8388608.
 - enlarge_chunks_in_place: 1.
 - new_chunks_are_fully_committed: 0.
 - uncommit_free_chunks: 1.
 - use_allocation_guard: 0.
 - handle_deallocations: 1.


Internal statistics:

num_allocs_failed_limit: 0.
num_arena_births: 90.
num_arena_deaths: 0.
num_vsnodes_births: 2.
num_vsnodes_deaths: 0.
num_space_committed: 175.
num_space_uncommitted: 0.
num_chunks_returned_to_freelist: 0.
num_chunks_taken_from_freelist: 398.
num_chunk_merges: 0.
num_chunk_splits: 266.
num_chunks_enlarged: 212.
num_inconsistent_stats: 0.

CodeHeap 'non-profiled nmethods': size=120000Kb used=980Kb max_used=980Kb free=119019Kb
 bounds [0x0000026ce4b80000, 0x0000026ce4df0000, 0x0000026cec0b0000]
CodeHeap 'profiled nmethods': size=120000Kb used=4393Kb max_used=4393Kb free=115606Kb
 bounds [0x0000026cdd0b0000, 0x0000026cdd500000, 0x0000026ce45e0000]
CodeHeap 'non-nmethods': size=5760Kb used=1205Kb max_used=1226Kb free=4554Kb
 bounds [0x0000026ce45e0000, 0x0000026ce4850000, 0x0000026ce4b80000]
 total_blobs=2793 nmethods=2303 adapters=402
 compilation: enabled
              stopped_count=0, restarted_count=0
 full_count=0

Compilation events (20 events):
Event: 85.230 Thread 0x0000026cd58b61a0 nmethod 2287 0x0000026ce4c73a10 code [0x0000026ce4c73ba0, 0x0000026ce4c73c78]
Event: 85.230 Thread 0x0000026cd58b21f0 2288 % !   4       java.io.BufferedReader::readLine @ 139 (327 bytes)
Event: 85.230 Thread 0x0000026cd58b61a0 2289       3       java.util.stream.ReduceOps$3ReducingSink::accept (15 bytes)
Event: 85.231 Thread 0x0000026cd58b61a0 nmethod 2289 0x0000026cdd4f5e90 code [0x0000026cdd4f6040, 0x0000026cdd4f6228]
Event: 85.231 Thread 0x0000026cd58b61a0 2290   !   3       java.nio.file.FileChannelLinesSpliterator::readLine (37 bytes)
Event: 85.231 Thread 0x0000026cd58b61a0 nmethod 2290 0x0000026cdd4f6310 code [0x0000026cdd4f6500, 0x0000026cdd4f68d8]
Event: 85.231 Thread 0x0000026cd58b61a0 2291       3       java.util.stream.Collectors$$Lambda$127/0x0000026c8116e2e0::accept (11 bytes)
Event: 85.231 Thread 0x0000026cd58b61a0 nmethod 2291 0x0000026cdd4f6a90 code [0x0000026cdd4f6c40, 0x0000026cdd4f6f28]
Event: 85.231 Thread 0x0000026cd58b61a0 2294       3       com.google.common.collect.EvictingQueue::delegate (5 bytes)
Event: 85.231 Thread 0x0000026cd58b61a0 nmethod 2294 0x0000026cdd4f7010 code [0x0000026cdd4f71a0, 0x0000026cdd4f72b8]
Event: 85.231 Thread 0x0000026cd58b61a0 2292       3       com.google.common.collect.EvictingQueue::add (48 bytes)
Event: 85.231 Thread 0x0000026cd58b61a0 nmethod 2292 0x0000026cdd4f7390 code [0x0000026cdd4f75a0, 0x0000026cdd4f7c78]
Event: 85.231 Thread 0x0000026cd58b61a0 2293       3       com.google.common.collect.ForwardingCollection::size (10 bytes)
Event: 85.231 Thread 0x0000026cd58b61a0 nmethod 2293 0x0000026cdd4f7e90 code [0x0000026cdd4f8040, 0x0000026cdd4f8288]
Event: 85.231 Thread 0x0000026cd58b61a0 2295       3       java.util.ArrayDeque::remove (5 bytes)
Event: 85.232 Thread 0x0000026cd58b61a0 nmethod 2295 0x0000026cdd4f8390 code [0x0000026cdd4f8560, 0x0000026cdd4f8818]
Event: 85.235 Thread 0x0000026cd58b61a0 2298       3       java.net.URI::match (56 bytes)
Event: 85.235 Thread 0x0000026cd58b61a0 nmethod 2298 0x0000026cdd4f8990 code [0x0000026cdd4f8b40, 0x0000026cdd4f8e38]
Event: 85.238 Thread 0x0000026cd58b61a0 2300       3       jdk.internal.loader.NativeLibraries$NativeLibraryImpl::find (6 bytes)
Event: 85.238 Thread 0x0000026cd58b61a0 nmethod 2300 0x0000026cdd4f8f10 code [0x0000026cdd4f90a0, 0x0000026cdd4f91c8]

GC Heap History (4 events):
Event: 0.570 GC heap before
{Heap before GC invocations=0 (full 0):
 garbage-first heap   total 65536K, used 22528K [0x00000000fc000000, 0x0000000100000000)
  region size 1024K, 23 young (23552K), 0 survivors (0K)
 Metaspace       used 1833K, committed 1920K, reserved 1114112K
  class space    used 159K, committed 192K, reserved 1048576K
}
Event: 0.575 GC heap after
{Heap after GC invocations=1 (full 0):
 garbage-first heap   total 65536K, used 4624K [0x00000000fc000000, 0x0000000100000000)
  region size 1024K, 3 young (3072K), 3 survivors (3072K)
 Metaspace       used 1833K, committed 1920K, reserved 1114112K
  class space    used 159K, committed 192K, reserved 1048576K
}
Event: 3.466 GC heap before
{Heap before GC invocations=1 (full 0):
 garbage-first heap   total 65536K, used 35344K [0x00000000fc000000, 0x0000000100000000)
  region size 1024K, 30 young (30720K), 3 survivors (3072K)
 Metaspace       used 7818K, committed 8064K, reserved 1114112K
  class space    used 1069K, committed 1152K, reserved 1048576K
}
Event: 3.471 GC heap after
{Heap after GC invocations=2 (full 0):
 garbage-first heap   total 65536K, used 12669K [0x00000000fc000000, 0x0000000100000000)
  region size 1024K, 4 young (4096K), 4 survivors (4096K)
 Metaspace       used 7818K, committed 8064K, reserved 1114112K
  class space    used 1069K, committed 1152K, reserved 1048576K
}

Deoptimization events (20 events):
Event: 84.965 Thread 0x0000026cf4165d50 DEOPT PACKING pc=0x0000026cdd4b1df4 sp=0x000000af409fe950
Event: 84.966 Thread 0x0000026cf4165d50 DEOPT UNPACKING pc=0x0000026ce46366e3 sp=0x000000af409fde20 mode 0
Event: 84.983 Thread 0x0000026cf4165d50 DEOPT PACKING pc=0x0000026cdd473c03 sp=0x000000af409fe0a0
Event: 84.983 Thread 0x0000026cf4165d50 DEOPT UNPACKING pc=0x0000026ce46366e3 sp=0x000000af409fd510 mode 0
Event: 85.208 Thread 0x0000026cd57eaf80 Uncommon trap: trap_request=0xffffff45 fr.pc=0x0000026ce4c571c8 relative=0x00000000000005c8
Event: 85.208 Thread 0x0000026cd57eaf80 Uncommon trap: reason=unstable_if action=reinterpret pc=0x0000026ce4c571c8 method=com.esotericsoftware.kryo.io.Input.require(I)I @ 180 c2
Event: 85.208 Thread 0x0000026cd57eaf80 DEOPT PACKING pc=0x0000026ce4c571c8 sp=0x000000af3f6fcf10
Event: 85.208 Thread 0x0000026cd57eaf80 DEOPT UNPACKING pc=0x0000026ce4635ba3 sp=0x000000af3f6fcd10 mode 2
Event: 85.235 Thread 0x0000026cd57eaf80 Uncommon trap: trap_request=0xffffff45 fr.pc=0x0000026ce4bb23c8 relative=0x0000000000000048
Event: 85.235 Thread 0x0000026cd57eaf80 Uncommon trap: reason=unstable_if action=reinterpret pc=0x0000026ce4bb23c8 method=java.net.URI.match(CJJ)Z @ 19 c2
Event: 85.235 Thread 0x0000026cd57eaf80 DEOPT PACKING pc=0x0000026ce4bb23c8 sp=0x000000af3f6fcb30
Event: 85.235 Thread 0x0000026cd57eaf80 DEOPT UNPACKING pc=0x0000026ce4635ba3 sp=0x000000af3f6fcab8 mode 2
Event: 85.235 Thread 0x0000026cd57eaf80 Uncommon trap: trap_request=0xffffff45 fr.pc=0x0000026ce4c2458c relative=0x00000000000001ec
Event: 85.235 Thread 0x0000026cd57eaf80 Uncommon trap: reason=unstable_if action=reinterpret pc=0x0000026ce4c2458c method=java.net.URI.match(CJJ)Z @ 19 c2
Event: 85.235 Thread 0x0000026cd57eaf80 DEOPT PACKING pc=0x0000026ce4c2458c sp=0x000000af3f6fcab0
Event: 85.235 Thread 0x0000026cd57eaf80 DEOPT UNPACKING pc=0x0000026ce4635ba3 sp=0x000000af3f6fc9b0 mode 2
Event: 85.235 Thread 0x0000026cd57eaf80 Uncommon trap: trap_request=0xffffff45 fr.pc=0x0000026ce4c264f4 relative=0x00000000000001d4
Event: 85.235 Thread 0x0000026cd57eaf80 Uncommon trap: reason=unstable_if action=reinterpret pc=0x0000026ce4c264f4 method=java.net.URI$Parser.scan(IILjava/lang/String;)I @ 26 c2
Event: 85.235 Thread 0x0000026cd57eaf80 DEOPT PACKING pc=0x0000026ce4c264f4 sp=0x000000af3f6fcce0
Event: 85.235 Thread 0x0000026cd57eaf80 DEOPT UNPACKING pc=0x0000026ce4635ba3 sp=0x000000af3f6fcc70 mode 2

Classes unloaded (0 events):
No events

Classes redefined (0 events):
No events

Internal exceptions (20 events):
Event: 2.661 Thread 0x0000026cd57eaf80 Exception <a 'java/lang/NoSuchMethodError'{0x00000000fef735a8}: 'java.lang.Object java.lang.invoke.DirectMethodHandle$Holder.newInvokeSpecial(java.lang.Object, java.lang.Object, java.lang.Object, java.lang.Object, java.lang.Object)'> (0x00000000fef735a8) 
thrown [s\open\src\hotspot\share\interpreter\linkResolver.cpp, line 759]
Event: 2.688 Thread 0x0000026cd57eaf80 Exception <a 'java/lang/NoSuchMethodError'{0x00000000fedf8838}: 'void java.lang.invoke.DirectMethodHandle$Holder.invokeSpecial(java.lang.Object, java.lang.Object, java.lang.Object)'> (0x00000000fedf8838) 
thrown [s\open\src\hotspot\share\interpreter\linkResolver.cpp, line 759]
Event: 2.693 Thread 0x0000026cd57eaf80 Implicit null exception at 0x0000026ce4bdcb8f to 0x0000026ce4bdd0c4
Event: 2.693 Thread 0x0000026cd57eaf80 Implicit null exception at 0x0000026ce4bcb90c to 0x0000026ce4bcbe4c
Event: 2.704 Thread 0x0000026cd57eaf80 Exception <a 'java/lang/NoSuchMethodError'{0x00000000feb687d0}: 'java.lang.Object java.lang.invoke.DirectMethodHandle$Holder.invokeStaticInit(java.lang.Object)'> (0x00000000feb687d0) 
thrown [s\open\src\hotspot\share\interpreter\linkResolver.cpp, line 759]
Event: 2.758 Thread 0x0000026cd57eaf80 Exception <a 'java/lang/NoSuchMethodError'{0x00000000fea0ab28}: 'int java.lang.invoke.DirectMethodHandle$Holder.invokeVirtual(java.lang.Object, java.lang.Object, java.lang.Object)'> (0x00000000fea0ab28) 
thrown [s\open\src\hotspot\share\interpreter\linkResolver.cpp, line 759]
Event: 2.811 Thread 0x0000026cd57eaf80 Exception <a 'java/lang/NoSuchMethodError'{0x00000000fe55e008}: 'java.lang.Object java.lang.invoke.DirectMethodHandle$Holder.invokeSpecialIFC(java.lang.Object, java.lang.Object, java.lang.Object, java.lang.Object)'> (0x00000000fe55e008) 
thrown [s\open\src\hotspot\share\interpreter\linkResolver.cpp, line 759]
Event: 2.856 Thread 0x0000026cd57eaf80 Exception <a 'java/lang/NoSuchMethodError'{0x00000000fe228188}: 'java.lang.Object java.lang.invoke.DirectMethodHandle$Holder.invokeStaticInit(java.lang.Object, int, int, int, int)'> (0x00000000fe228188) 
thrown [s\open\src\hotspot\share\interpreter\linkResolver.cpp, line 759]
Event: 3.462 Thread 0x0000026cd57eaf80 Exception <a 'java/lang/NoSuchMethodError'{0x00000000fe2f3310}: 'java.lang.Object java.lang.invoke.DirectMethodHandle$Holder.invokeStaticInit(java.lang.Object, java.lang.Object, int, int, int, int)'> (0x00000000fe2f3310) 
thrown [s\open\src\hotspot\share\interpreter\linkResolver.cpp, line 759]
Event: 3.598 Thread 0x0000026cd57eaf80 Exception <a 'java/lang/NoSuchMethodError'{0x00000000fff48190}: 'void java.lang.invoke.DirectMethodHandle$Holder.invokeStatic(java.lang.Object, java.lang.Object, java.lang.Object)'> (0x00000000fff48190) 
thrown [s\open\src\hotspot\share\interpreter\linkResolver.cpp, line 759]
Event: 3.618 Thread 0x0000026cd57eaf80 Implicit null exception at 0x0000026ce4bc33f2 to 0x0000026ce4bc3a30
Event: 3.619 Thread 0x0000026cd57eaf80 Implicit null exception at 0x0000026ce4bdb8f2 to 0x0000026ce4bdbf48
Event: 6.927 Thread 0x0000026cefd1eab0 Exception <a 'java/lang/NoSuchMethodError'{0x00000000ff50e7a8}: 'void java.lang.invoke.DirectMethodHandle$Holder.invokeStatic(java.lang.Object, long)'> (0x00000000ff50e7a8) 
thrown [s\open\src\hotspot\share\interpreter\linkResolver.cpp, line 759]
Event: 6.928 Thread 0x0000026cefd1eab0 Exception <a 'java/lang/NoSuchMethodError'{0x00000000ff5145b0}: 'java.lang.Object java.lang.invoke.DirectMethodHandle$Holder.newInvokeSpecial(java.lang.Object, long)'> (0x00000000ff5145b0) 
thrown [s\open\src\hotspot\share\interpreter\linkResolver.cpp, line 759]
Event: 6.931 Thread 0x0000026cefd1eab0 Exception <a 'java/lang/NoSuchMethodError'{0x00000000ff51f158}: 'java.lang.Object java.lang.invoke.DirectMethodHandle$Holder.invokeStaticInit(java.lang.Object, java.lang.Object, long, java.lang.Object)'> (0x00000000ff51f158) 
thrown [s\open\src\hotspot\share\interpreter\linkResolver.cpp, line 759]
Event: 6.931 Thread 0x0000026cefd1eab0 Exception <a 'java/lang/NoSuchMethodError'{0x00000000ff5257e0}: 'java.lang.Object java.lang.invoke.DirectMethodHandle$Holder.newInvokeSpecial(java.lang.Object, java.lang.Object, long)'> (0x00000000ff5257e0) 
thrown [s\open\src\hotspot\share\interpreter\linkResolver.cpp, line 759]
Event: 6.932 Thread 0x0000026cefd1eab0 Exception <a 'java/lang/NoSuchMethodError'{0x00000000ff529ad0}: 'java.lang.Object java.lang.invoke.Invokers$Holder.linkToTargetMethod(java.lang.Object, long, java.lang.Object)'> (0x00000000ff529ad0) 
thrown [s\open\src\hotspot\share\interpreter\linkResolver.cpp, line 759]
Event: 85.208 Thread 0x0000026cd57eaf80 Exception <a 'sun/net/ConnectionResetException'{0x00000000fefdb050}: Connection reset> (0x00000000fefdb050) 
thrown [s\open\src\hotspot\share\prims\jni.cpp, line 535]
Event: 85.232 Thread 0x0000026cd57eaf80 Exception <a 'java/lang/NoSuchMethodError'{0x00000000fed394b0}: 'int java.lang.invoke.DirectMethodHandle$Holder.invokeVirtual(java.lang.Object, java.lang.Object)'> (0x00000000fed394b0) 
thrown [s\open\src\hotspot\share\interpreter\linkResolver.cpp, line 759]
Event: 85.236 Thread 0x0000026cd57eaf80 Exception <a 'java/io/IOException'{0x00000000fed45608}: Connection reset by peer> (0x00000000fed45608) 
thrown [s\open\src\hotspot\share\prims\jni.cpp, line 535]

VM Operations (20 events):
Event: 71.258 Executing VM operation: Cleanup
Event: 71.259 Executing VM operation: Cleanup done
Event: 72.266 Executing VM operation: Cleanup
Event: 72.266 Executing VM operation: Cleanup done
Event: 73.275 Executing VM operation: Cleanup
Event: 73.275 Executing VM operation: Cleanup done
Event: 76.294 Executing VM operation: Cleanup
Event: 76.294 Executing VM operation: Cleanup done
Event: 77.303 Executing VM operation: Cleanup
Event: 77.303 Executing VM operation: Cleanup done
Event: 79.321 Executing VM operation: Cleanup
Event: 79.321 Executing VM operation: Cleanup done
Event: 80.328 Executing VM operation: Cleanup
Event: 80.328 Executing VM operation: Cleanup done
Event: 81.335 Executing VM operation: Cleanup
Event: 81.335 Executing VM operation: Cleanup done
Event: 83.356 Executing VM operation: Cleanup
Event: 83.356 Executing VM operation: Cleanup done
Event: 84.360 Executing VM operation: Cleanup
Event: 84.360 Executing VM operation: Cleanup done

Events (20 events):
Event: 85.216 loading class sun/nio/fs/WindowsSecurityDescriptor
Event: 85.216 loading class sun/nio/fs/WindowsSecurityDescriptor done
Event: 85.216 loading class sun/nio/fs/WindowsChannelFactory
Event: 85.217 loading class sun/nio/fs/WindowsChannelFactory done
Event: 85.217 loading class sun/nio/fs/WindowsChannelFactory$1
Event: 85.217 loading class sun/nio/fs/WindowsChannelFactory$1 done
Event: 85.217 loading class sun/nio/fs/WindowsChannelFactory$Flags
Event: 85.217 loading class sun/nio/fs/WindowsChannelFactory$Flags done
Event: 85.217 loading class sun/nio/fs/WindowsChannelFactory$2
Event: 85.217 loading class sun/nio/fs/WindowsChannelFactory$2 done
Event: 85.217 loading class sun/nio/ch/FileChannelImpl$Closer
Event: 85.218 loading class sun/nio/ch/FileChannelImpl$Closer done
Event: 85.220 loading class java/util/stream/Streams$1
Event: 85.221 loading class java/util/stream/Streams$1 done
Event: 85.226 loading class java/lang/invoke/MethodHandle$1
Event: 85.227 loading class java/lang/invoke/MethodHandle$1 done
Event: 85.228 loading class java/nio/file/FileChannelLinesSpliterator$1
Event: 85.228 loading class java/nio/file/FileChannelLinesSpliterator$1 done
Event: 85.228 loading class java/nio/channels/Channels
Event: 85.229 loading class java/nio/channels/Channels done


Dynamic libraries:
0x00007ff7b7dc0000 - 0x00007ff7b7dd0000 	C:\Program Files\Java\jdk-17\bin\java.exe
0x00007ffdf7e70000 - 0x00007ffdf8068000 	C:\Windows\SYSTEM32\ntdll.dll
0x00007ffdf6c10000 - 0x00007ffdf6cd2000 	C:\Windows\System32\KERNEL32.DLL
0x00007ffdf5620000 - 0x00007ffdf5916000 	C:\Windows\System32\KERNELBASE.dll
0x00007ffdf5c40000 - 0x00007ffdf5d40000 	C:\Windows\System32\ucrtbase.dll
0x00007ffdd4730000 - 0x00007ffdd474b000 	C:\Program Files\Java\jdk-17\bin\VCRUNTIME140.dll
0x00007ffddb360000 - 0x00007ffddb379000 	C:\Program Files\Java\jdk-17\bin\jli.dll
0x00007ffdf7ae0000 - 0x00007ffdf7b91000 	C:\Windows\System32\ADVAPI32.dll
0x00007ffdf7c00000 - 0x00007ffdf7c9e000 	C:\Windows\System32\msvcrt.dll
0x00007ffdf7850000 - 0x00007ffdf78ef000 	C:\Windows\System32\sechost.dll
0x00007ffdf78f0000 - 0x00007ffdf7a10000 	C:\Windows\System32\RPCRT4.dll
0x00007ffdf5af0000 - 0x00007ffdf5b17000 	C:\Windows\System32\bcrypt.dll
0x00007ffdf6de0000 - 0x00007ffdf6f7d000 	C:\Windows\System32\USER32.dll
0x00007ffdf5560000 - 0x00007ffdf5582000 	C:\Windows\System32\win32u.dll
0x00007ffdf6820000 - 0x00007ffdf684b000 	C:\Windows\System32\GDI32.dll
0x00007ffdd9e80000 - 0x00007ffdda11b000 	C:\Windows\WinSxS\amd64_microsoft.windows.common-controls_6595b64144ccf1df_6.0.19041.6280_none_60bc30a171f2f3f3\COMCTL32.dll
0x00007ffdf5b20000 - 0x00007ffdf5c39000 	C:\Windows\System32\gdi32full.dll
0x00007ffdf59d0000 - 0x00007ffdf5a6d000 	C:\Windows\System32\msvcp_win.dll
0x00007ffdf2f70000 - 0x00007ffdf2f7a000 	C:\Windows\SYSTEM32\VERSION.dll
0x00007ffdf7130000 - 0x00007ffdf715f000 	C:\Windows\System32\IMM32.DLL
0x00007ffdece80000 - 0x00007ffdece8c000 	C:\Program Files\Java\jdk-17\bin\vcruntime140_1.dll
0x00007ffdc1560000 - 0x00007ffdc15ee000 	C:\Program Files\Java\jdk-17\bin\msvcp140.dll
0x00007ffd7e2b0000 - 0x00007ffd7ee90000 	C:\Program Files\Java\jdk-17\bin\server\jvm.dll
0x00007ffdf7840000 - 0x00007ffdf7848000 	C:\Windows\System32\PSAPI.DLL
0x00007ffde90e0000 - 0x00007ffde9107000 	C:\Windows\SYSTEM32\WINMM.dll
0x00007ffdd4250000 - 0x00007ffdd4259000 	C:\Windows\SYSTEM32\WSOCK32.dll
0x00007ffdf72b0000 - 0x00007ffdf731b000 	C:\Windows\System32\WS2_32.dll
0x00007ffdf3cf0000 - 0x00007ffdf3d02000 	C:\Windows\SYSTEM32\kernel.appcore.dll
0x00007ffde30f0000 - 0x00007ffde30fa000 	C:\Program Files\Java\jdk-17\bin\jimage.dll
0x00007ffdf3aa0000 - 0x00007ffdf3ca1000 	C:\Windows\SYSTEM32\DBGHELP.DLL
0x00007ffdc1430000 - 0x00007ffdc1464000 	C:\Windows\SYSTEM32\dbgcore.DLL
0x00007ffdf5590000 - 0x00007ffdf5612000 	C:\Windows\System32\bcryptPrimitives.dll
0x00007ffdc5e60000 - 0x00007ffdc5e85000 	C:\Program Files\Java\jdk-17\bin\java.dll
0x00007ffdb4260000 - 0x00007ffdb4337000 	C:\Program Files\Java\jdk-17\bin\jsvml.dll
0x00007ffdf5ea0000 - 0x00007ffdf6610000 	C:\Windows\System32\SHELL32.dll
0x00007ffdf3220000 - 0x00007ffdf39c5000 	C:\Windows\SYSTEM32\windows.storage.dll
0x00007ffdf6850000 - 0x00007ffdf6ba3000 	C:\Windows\System32\combase.dll
0x00007ffdf4d90000 - 0x00007ffdf4dbb000 	C:\Windows\SYSTEM32\Wldp.dll
0x00007ffdf7a10000 - 0x00007ffdf7add000 	C:\Windows\System32\OLEAUT32.dll
0x00007ffdf7d80000 - 0x00007ffdf7e2d000 	C:\Windows\System32\SHCORE.dll
0x00007ffdf6610000 - 0x00007ffdf666b000 	C:\Windows\System32\shlwapi.dll
0x00007ffdf5440000 - 0x00007ffdf5464000 	C:\Windows\SYSTEM32\profapi.dll
0x00007ffdde540000 - 0x00007ffdde559000 	C:\Program Files\Java\jdk-17\bin\net.dll
0x00007ffdf14e0000 - 0x00007ffdf15ea000 	C:\Windows\SYSTEM32\WINHTTP.dll
0x00007ffdf4b70000 - 0x00007ffdf4bda000 	C:\Windows\system32\mswsock.dll
0x00007ffdcca00000 - 0x00007ffdcca16000 	C:\Program Files\Java\jdk-17\bin\nio.dll
0x00007ffdc2580000 - 0x00007ffdc2598000 	C:\Program Files\Java\jdk-17\bin\zip.dll
0x00007ffdee6b0000 - 0x00007ffdee6c0000 	C:\Program Files\Java\jdk-17\bin\verify.dll
0x00007ffde33e0000 - 0x00007ffde3407000 	C:\Users\Lenovo\.gradle\native\c067742578af261105cb4f569cf0c3c89f3d7b1fecec35dd04571415982c5e48\windows-amd64\native-platform.dll
0x00007ffdeed70000 - 0x00007ffdeed7a000 	C:\Users\Lenovo\.gradle\native\jansi\1.18\windows64\jansi.dll
0x00007ffdd4a40000 - 0x00007ffdd4a4a000 	C:\Program Files\Java\jdk-17\bin\management.dll
0x00007ffdd4560000 - 0x00007ffdd456b000 	C:\Program Files\Java\jdk-17\bin\management_ext.dll
0x00007ffdf4e30000 - 0x00007ffdf4e48000 	C:\Windows\SYSTEM32\CRYPTSP.dll
0x00007ffdf44b0000 - 0x00007ffdf44e8000 	C:\Windows\system32\rsaenh.dll
0x00007ffdf5400000 - 0x00007ffdf542e000 	C:\Windows\SYSTEM32\USERENV.dll
0x00007ffdf4d00000 - 0x00007ffdf4d0c000 	C:\Windows\SYSTEM32\CRYPTBASE.dll
0x00007ffdf4870000 - 0x00007ffdf48ab000 	C:\Windows\SYSTEM32\IPHLPAPI.DLL
0x00007ffdf7160000 - 0x00007ffdf7168000 	C:\Windows\System32\NSI.dll
0x00007ffdee090000 - 0x00007ffdee0a7000 	C:\Windows\SYSTEM32\dhcpcsvc6.DLL
0x00007ffdedfa0000 - 0x00007ffdedfbd000 	C:\Windows\SYSTEM32\dhcpcsvc.DLL
0x00007ffdf48b0000 - 0x00007ffdf497a000 	C:\Windows\SYSTEM32\DNSAPI.dll
0x00007ffdca610000 - 0x00007ffdca61e000 	C:\Program Files\Java\jdk-17\bin\sunmscapi.dll
0x00007ffdf5d40000 - 0x00007ffdf5e9d000 	C:\Windows\System32\CRYPT32.dll
0x00007ffdf4fb0000 - 0x00007ffdf4fd7000 	C:\Windows\SYSTEM32\ncrypt.dll
0x00007ffdf4f70000 - 0x00007ffdf4fab000 	C:\Windows\SYSTEM32\NTASN1.dll
0x00007ffdc0050000 - 0x00007ffdc0057000 	C:\Windows\system32\wshunix.dll

dbghelp: loaded successfully - version: 4.0.5 - missing functions: none
symbol engine: initialized successfully - sym options: 0x614 - pdb path: .;C:\Program Files\Java\jdk-17\bin;C:\Windows\SYSTEM32;C:\Windows\WinSxS\amd64_microsoft.windows.common-controls_6595b64144ccf1df_6.0.19041.6280_none_60bc30a171f2f3f3;C:\Program Files\Java\jdk-17\bin\server;C:\Users\Lenovo\.gradle\native\c067742578af261105cb4f569cf0c3c89f3d7b1fecec35dd04571415982c5e48\windows-amd64;C:\Users\Lenovo\.gradle\native\jansi\1.18\windows64

VM Arguments:
jvm_args: -Xmx64m -Xms64m -Dorg.gradle.appname=gradlew 
java_command: org.gradle.wrapper.GradleWrapperMain assembleDebug
java_class_path (initial): C:\Users\Lenovo\Desktop\1\mobile boilerplate\android\\gradle\wrapper\gradle-wrapper.jar
Launcher Type: SUN_STANDARD

[Global flags]
     intx CICompilerCount                          = 4                                         {product} {ergonomic}
     uint ConcGCThreads                            = 2                                         {product} {ergonomic}
     uint G1ConcRefinementThreads                  = 8                                         {product} {ergonomic}
   size_t G1HeapRegionSize                         = 1048576                                   {product} {ergonomic}
    uintx GCDrainStackTargetSize                   = 64                                        {product} {ergonomic}
   size_t InitialHeapSize                          = 67108864                                  {product} {command line}
   size_t MarkStackSize                            = 4194304                                   {product} {ergonomic}
   size_t MaxHeapSize                              = 67108864                                  {product} {command line}
   size_t MaxNewSize                               = 39845888                                  {product} {ergonomic}
   size_t MinHeapDeltaBytes                        = 1048576                                   {product} {ergonomic}
   size_t MinHeapSize                              = 67108864                                  {product} {command line}
    uintx NonNMethodCodeHeapSize                   = 5839372                                {pd product} {ergonomic}
    uintx NonProfiledCodeHeapSize                  = 122909434                              {pd product} {ergonomic}
    uintx ProfiledCodeHeapSize                     = 122909434                              {pd product} {ergonomic}
    uintx ReservedCodeCacheSize                    = 251658240                              {pd product} {ergonomic}
     bool SegmentedCodeCache                       = true                                      {product} {ergonomic}
   size_t SoftMaxHeapSize                          = 67108864                               {manageable} {ergonomic}
     bool UseCompressedClassPointers               = true                           {product lp64_product} {ergonomic}
     bool UseCompressedOops                        = true                           {product lp64_product} {ergonomic}
     bool UseG1GC                                  = true                                      {product} {ergonomic}
     bool UseLargePagesIndividualAllocation        = false                                  {pd product} {ergonomic}

Logging:
Log output configuration:
 #0: stdout all=warning uptime,level,tags
 #1: stderr all=off uptime,level,tags

Environment Variables:
JAVA_HOME=C:\Program Files\Java\jdk-17
CLASSPATH=C:\Users\Lenovo\Desktop\1\mobile boilerplate\android\\gradle\wrapper\gradle-wrapper.jar
PATH=C:\Program Files\Microsoft MPI\Bin\;C:\Program Files\Common Files\Oracle\Java\javapath;C:\Python37\Scripts\;C:\Python37\;C:\Program Files\Python37\Scripts\;C:\Program Files\Python37\;C:\Python312\Scripts\;C:\Python312\;C:\Python311\Scripts\;C:\Python311\;C:\Program Files (x86)\Common Files\Oracle\Java\javapath;C:\Program Files (x86)\VMware\VMware Workstation\bin\;C:\ProgramData\Oracle\Java\javapath;C:\Windows\system32;C:\Windows;C:\Windows\System32\Wbem;C:\Windows\System32\WindowsPowerShell\v1.0\;C:\Windows\System32\OpenSSH\;C:\Program Files\dotnet\;C:\Program Files\Java\jre1.8.0_333\bin;C:\Program Files\Git\cmd;C:\ProgramData\chocolatey\bin;C:\composer;C:\Program Files\Docker\Docker\resources\bin;C:\Program Files\Microsoft SQL Server\150\Tools\Binn\;C:\Program Files\Microsoft SQL Server\Client SDK\ODBC\170\Tools\Binn\;C:\Program Files\p\nodejs\;C:\Program Files\Microsoft MPI\Bin\;C:\Program Files\Common Files\Oracle\Java\javapath;C:\Python37\Scripts\;C:\Python37\;C:\Program Files\Python37\Scripts\;C:\Program Files\Python37\;C:\Python312\Scripts\;C:\Python312\;C:\Python311\Scripts\;C:\Python311\;C:\Program Files (x86)\Common Files\Oracle\Java\javapath;C:\Program Files (x86)\VMware\VMware Workstation\bin\;C:\ProgramData\Oracle\Java\javapath;C:\Windows\system32;C:\Windows;C:\Windows\System32\Wbem;C:\Windows\System32\WindowsPowerShell\v1.0\;C:\Windows\System32\OpenSSH\;C:\Program Files\dotnet\;C:\Program Files\Java\jre1.8.0_333\bin;C:\Program Files\Git\cmd;C:\ProgramData\chocolatey\bin;C:\composer;C:\Program Files\Docker\Docker\resources\bin;C:\Program Files\Microsoft SQL Server\150\Tools\Binn\;C:\Program Files\Microsoft SQL Server\Client SDK\ODBC\170\Tools\Binn\;C:\Program Files\p\nodejs\;C:\Program Files\Microsoft MPI\Bin\;C:\Program Files\Common Files\Oracle\Java\javapath;C:\Python37\Scripts\;C:\Python37\;C:\Program Files\Python37\Scripts\;C:\Program;C:\Users\Lenovo\AppData\Local\Android\Sdk\platform-tools;C:\Users\Lenovo\AppData\Local\Android\Sdk\emulator;
USERNAME=Lenovo
LANG=en_US.UTF-8
OS=Windows_NT
PROCESSOR_IDENTIFIER=Intel64 Family 6 Model 140 Stepping 1, GenuineIntel



---------------  S Y S T E M  ---------------

OS:
 Windows 10 , 64 bit Build 19041 (10.0.19041.5915)
OS uptime: 1 days 1:23 hours
Hyper-V role detected

CPU: total 8 (initial active 8) (4 cores per cpu, 2 threads per core) family 6 model 140 stepping 1 microcode 0x8a, cx8, cmov, fxsr, ht, mmx, 3dnowpref, sse, sse2, sse3, ssse3, sse4.1, sse4.2, popcnt, lzcnt, tsc, tscinvbit, avx, avx2, aes, erms, clmul, bmi1, bmi2, adx, avx512f, avx512dq, avx512cd, avx512bw, avx512vl, sha, fma, vzeroupper, avx512_vpopcntdq, avx512_vpclmulqdq, avx512_vaes, avx512_vnni, clflush, clflushopt, clwb, avx512_vbmi2, avx512_vbmi, hv

Memory: 4k page, system-wide physical 7975M (624M free)
TotalPageFile size 16167M (AvailPageFile size 5M)
current process WorkingSet (physical memory assigned to process): 52M, peak: 106M
current process commit charge ("private bytes"): 170M, peak: 172M

vm_info: Java HotSpot(TM) 64-Bit Server VM (17.0.12+8-LTS-286) for windows-amd64 JRE (17.0.12+8-LTS-286), built on Jun  5 2024 06:46:59 by "mach5one" with MS VC++ 17.6 (VS2022)

END.
